#
# A fatal error has been detected by the Java Runtime Environment:
#
#  Internal Error (jvmciRuntime.cpp:1609), pid=3016, tid=3030
#  fatal error: Fatal exception in JVMCI: Error calling jdk.vm.ci.services.Services.serializeSavedProperties
#
# JRE version: OpenJDK Runtime Environment GraalVM CE 22.3.0 (17.0.5+8) (build 17.0.5+8-jvmci-22.3-b08)
# Java VM: OpenJDK 64-Bit Server VM GraalVM CE 22.3.0 (17.0.5+8-jvmci-22.3-b08, mixed mode, sharing, tiered, jvmci, jvmci compiler, compressed oops, compressed class ptrs, parallel gc, linux-amd64)
# Problematic frame:
# V  [libjvm.so+0x972714]  JVMCIRuntime::fatal_exception(JVMCIEnv*, char const*)+0x74
#
# Core dump will be written. Default location: Core dumps may be processed with "/usr/share/apport/apport -p%p -s%s -c%c -d%d -P%P -u%u -g%g -- %E" (or dumping to /home/runner/StudentWalletSkillsUSA/core.3016)
#
# If you would like to submit a bug report, please visit:
#   https://github.com/oracle/graal/issues
#

---------------  S U M M A R Y ------------

Command Line: -XX:ThreadPriorityPolicy=1 -XX:+UnlockExperimentalVMOptions -XX:+EnableJVMCIProduct -XX:JVMCIThreadsPerNativeLibraryRuntime=1 -XX:-UnlockExperimentalVMOptions -Declipse.application=org.eclipse.jdt.ls.core.id1 -Dosgi.bundles.defaultStartLevel=4 -Declipse.product=org.eclipse.jdt.ls.core.product -Dlog.level=ALL -Xverify:none -XX:+UseParallelGC -XX:GCTimeRatio=4 -XX:AdaptiveSizePolicyWeight=90 -Dsun.zip.disableMemoryMapping=true -Xmx512m -Xms100m /nix/store/m6gcpi1ii6rghy04cjwjddcavv7i90df-jdt-language-server-1.9.0/share/java/plugins/org.eclipse.equinox.launcher_1.6.400.v20210924-0641.jar --add-modules=ALL-SYSTEM --add-opens java.base/java.util=ALL-UNNAMED --add-opens java.base/java.lang=ALL-UNNAMED -configuration /home/runner/.cache/jdt-language-server/config -data /home/runner/.cache/jdt-language-server/data/home/runner/StudentWalletSkillsUSA

Host: AMD EPYC 7B12, 8 cores, 1G, Ubuntu 20.04.2 LTS
Time: Tue Jan 31 04:08:47 2023 UTC elapsed time: 1179.330065 seconds (0d 0h 19m 39s)

---------------  T H R E A D  ---------------

Current thread (0x00007f95400b21e0):  JavaThread "JVMCI-native CompilerThread0" daemon [_thread_in_vm, id=3030, stack(0x00007f9524918000,0x00007f9524b18000)]


Current CompileTask:
JVMCI-native:1179330 6539       4       java.io.DataOutputStream::writeUTF (411 bytes)

Stack: [0x00007f9524918000,0x00007f9524b18000],  sp=0x00007f9524b16380,  free space=2040k
Native frames: (J=compiled Java code, j=interpreted, Vv=VM code, C=native code)
V  [libjvm.so+0x972714]  JVMCIRuntime::fatal_exception(JVMCIEnv*, char const*)+0x74
V  [libjvm.so+0x93e2fe]  JVMCIEnv::copy_saved_properties()+0x14e
V  [libjvm.so+0x9732a9]  JVMCIRuntime::initialize(JVMCIEnv*)+0xb19
V  [libjvm.so+0x9738a2]  JVMCIRuntime::get_HotSpotJVMCIRuntime(JVMCIEnv*)+0x12
V  [libjvm.so+0x9749f2]  JVMCIRuntime::compile_method(JVMCIEnv*, JVMCICompiler*, methodHandle const&, int)+0xd2
V  [libjvm.so+0x5b0d20]  CompileBroker::invoke_compiler_on_method(CompileTask*)+0x1470
V  [libjvm.so+0x5b12e8]  CompileBroker::compiler_thread_loop()+0x528
V  [libjvm.so+0xd82460]  JavaThread::thread_main_inner()+0xd0
V  [libjvm.so+0xd85a40]  Thread::call_run()+0xc0
V  [libjvm.so+0xbdb1e1]  thread_native_entry(Thread*)+0xe1

Register to memory mapping:

RAX=0x00007f9544518000 points into unknown readable memory: 0x0000000000000058 | 58 00 00 00 00 00 00 00
RBX=0x00007f9545613398: <offset 0x0000000000ef5398> in /nix/store/gpxl5qgg8kicmcvivwmybwjlpf7wh20l-graalvm17-ce-22.3.0/lib/server/libjvm.so at 0x00007f954471e000
RCX=0x00007f95455cb1e8: <offset 0x0000000000ead1e8> in /nix/store/gpxl5qgg8kicmcvivwmybwjlpf7wh20l-graalvm17-ce-22.3.0/lib/server/libjvm.so at 0x00007f954471e000
RDX=0x0000000000000649 is an unknown value
RSP=0x00007f9524b16380 is pointing into the stack for thread: 0x00007f95400b21e0
RBP=0x00007f9524b163a0 is pointing into the stack for thread: 0x00007f95400b21e0
RSI=0x00007f9545613c48: <offset 0x0000000000ef5c48> in /nix/store/gpxl5qgg8kicmcvivwmybwjlpf7wh20l-graalvm17-ce-22.3.0/lib/server/libjvm.so at 0x00007f954471e000
RDI=0x00000000e0000000 is an oop: [B 
{0x00000000e0000000} - klass: {type array byte}
 - length: 52
R8 =0x00007f9545613398: <offset 0x0000000000ef5398> in /nix/store/gpxl5qgg8kicmcvivwmybwjlpf7wh20l-graalvm17-ce-22.3.0/lib/server/libjvm.so at 0x00007f954471e000
R9 =0x00007f9524b16330 is pointing into the stack for thread: 0x00007f95400b21e0
R10=0x00007f9524b17948 is pointing into the stack for thread: 0x00007f95400b21e0
R11=0x0000000000000293 is an unknown value
R12=0x0 is NULL
R13=0x00007f95400b21e0 is a thread
R14=0x00007f9540000b80 points into unknown readable memory: 0x00007f9545844a38 | 38 4a 84 45 95 7f 00 00
R15=0x00007f9545952e40: <offset 0x0000000001234e40> in /nix/store/gpxl5qgg8kicmcvivwmybwjlpf7wh20l-graalvm17-ce-22.3.0/lib/server/libjvm.so at 0x00007f954471e000


Registers:
RAX=0x00007f9544518000, RBX=0x00007f9545613398, RCX=0x00007f95455cb1e8, RDX=0x0000000000000649
RSP=0x00007f9524b16380, RBP=0x00007f9524b163a0, RSI=0x00007f9545613c48, RDI=0x00000000e0000000
R8 =0x00007f9545613398, R9 =0x00007f9524b16330, R10=0x00007f9524b17948, R11=0x0000000000000293
R12=0x0000000000000000, R13=0x00007f95400b21e0, R14=0x00007f9540000b80, R15=0x00007f9545952e40
RIP=0x00007f9545090714, EFLAGS=0x0000000000010206, CSGSFS=0x002b000000000033, ERR=0x0000000000000006
  TRAPNO=0x000000000000000e

Top of Stack: (sp=0x00007f9524b16380)
0x00007f9524b16380:   00007f9524b16940 00007f95400b21e0
0x00007f9524b16390:   00007f95263588c8 0000000800c417a0
0x00007f9524b163a0:   00007f9524b16500 00007f954505c2fe
0x00007f9524b163b0:   00007f9524b163e0 00007f9524b16440 

Instructions: (pc=0x00007f9545090714)
0x00007f9545090614:   30 e8 f6 cf e8 ff 4c 89 e7 e8 2e 48 d1 ff 84 db
0x00007f9545090624:   75 2a 4d 85 ed 74 04 4d 8b 6d 00 48 83 c4 08 44
0x00007f9545090634:   89 f9 4c 89 f2 4c 89 ee 5b 4c 89 e7 41 5c 41 5d
0x00007f9545090644:   41 5e 41 5f 5d e9 e2 47 d1 ff 66 90 48 83 c4 08
0x00007f9545090654:   5b 41 5c 41 5d 41 5e 41 5f 5d c3 90 31 d2 be 08
0x00007f9545090664:   00 00 00 4c 89 ff e8 b1 78 a3 ff 49 89 c5 e9 37
0x00007f9545090674:   ff ff ff 66 0f 1f 84 00 00 00 00 00 48 8b 7a 08
0x00007f9545090684:   e9 6d ff ff ff 0f 1f 80 00 00 00 00 e8 5b 48 0a
0x00007f9545090694:   00 84 c0 75 89 e9 6a ff ff ff 66 90 55 48 89 e5
0x00007f95450906a4:   41 56 41 55 41 54 49 89 fc 53 48 89 f3 66 48 8d
0x00007f95450906b4:   3d 27 5e 85 00 66 66 48 e8 df 43 8d ff 4c 8b 28
0x00007f95450906c4:   8b 05 be 72 8a 00 85 c0 75 14 ba 01 00 00 00 48
0x00007f95450906d4:   8d 0d ae 72 8a 00 f0 0f b1 11 85 c0 74 4e be c8
0x00007f95450906e4:   00 00 00 4c 89 ef e8 01 0b 41 00 48 8d 05 12 ac
0x00007f95450906f4:   85 00 49 89 d8 48 8d 0d e8 aa 53 00 ba 49 06 00
0x00007f9545090704:   00 48 8d 35 3c 35 58 00 bf 00 00 00 e0 48 8b 00
0x00007f9545090714:   c6 00 58 31 c0 e8 e2 91 c6 ff 5b 41 5c 41 5d 41
0x00007f9545090724:   5e 5d e9 55 34 26 00 0f 1f 44 00 00 48 8d 05 81
0x00007f9545090734:   a3 8b 00 48 89 df 4c 8b 30 e8 9e 43 8d ff 48 89
0x00007f9545090744:   de 48 89 c2 49 8b 06 4c 89 f7 ff 50 08 4c 89 f7
0x00007f9545090754:   e8 a7 5c 27 00 4d 85 e4 74 12 be 01 00 00 00 4c
0x00007f9545090764:   89 e7 e8 35 43 fc ff eb 82 0f 1f 00 be 01 00 00
0x00007f9545090774:   00 4c 89 ef e8 d3 fd ff ff e9 6d ff ff ff 66 66
0x00007f9545090784:   2e 0f 1f 84 00 00 00 00 00 0f 1f 00 55 48 89 e5
0x00007f9545090794:   41 57 41 56 41 55 41 54 53 48 81 ec 08 02 00 00
0x00007f95450907a4:   64 48 8b 04 25 28 00 00 00 48 89 45 c8 8b 07 83
0x00007f95450907b4:   f8 02 0f 84 11 04 00 00 4c 8b 6f 18 49 89 ff 49
0x00007f95450907c4:   89 f4 4d 85 ed 74 14 4c 89 ef e8 5d 57 22 00 41
0x00007f95450907d4:   8b 07 83 f8 02 0f 84 19 04 00 00 48 8d 1d 9a 06
0x00007f95450907e4:   8a 00 4c 8d 35 0b 3c 58 00 eb 38 90 48 85 d2 7f
0x00007f95450907f4:   0d 48 8d 05 b4 c0 85 00 48 83 38 00 7e 0e 41 8b
0x00007f9545090804:   77 2c 4c 89 f7 31 c0 e8 a0 b2 f7 ff 49 8b 7f 18 


Stack slot to memory mapping:
stack at sp + 0 slots: 0x00007f9524b16940 is pointing into the stack for thread: 0x00007f95400b21e0
stack at sp + 1 slots: 0x00007f95400b21e0 is a thread
stack at sp + 2 slots: 0x00007f95263588c8 points into unknown readable memory: 0x6573001880c9ffff | ff ff c9 80 18 00 73 65
stack at sp + 3 slots: 0x0000000800c417a0 is a pointer to class: 
jdk.vm.ci.services.Services {0x0000000800c417a0}
 - instance size:     2
 - klass size:        65
 - access:            public final synchronized 
 - state:             fully_initialized
 - name:              'jdk/vm/ci/services/Services'
 - super:             'java/lang/Object'
 - sub:               
 - arrays:            NULL
 - methods:           Array<T>(0x00007f9525442008)
 - method ordering:   Array<T>(0x0000000800928960)
 - default_methods:   Array<T>(0x0000000000000000)
 - local interfaces:  Array<T>(0x00000008005ce810)
 - trans. interfaces: Array<T>(0x00000008005ce810)
 - constants:         constant pool [427] {0x00007f95254410e8} for 'jdk/vm/ci/services/Services' cache=0x00007f9525443750
 - class loader data:  loader data: 0x00007f95400283f0 of 'bootstrap'
 - source file:       'Services.java'
 - class annotations:       Array<T>(0x0000000000000000)
 - class type annotations:  Array<T>(0x0000000000000000)
 - field annotations:       Array<T>(0x0000000000000000)
 - field type annotations:  Array<T>(0x0000000000000000)
 - inner classes:     Array<T>(0x00007f95254432a8)
 - nest members:     Array<T>(0x00007f95254432c8)
 - permitted subclasses:     Array<T>(0x00000008005ce7a0)
 - java mirror:       a 'java/lang/Class'{0x00000000e02a70a0} = 'jdk/vm/ci/services/Services'
 - vtable length      5  (start addr: 0x0000000800c41970)
 - itable length      2 (start addr: 0x0000000800c41998)
 - ---- static fields (3 words):
 - public static final 'IS_BUILDING_NATIVE_IMAGE' 'Z' @128 
 - public static final 'IS_IN_NATIVE_IMAGE' 'Z' @129 
 - private static volatile 'savedProperties' 'Ljava/util/Map;' @112 
 - static final 'JVMCI_ENABLED' 'Z' @130 
 - private static final 'servicesCache' 'Ljava/util/Map;' @116 
 - private static final 'MAX_UNICODE_IN_UTF8_LENGTH' 'I' @120 
 - private static final 'MAX_UTF8_PROPERTY_STRING_LENGTH' 'I' @124 
 - ---- non-static fields (0 words):
 - non-static oop maps: 
stack at sp + 4 slots: 0x00007f9524b16500 is pointing into the stack for thread: 0x00007f95400b21e0
stack at sp + 5 slots: 0x00007f954505c2fe: <offset 0x000000000093e2fe> in /nix/store/gpxl5qgg8kicmcvivwmybwjlpf7wh20l-graalvm17-ce-22.3.0/lib/server/libjvm.so at 0x00007f954471e000
stack at sp + 6 slots: 0x00007f9524b163e0 is pointing into the stack for thread: 0x00007f95400b21e0
stack at sp + 7 slots: 0x00007f9524b16440 is pointing into the stack for thread: 0x00007f95400b21e0


---------------  P R O C E S S  ---------------

Threads class SMR info:
_java_thread_list=0x00007f94ac1fd3a0, length=30, elements={
0x00007f9540026690, 0x00007f95400a64d0, 0x00007f95400a7910, 0x00007f95400ae050,
0x00007f95400af400, 0x00007f95400b07f0, 0x00007f95400b21e0, 0x00007f95400b36f0,
0x00007f95400b4b40, 0x00007f95400df950, 0x00007f9540127af0, 0x00007f9540305350,
0x00007f9540335800, 0x00007f954034b420, 0x00007f94d802f3d0, 0x00007f94d842bc30,
0x00007f94d80e5760, 0x00007f94d876cdc0, 0x00007f95403494d0, 0x00007f9540406c00,
0x00007f94c0001130, 0x00007f94b0000ff0, 0x00007f94a40901f0, 0x00007f94ac1f8820,
0x00007f94ac1f8da0, 0x00007f94ac1fa1f0, 0x00007f94ac1fa800, 0x00007f94ac1fb140,
0x00007f94ac1fbb60, 0x00007f94ac1fc900
}

Java Threads: ( => current thread )
  0x00007f9540026690 JavaThread "main" [_thread_blocked, id=3022, stack(0x00007f9544539000,0x00007f9544639000)]
  0x00007f95400a64d0 JavaThread "Reference Handler" daemon [_thread_blocked, id=3025, stack(0x00007f95251fe000,0x00007f95252fe000)]
  0x00007f95400a7910 JavaThread "Finalizer" daemon [_thread_blocked, id=3026, stack(0x00007f95250fe000,0x00007f95251fe000)]
  0x00007f95400ae050 JavaThread "Signal Dispatcher" daemon [_thread_blocked, id=3027, stack(0x00007f9524d18000,0x00007f9524e18000)]
  0x00007f95400af400 JavaThread "Service Thread" daemon [_thread_blocked, id=3028, stack(0x00007f9524c18000,0x00007f9524d18000)]
  0x00007f95400b07f0 JavaThread "Monitor Deflation Thread" daemon [_thread_blocked, id=3029, stack(0x00007f9524b18000,0x00007f9524c18000)]
=>0x00007f95400b21e0 JavaThread "JVMCI-native CompilerThread0" daemon [_thread_in_vm, id=3030, stack(0x00007f9524918000,0x00007f9524b18000)]
  0x00007f95400b36f0 JavaThread "C1 CompilerThread0" daemon [_thread_blocked, id=3031, stack(0x00007f9524718000,0x00007f9524918000)]
  0x00007f95400b4b40 JavaThread "Sweeper thread" daemon [_thread_blocked, id=3032, stack(0x00007f9524618000,0x00007f9524718000)]
  0x00007f95400df950 JavaThread "Common-Cleaner" daemon [_thread_blocked, id=3033, stack(0x00007f9524518000,0x00007f9524618000)]
  0x00007f9540127af0 JavaThread "Notification Thread" daemon [_thread_blocked, id=3034, stack(0x00007f9524418000,0x00007f9524518000)]
  0x00007f9540305350 JavaThread "Active Thread: Equinox Container: 76b3c18b-6e31-47f4-bb87-b2713426610d" [_thread_blocked, id=3050, stack(0x00007f95241b3000,0x00007f95242b3000)]
  0x00007f9540335800 JavaThread "Framework Event Dispatcher: Equinox Container: 76b3c18b-6e31-47f4-bb87-b2713426610d" daemon [_thread_blocked, id=3056, stack(0x00007f95240b3000,0x00007f95241b3000)]
  0x00007f954034b420 JavaThread "Start Level: Equinox Container: 76b3c18b-6e31-47f4-bb87-b2713426610d" daemon [_thread_blocked, id=3057, stack(0x00007f94ec900000,0x00007f94eca00000)]
  0x00007f94d802f3d0 JavaThread "SCR Component Actor" daemon [_thread_blocked, id=3058, stack(0x00007f94ec500000,0x00007f94ec600000)]
  0x00007f94d842bc30 JavaThread "Worker-JM" [_thread_blocked, id=3068, stack(0x00007f94ebb00000,0x00007f94ebc00000)]
  0x00007f94d80e5760 JavaThread "Java indexing" daemon [_thread_blocked, id=3080, stack(0x00007f94eb700000,0x00007f94eb800000)]
  0x00007f94d876cdc0 JavaThread "Bundle File Closer" daemon [_thread_blocked, id=3084, stack(0x00007f94eb600000,0x00007f94eb700000)]
  0x00007f95403494d0 JavaThread "pool-3-thread-1" [_thread_blocked, id=3090, stack(0x00007f94ec400000,0x00007f94ec500000)]
  0x00007f9540406c00 JavaThread "pool-2-thread-1" [_thread_blocked, id=3099, stack(0x00007f94eb500000,0x00007f94eb600000)]
  0x00007f94c0001130 JavaThread "Worker-3: Compacting resource model" [_thread_blocked, id=3100, stack(0x00007f94eb400000,0x00007f94eb500000)]
  0x00007f94b0000ff0 JavaThread "Worker-4: Periodic workspace save." [_thread_blocked, id=3101, stack(0x00007f94eb300000,0x00007f94eb400000)]
  0x00007f94a40901f0 JavaThread "Worker-5: Java indexing... " [_thread_blocked, id=3134, stack(0x00007f94eb200000,0x00007f94eb300000)]
  0x00007f94ac1f8820 JavaThread "Thread-3" [_thread_blocked, id=4860, stack(0x00007f94eb800000,0x00007f94eb900000)]
  0x00007f94ac1f8da0 JavaThread "Thread-4" [_thread_blocked, id=5271, stack(0x00007f94eb900000,0x00007f94eba00000)]
  0x00007f94ac1fa1f0 JavaThread "Thread-5" [_thread_blocked, id=5527, stack(0x00007f94eba00000,0x00007f94ebb00000)]
  0x00007f94ac1fa800 JavaThread "Thread-6" [_thread_blocked, id=5592, stack(0x00007f94eb100000,0x00007f94eb200000)]
  0x00007f94ac1fb140 JavaThread "Thread-7" [_thread_blocked, id=5622, stack(0x00007f94eb000000,0x00007f94eb100000)]
  0x00007f94ac1fbb60 JavaThread "Thread-8" [_thread_blocked, id=5911, stack(0x00007f94eaf00000,0x00007f94eb000000)]
  0x00007f94ac1fc900 JavaThread "Thread-9" [_thread_blocked, id=5967, stack(0x00007f94edb00000,0x00007f94edc00000)]

Other Threads:
  0x00007f95400a1c10 VMThread "VM Thread" [stack: 0x00007f9525300000,0x00007f9525400000] [id=3024] _threads_hazard_ptr=0x00007f94ac1fd3a0
  0x00007f9540129880 WatcherThread [stack: 0x00007f9524318000,0x00007f9524418000] [id=3035]
  0x00007f954003df30 GCTaskThread "GC Thread#0" [stack: 0x00007f95440fc000,0x00007f95441fc000] [id=3023]

Threads with active compile tasks:
JVMCI-native CompilerThread0  1179407 6539       4       java.io.DataOutputStream::writeUTF (411 bytes)

VM state: synchronizing (normal execution)

VM Mutex/Monitor currently owned by a thread:  ([mutex/lock_event])
[0x00007f9540023840] Threads_lock - owner thread: 0x00007f95400a1c10
[0x00007f9540023ff0] Heap_lock - owner thread: 0x00007f94ac1fbb60

OutOfMemory and StackOverflow Exception counts:
OutOfMemoryError java_heap_errors=8
LinkageErrors=50

Heap address: 0x00000000e0000000, size: 512 MB, Compressed Oops mode: 32-bit

CDS archive(s) mapped at: [0x0000000800000000-0x0000000800bc8000-0x0000000800bc8000), size 12353536, SharedBaseAddress: 0x0000000800000000, ArchiveRelocationMode: 0.
Compressed class space mapped at: 0x0000000800c00000-0x0000000840c00000, reserved size: 1073741824
Narrow klass base: 0x0000000800000000, Narrow klass shift: 0, Narrow klass range: 0x100000000

GC Precious Log:
 CPUs: 8 total, 1 available
 Memory: 1024M
 Large Page Support: Disabled
 NUMA Support: Disabled
 Compressed Oops: Enabled (32-bit)
 Alignments: Space 512K, Generation 512K, Heap 2M
 Heap Min Capacity: 100M
 Heap Initial Capacity: 100M
 Heap Max Capacity: 512M
 Pre-touch: Disabled
 Parallel Workers: 1

Heap:
 PSYoungGen      total 52736K, used 29184K [0x00000000f5580000, 0x00000000fa500000, 0x0000000100000000)
  eden space 29184K, 100% used [0x00000000f5580000,0x00000000f7200000,0x00000000f7200000)
  from space 23552K, 0% used [0x00000000f8e00000,0x00000000f8e00000,0x00000000fa500000)
  to   space 11776K, 0% used [0x00000000f7200000,0x00000000f7200000,0x00000000f7d80000)
 ParOldGen       total 349696K, used 349695K [0x00000000e0000000, 0x00000000f5580000, 0x00000000f5580000)
  object space 349696K, 99% used [0x00000000e0000000,0x00000000f557fff0,0x00000000f5580000)
 Metaspace       used 47929K, committed 48704K, reserved 1097728K
  class space    used 4762K, committed 5120K, reserved 1048576K

Card table byte_map: [0x00007f95441fc000,0x00007f95442fd000] _byte_map_base: 0x00007f9543afc000

Marking Bits: (ParMarkBitMap*) 0x00007f954594c4c0
 Begin Bits: [0x00007f95264b3000, 0x00007f9526cb3000)
 End Bits:   [0x00007f9526cb3000, 0x00007f95274b3000)

Polling page: 0x00007f9544516000

Metaspace:

Usage:
  Non-class:     42.16 MB used.
      Class:      4.65 MB used.
       Both:     46.81 MB used.

Virtual space:
  Non-class space:       48.00 MB reserved,      42.56 MB ( 89%) committed,  6 nodes.
      Class space:        1.00 GB reserved,       5.00 MB ( <1%) committed,  1 nodes.
             Both:        1.05 GB reserved,      47.56 MB (  4%) committed. 

Chunk freelists:
   Non-Class:  603.00 KB
       Class:  3.07 MB
        Both:  3.66 MB

MaxMetaspaceSize: unlimited
CompressedClassSpaceSize: 1.00 GB
Initial GC threshold: 21.00 MB
Current GC threshold: 79.06 MB
CDS: on
MetaspaceReclaimPolicy: balanced
 - commit_granule_bytes: 65536.
 - commit_granule_words: 8192.
 - virtual_space_node_default_size: 1048576.
 - enlarge_chunks_in_place: 1.
 - new_chunks_are_fully_committed: 0.
 - uncommit_free_chunks: 1.
 - use_allocation_guard: 0.
 - handle_deallocations: 1.


Internal statistics:

num_allocs_failed_limit: 6.
num_arena_births: 344.
num_arena_deaths: 56.
num_vsnodes_births: 7.
num_vsnodes_deaths: 0.
num_space_committed: 760.
num_space_uncommitted: 0.
num_chunks_returned_to_freelist: 74.
num_chunks_taken_from_freelist: 2285.
num_chunk_merges: 28.
num_chunk_splits: 1507.
num_chunks_enlarged: 990.
num_purges: 10.
num_inconsistent_stats: 0.

CodeHeap 'non-profiled nmethods': size=120036Kb used=2245Kb max_used=2245Kb free=117790Kb
 bounds [0x00007f952ef7a000, 0x00007f952f1ea000, 0x00007f95364b3000]
CodeHeap 'profiled nmethods': size=120032Kb used=11124Kb max_used=11433Kb free=108907Kb
 bounds [0x00007f9527a42000, 0x00007f9528572000, 0x00007f952ef7a000]
CodeHeap 'non-nmethods': size=5692Kb used=1338Kb max_used=1348Kb free=4353Kb
 bounds [0x00007f95274b3000, 0x00007f9527723000, 0x00007f9527a42000]
 total_blobs=5759 nmethods=5084 adapters=571
 compilation: enabled
              stopped_count=0, restarted_count=0
 full_count=0

JVMCI Events (20 events):
Event: 1050.641 Thread 0x00007f95400b21e0 destroyed JavaVM[6]@0x00007f94e3a9e340 for JVMCI runtime 0
Event: 1050.641 Thread 0x00007f95400b21e0 compacted oop handles in JVMCI runtime 0 from 52 to 52
Event: 1050.641 Thread 0x00007f95400b21e0 releasing handles for JVMCI runtime 0: oop handles=52, metadata handles={total=96, live=94, blocks=35}
Event: 1050.641 Thread 0x00007f95400b21e0 detached from JVMCI runtime 0
Event: 1070.150 Thread 0x00007f95400b21e0 attached to JVMCI runtime 0
Event: 1070.152 Thread 0x00007f95400b21e0 created JavaVM[7]@0x00007f94e3a9e340 for JVMCI runtime 0
Event: 1070.152 Thread 0x00007f95400b21e0 initializing JVMCI runtime 0
Event: 1070.152 Thread 0x00007f95400b21e0 done waiting for JavaVM references initialization in JVMCI runtime 0
Event: 1084.812 Thread 0x00007f95400b21e0 initialized JVMCI runtime 0
Event: 1101.642 Thread 0x00007f95400b21e0 detaching from JVMCI runtime 0: releasing idle compiler thread (0 other threads still attached)
Event: 1101.642 Thread 0x00007f95400b21e0 shutting down HotSpotJVMCIRuntime for JVMCI runtime 0
Event: 1101.643 Thread 0x00007f95400b21e0 shut down JVMCI runtime 0
Event: 1102.933 Thread 0x00007f95400b21e0 destroyed JavaVM[7]@0x00007f94e3a9e340 for JVMCI runtime 0
Event: 1102.933 Thread 0x00007f95400b21e0 compacted oop handles in JVMCI runtime 0 from 121 to 121
Event: 1102.933 Thread 0x00007f95400b21e0 releasing handles for JVMCI runtime 0: oop handles=121, metadata handles={total=169, live=168, blocks=35}
Event: 1102.933 Thread 0x00007f95400b21e0 detached from JVMCI runtime 0
Event: 1114.744 Thread 0x00007f95400b21e0 attached to JVMCI runtime 0
Event: 1114.745 Thread 0x00007f95400b21e0 created JavaVM[8]@0x00007f94e3a9e340 for JVMCI runtime 0
Event: 1114.745 Thread 0x00007f95400b21e0 initializing JVMCI runtime 0
Event: 1114.745 Thread 0x00007f95400b21e0 done waiting for JavaVM references initialization in JVMCI runtime 0

Compilation events (20 events):
Event: 1066.310 Thread 0x00007f95400b36f0 nmethod 6531 0x00007f95280ab410 code [0x00007f95280ab5c0, 0x00007f95280ab720]
Event: 1066.311 Thread 0x00007f95400b36f0 6532       3       java.util.TreeMap::get (19 bytes)
Event: 1066.311 Thread 0x00007f95400b36f0 nmethod 6532 0x00007f952807fb10 code [0x00007f952807fcc0, 0x00007f952807fe80]
Event: 1070.150 Thread 0x00007f95400b21e0 6533       4       java.util.Collections$UnmodifiableCollection::isEmpty (10 bytes)
Event: 1080.938 Thread 0x00007f95400b36f0 6536       3       org.eclipse.core.internal.resources.Project::getProject (2 bytes)
Event: 1082.268 Thread 0x00007f95400b36f0 nmethod 6536 0x00007f952807f790 code [0x00007f952807f920, 0x00007f952807fa30]
Event: 1084.837 Thread 0x00007f95400b21e0 nmethod 6533 0x00007f952f1a9e90 code [0x00007f952f1aa060, 0x00007f952f1aa230]
Event: 1084.837 Thread 0x00007f95400b21e0 6535  s    4       org.eclipse.jdt.internal.core.JavaModelManager::getInfo (36 bytes)
Event: 1090.132 Thread 0x00007f95400b21e0 nmethod 6535 0x00007f952f1aa410 code [0x00007f952f1aa660, 0x00007f952f1aac60]
Event: 1090.132 Thread 0x00007f95400b21e0 6534       4       java.util.regex.Pattern::append (43 bytes)
Event: 1095.110 Thread 0x00007f95400b21e0 nmethod 6534 0x00007f952f1ab090 code [0x00007f952f1ab220, 0x00007f952f1ab380]
Event: 1095.110 Thread 0x00007f95400b36f0 6538   !   3       org.eclipse.jdt.internal.core.Openable::exists (114 bytes)
Event: 1095.112 Thread 0x00007f95400b36f0 nmethod 6538 0x00007f9527d91e10 code [0x00007f9527d92140, 0x00007f9527d95d30]
Event: 1114.744 Thread 0x00007f95400b21e0 6539       4       java.io.DataOutputStream::writeUTF (411 bytes)
Event: 1145.944 Thread 0x00007f95400b36f0 6540       3       jdk.internal.reflect.ClassFileAssembler::emitConstantPoolClass (23 bytes)
Event: 1145.944 Thread 0x00007f95400b36f0 nmethod 6540 0x00007f9527d91590 code [0x00007f9527d91780, 0x00007f9527d91ba0]
Event: 1149.942 Thread 0x00007f95400b36f0 6541       3       jdk.internal.reflect.ClassFileAssembler::getLength (11 bytes)
Event: 1149.942 Thread 0x00007f95400b36f0 nmethod 6541 0x00007f9527d91110 code [0x00007f9527d912c0, 0x00007f9527d91490]
Event: 1152.536 Thread 0x00007f95400b36f0 6542   !   3       org.eclipse.core.internal.localstore.FileSystemResourceManager::getStore (32 bytes)
Event: 1161.233 Thread 0x00007f95400b36f0 nmethod 6542 0x00007f952825da90 code [0x00007f952825dcc0, 0x00007f952825e760]

GC Heap History (20 events):
Event: 1166.459 GC heap before
{Heap before GC invocations=868 (full 792):
 PSYoungGen      total 52736K, used 29184K [0x00000000f5580000, 0x00000000fa500000, 0x0000000100000000)
  eden space 29184K, 100% used [0x00000000f5580000,0x00000000f7200000,0x00000000f7200000)
  from space 23552K, 0% used [0x00000000f8e00000,0x00000000f8e00000,0x00000000fa500000)
  to   space 11776K, 0% used [0x00000000f7200000,0x00000000f7200000,0x00000000f7d80000)
 ParOldGen       total 349696K, used 349695K [0x00000000e0000000, 0x00000000f5580000, 0x00000000f5580000)
  object space 349696K, 99% used [0x00000000e0000000,0x00000000f557fff8,0x00000000f5580000)
 Metaspace       used 47928K, committed 48704K, reserved 1097728K
  class space    used 4762K, committed 5120K, reserved 1048576K
}
Event: 1167.650 GC heap after
{Heap after GC invocations=868 (full 792):
 PSYoungGen      total 40960K, used 29184K [0x00000000f5580000, 0x00000000fa500000, 0x0000000100000000)
  eden space 29184K, 100% used [0x00000000f5580000,0x00000000f7200000,0x00000000f7200000)
  from space 11776K, 0% used [0x00000000f7200000,0x00000000f7200000,0x00000000f7d80000)
  to   space 23552K, 0% used [0x00000000f8e00000,0x00000000f8e00000,0x00000000fa500000)
 ParOldGen       total 349696K, used 349695K [0x00000000e0000000, 0x00000000f5580000, 0x00000000f5580000)
  object space 349696K, 99% used [0x00000000e0000000,0x00000000f557fff8,0x00000000f5580000)
 Metaspace       used 47928K, committed 48704K, reserved 1097728K
  class space    used 4762K, committed 5120K, reserved 1048576K
}
Event: 1167.650 GC heap before
{Heap before GC invocations=869 (full 793):
 PSYoungGen      total 40960K, used 29184K [0x00000000f5580000, 0x00000000fa500000, 0x0000000100000000)
  eden space 29184K, 100% used [0x00000000f5580000,0x00000000f7200000,0x00000000f7200000)
  from space 11776K, 0% used [0x00000000f7200000,0x00000000f7200000,0x00000000f7d80000)
  to   space 23552K, 0% used [0x00000000f8e00000,0x00000000f8e00000,0x00000000fa500000)
 ParOldGen       total 349696K, used 349695K [0x00000000e0000000, 0x00000000f5580000, 0x00000000f5580000)
  object space 349696K, 99% used [0x00000000e0000000,0x00000000f557fff8,0x00000000f5580000)
 Metaspace       used 47928K, committed 48704K, reserved 1097728K
  class space    used 4762K, committed 5120K, reserved 1048576K
}
Event: 1168.951 GC heap after
{Heap after GC invocations=869 (full 793):
 PSYoungGen      total 52736K, used 29184K [0x00000000f5580000, 0x00000000fa500000, 0x0000000100000000)
  eden space 29184K, 100% used [0x00000000f5580000,0x00000000f7200000,0x00000000f7200000)
  from space 23552K, 0% used [0x00000000f8e00000,0x00000000f8e00000,0x00000000fa500000)
  to   space 11776K, 0% used [0x00000000f7200000,0x00000000f7200000,0x00000000f7d80000)
 ParOldGen       total 349696K, used 349695K [0x00000000e0000000, 0x00000000f5580000, 0x00000000f5580000)
  object space 349696K, 99% used [0x00000000e0000000,0x00000000f557fff8,0x00000000f5580000)
 Metaspace       used 47928K, committed 48704K, reserved 1097728K
  class space    used 4762K, committed 5120K, reserved 1048576K
}
Event: 1168.951 GC heap before
{Heap before GC invocations=870 (full 794):
 PSYoungGen      total 52736K, used 29184K [0x00000000f5580000, 0x00000000fa500000, 0x0000000100000000)
  eden space 29184K, 100% used [0x00000000f5580000,0x00000000f7200000,0x00000000f7200000)
  from space 23552K, 0% used [0x00000000f8e00000,0x00000000f8e00000,0x00000000fa500000)
  to   space 11776K, 0% used [0x00000000f7200000,0x00000000f7200000,0x00000000f7d80000)
 ParOldGen       total 349696K, used 349695K [0x00000000e0000000, 0x00000000f5580000, 0x00000000f5580000)
  object space 349696K, 99% used [0x00000000e0000000,0x00000000f557fff8,0x00000000f5580000)
 Metaspace       used 47928K, committed 48704K, reserved 1097728K
  class space    used 4762K, committed 5120K, reserved 1048576K
}
Event: 1170.110 GC heap after
{Heap after GC invocations=870 (full 794):
 PSYoungGen      total 40960K, used 29184K [0x00000000f5580000, 0x00000000fa500000, 0x0000000100000000)
  eden space 29184K, 100% used [0x00000000f5580000,0x00000000f7200000,0x00000000f7200000)
  from space 11776K, 0% used [0x00000000f7200000,0x00000000f7200000,0x00000000f7d80000)
  to   space 23552K, 0% used [0x00000000f8e00000,0x00000000f8e00000,0x00000000fa500000)
 ParOldGen       total 349696K, used 349695K [0x00000000e0000000, 0x00000000f5580000, 0x00000000f5580000)
  object space 349696K, 99% used [0x00000000e0000000,0x00000000f557fff8,0x00000000f5580000)
 Metaspace       used 47928K, committed 48704K, reserved 1097728K
  class space    used 4762K, committed 5120K, reserved 1048576K
}
Event: 1170.110 GC heap before
{Heap before GC invocations=871 (full 795):
 PSYoungGen      total 40960K, used 29184K [0x00000000f5580000, 0x00000000fa500000, 0x0000000100000000)
  eden space 29184K, 100% used [0x00000000f5580000,0x00000000f7200000,0x00000000f7200000)
  from space 11776K, 0% used [0x00000000f7200000,0x00000000f7200000,0x00000000f7d80000)
  to   space 23552K, 0% used [0x00000000f8e00000,0x00000000f8e00000,0x00000000fa500000)
 ParOldGen       total 349696K, used 349695K [0x00000000e0000000, 0x00000000f5580000, 0x00000000f5580000)
  object space 349696K, 99% used [0x00000000e0000000,0x00000000f557fff8,0x00000000f5580000)
 Metaspace       used 47928K, committed 48704K, reserved 1097728K
  class space    used 4762K, committed 5120K, reserved 1048576K
}
Event: 1171.414 GC heap after
{Heap after GC invocations=871 (full 795):
 PSYoungGen      total 52736K, used 29184K [0x00000000f5580000, 0x00000000fa500000, 0x0000000100000000)
  eden space 29184K, 100% used [0x00000000f5580000,0x00000000f7200000,0x00000000f7200000)
  from space 23552K, 0% used [0x00000000f8e00000,0x00000000f8e00000,0x00000000fa500000)
  to   space 11776K, 0% used [0x00000000f7200000,0x00000000f7200000,0x00000000f7d80000)
 ParOldGen       total 349696K, used 349695K [0x00000000e0000000, 0x00000000f5580000, 0x00000000f5580000)
  object space 349696K, 99% used [0x00000000e0000000,0x00000000f557fff8,0x00000000f5580000)
 Metaspace       used 47928K, committed 48704K, reserved 1097728K
  class space    used 4762K, committed 5120K, reserved 1048576K
}
Event: 1171.415 GC heap before
{Heap before GC invocations=872 (full 796):
 PSYoungGen      total 52736K, used 29184K [0x00000000f5580000, 0x00000000fa500000, 0x0000000100000000)
  eden space 29184K, 100% used [0x00000000f5580000,0x00000000f7200000,0x00000000f7200000)
  from space 23552K, 0% used [0x00000000f8e00000,0x00000000f8e00000,0x00000000fa500000)
  to   space 11776K, 0% used [0x00000000f7200000,0x00000000f7200000,0x00000000f7d80000)
 ParOldGen       total 349696K, used 349695K [0x00000000e0000000, 0x00000000f5580000, 0x00000000f5580000)
  object space 349696K, 99% used [0x00000000e0000000,0x00000000f557fff8,0x00000000f5580000)
 Metaspace       used 47928K, committed 48704K, reserved 1097728K
  class space    used 4762K, committed 5120K, reserved 1048576K
}
Event: 1172.849 GC heap after
{Heap after GC invocations=872 (full 796):
 PSYoungGen      total 40960K, used 29184K [0x00000000f5580000, 0x00000000fa500000, 0x0000000100000000)
  eden space 29184K, 100% used [0x00000000f5580000,0x00000000f7200000,0x00000000f7200000)
  from space 11776K, 0% used [0x00000000f7200000,0x00000000f7200000,0x00000000f7d80000)
  to   space 23552K, 0% used [0x00000000f8e00000,0x00000000f8e00000,0x00000000fa500000)
 ParOldGen       total 349696K, used 349695K [0x00000000e0000000, 0x00000000f5580000, 0x00000000f5580000)
  object space 349696K, 99% used [0x00000000e0000000,0x00000000f557ffd8,0x00000000f5580000)
 Metaspace       used 47928K, committed 48704K, reserved 1097728K
  class space    used 4762K, committed 5120K, reserved 1048576K
}
Event: 1172.849 GC heap before
{Heap before GC invocations=873 (full 797):
 PSYoungGen      total 40960K, used 29184K [0x00000000f5580000, 0x00000000fa500000, 0x0000000100000000)
  eden space 29184K, 100% used [0x00000000f5580000,0x00000000f7200000,0x00000000f7200000)
  from space 11776K, 0% used [0x00000000f7200000,0x00000000f7200000,0x00000000f7d80000)
  to   space 23552K, 0% used [0x00000000f8e00000,0x00000000f8e00000,0x00000000fa500000)
 ParOldGen       total 349696K, used 349695K [0x00000000e0000000, 0x00000000f5580000, 0x00000000f5580000)
  object space 349696K, 99% used [0x00000000e0000000,0x00000000f557ffd8,0x00000000f5580000)
 Metaspace       used 47928K, committed 48704K, reserved 1097728K
  class space    used 4762K, committed 5120K, reserved 1048576K
}
Event: 1174.140 GC heap after
{Heap after GC invocations=873 (full 797):
 PSYoungGen      total 52736K, used 29184K [0x00000000f5580000, 0x00000000fa500000, 0x0000000100000000)
  eden space 29184K, 100% used [0x00000000f5580000,0x00000000f7200000,0x00000000f7200000)
  from space 23552K, 0% used [0x00000000f8e00000,0x00000000f8e00000,0x00000000fa500000)
  to   space 11776K, 0% used [0x00000000f7200000,0x00000000f7200000,0x00000000f7d80000)
 ParOldGen       total 349696K, used 349695K [0x00000000e0000000, 0x00000000f5580000, 0x00000000f5580000)
  object space 349696K, 99% used [0x00000000e0000000,0x00000000f557ffd8,0x00000000f5580000)
 Metaspace       used 47928K, committed 48704K, reserved 1097728K
  class space    used 4762K, committed 5120K, reserved 1048576K
}
Event: 1174.140 GC heap before
{Heap before GC invocations=874 (full 798):
 PSYoungGen      total 52736K, used 29184K [0x00000000f5580000, 0x00000000fa500000, 0x0000000100000000)
  eden space 29184K, 100% used [0x00000000f5580000,0x00000000f7200000,0x00000000f7200000)
  from space 23552K, 0% used [0x00000000f8e00000,0x00000000f8e00000,0x00000000fa500000)
  to   space 11776K, 0% used [0x00000000f7200000,0x00000000f7200000,0x00000000f7d80000)
 ParOldGen       total 349696K, used 349695K [0x00000000e0000000, 0x00000000f5580000, 0x00000000f5580000)
  object space 349696K, 99% used [0x00000000e0000000,0x00000000f557fff0,0x00000000f5580000)
 Metaspace       used 47929K, committed 48704K, reserved 1097728K
  class space    used 4762K, committed 5120K, reserved 1048576K
}
Event: 1175.450 GC heap after
{Heap after GC invocations=874 (full 798):
 PSYoungGen      total 40960K, used 29184K [0x00000000f5580000, 0x00000000fa500000, 0x0000000100000000)
  eden space 29184K, 100% used [0x00000000f5580000,0x00000000f7200000,0x00000000f7200000)
  from space 11776K, 0% used [0x00000000f7200000,0x00000000f7200000,0x00000000f7d80000)
  to   space 23552K, 0% used [0x00000000f8e00000,0x00000000f8e00000,0x00000000fa500000)
 ParOldGen       total 349696K, used 349695K [0x00000000e0000000, 0x00000000f5580000, 0x00000000f5580000)
  object space 349696K, 99% used [0x00000000e0000000,0x00000000f557fff0,0x00000000f5580000)
 Metaspace       used 47929K, committed 48704K, reserved 1097728K
  class space    used 4762K, committed 5120K, reserved 1048576K
}
Event: 1175.450 GC heap before
{Heap before GC invocations=875 (full 799):
 PSYoungGen      total 40960K, used 29184K [0x00000000f5580000, 0x00000000fa500000, 0x0000000100000000)
  eden space 29184K, 100% used [0x00000000f5580000,0x00000000f7200000,0x00000000f7200000)
  from space 11776K, 0% used [0x00000000f7200000,0x00000000f7200000,0x00000000f7d80000)
  to   space 23552K, 0% used [0x00000000f8e00000,0x00000000f8e00000,0x00000000fa500000)
 ParOldGen       total 349696K, used 349695K [0x00000000e0000000, 0x00000000f5580000, 0x00000000f5580000)
  object space 349696K, 99% used [0x00000000e0000000,0x00000000f557fff0,0x00000000f5580000)
 Metaspace       used 47929K, committed 48704K, reserved 1097728K
  class space    used 4762K, committed 5120K, reserved 1048576K
}
Event: 1176.714 GC heap after
{Heap after GC invocations=875 (full 799):
 PSYoungGen      total 52736K, used 29184K [0x00000000f5580000, 0x00000000fa500000, 0x0000000100000000)
  eden space 29184K, 100% used [0x00000000f5580000,0x00000000f7200000,0x00000000f7200000)
  from space 23552K, 0% used [0x00000000f8e00000,0x00000000f8e00000,0x00000000fa500000)
  to   space 11776K, 0% used [0x00000000f7200000,0x00000000f7200000,0x00000000f7d80000)
 ParOldGen       total 349696K, used 349695K [0x00000000e0000000, 0x00000000f5580000, 0x00000000f5580000)
  object space 349696K, 99% used [0x00000000e0000000,0x00000000f557fff0,0x00000000f5580000)
 Metaspace       used 47929K, committed 48704K, reserved 1097728K
  class space    used 4762K, committed 5120K, reserved 1048576K
}
Event: 1176.720 GC heap before
{Heap before GC invocations=876 (full 800):
 PSYoungGen      total 52736K, used 29184K [0x00000000f5580000, 0x00000000fa500000, 0x0000000100000000)
  eden space 29184K, 100% used [0x00000000f5580000,0x00000000f7200000,0x00000000f7200000)
  from space 23552K, 0% used [0x00000000f8e00000,0x00000000f8e00000,0x00000000fa500000)
  to   space 11776K, 0% used [0x00000000f7200000,0x00000000f7200000,0x00000000f7d80000)
 ParOldGen       total 349696K, used 349695K [0x00000000e0000000, 0x00000000f5580000, 0x00000000f5580000)
  object space 349696K, 99% used [0x00000000e0000000,0x00000000f557fff0,0x00000000f5580000)
 Metaspace       used 47929K, committed 48704K, reserved 1097728K
  class space    used 4762K, committed 5120K, reserved 1048576K
}
Event: 1178.109 GC heap after
{Heap after GC invocations=876 (full 800):
 PSYoungGen      total 40960K, used 29184K [0x00000000f5580000, 0x00000000fa500000, 0x0000000100000000)
  eden space 29184K, 100% used [0x00000000f5580000,0x00000000f7200000,0x00000000f7200000)
  from space 11776K, 0% used [0x00000000f7200000,0x00000000f7200000,0x00000000f7d80000)
  to   space 23552K, 0% used [0x00000000f8e00000,0x00000000f8e00000,0x00000000fa500000)
 ParOldGen       total 349696K, used 349695K [0x00000000e0000000, 0x00000000f5580000, 0x00000000f5580000)
  object space 349696K, 99% used [0x00000000e0000000,0x00000000f557fff0,0x00000000f5580000)
 Metaspace       used 47929K, committed 48704K, reserved 1097728K
  class space    used 4762K, committed 5120K, reserved 1048576K
}
Event: 1178.109 GC heap before
{Heap before GC invocations=877 (full 801):
 PSYoungGen      total 40960K, used 29184K [0x00000000f5580000, 0x00000000fa500000, 0x0000000100000000)
  eden space 29184K, 100% used [0x00000000f5580000,0x00000000f7200000,0x00000000f7200000)
  from space 11776K, 0% used [0x00000000f7200000,0x00000000f7200000,0x00000000f7d80000)
  to   space 23552K, 0% used [0x00000000f8e00000,0x00000000f8e00000,0x00000000fa500000)
 ParOldGen       total 349696K, used 349695K [0x00000000e0000000, 0x00000000f5580000, 0x00000000f5580000)
  object space 349696K, 99% used [0x00000000e0000000,0x00000000f557fff0,0x00000000f5580000)
 Metaspace       used 47929K, committed 48704K, reserved 1097728K
  class space    used 4762K, committed 5120K, reserved 1048576K
}
Event: 1179.324 GC heap after
{Heap after GC invocations=877 (full 801):
 PSYoungGen      total 52736K, used 29184K [0x00000000f5580000, 0x00000000fa500000, 0x0000000100000000)
  eden space 29184K, 100% used [0x00000000f5580000,0x00000000f7200000,0x00000000f7200000)
  from space 23552K, 0% used [0x00000000f8e00000,0x00000000f8e00000,0x00000000fa500000)
  to   space 11776K, 0% used [0x00000000f7200000,0x00000000f7200000,0x00000000f7d80000)
 ParOldGen       total 349696K, used 349695K [0x00000000e0000000, 0x00000000f5580000, 0x00000000f5580000)
  object space 349696K, 99% used [0x00000000e0000000,0x00000000f557fff0,0x00000000f5580000)
 Metaspace       used 47929K, committed 48704K, reserved 1097728K
  class space    used 4762K, committed 5120K, reserved 1048576K
}

Dll operation events (8 events):
Event: 0.001 Loaded shared library /nix/store/gpxl5qgg8kicmcvivwmybwjlpf7wh20l-graalvm17-ce-22.3.0/lib/libjava.so
Event: 0.007 Loaded shared library /nix/store/gpxl5qgg8kicmcvivwmybwjlpf7wh20l-graalvm17-ce-22.3.0/lib/libjsvml.so
Event: 0.439 Loaded shared library /nix/store/gpxl5qgg8kicmcvivwmybwjlpf7wh20l-graalvm17-ce-22.3.0/lib/libnio.so
Event: 0.499 Loaded shared library /nix/store/gpxl5qgg8kicmcvivwmybwjlpf7wh20l-graalvm17-ce-22.3.0/lib/libjvmcicompiler.so
Event: 0.501 Loaded shared library /nix/store/gpxl5qgg8kicmcvivwmybwjlpf7wh20l-graalvm17-ce-22.3.0/lib/libzip.so
Event: 1.016 Loaded shared library /nix/store/gpxl5qgg8kicmcvivwmybwjlpf7wh20l-graalvm17-ce-22.3.0/lib/libjimage.so
Event: 3.207 Loaded shared library /nix/store/gpxl5qgg8kicmcvivwmybwjlpf7wh20l-graalvm17-ce-22.3.0/lib/libnet.so
Event: 5.204 Loaded shared library /home/runner/.cache/jdt-language-server/config/org.eclipse.equinox.launcher/org.eclipse.equinox.launcher.gtk.linux.x86_64_1.2.400.v20211117-0650/eclipse_11600.so

Deoptimization events (20 events):
Event: 83.999 Thread 0x00007f94d80e5760 DEOPT PACKING pc=0x00007f9527c296dd sp=0x00007f94eb7fe530
Event: 83.999 Thread 0x00007f94d80e5760 DEOPT UNPACKING pc=0x00007f9527505325 sp=0x00007f94eb7fda20 mode 0
Event: 84.003 Thread 0x00007f94d80e5760 DEOPT PACKING pc=0x00007f9527c296dd sp=0x00007f94eb7fe530
Event: 84.003 Thread 0x00007f94d80e5760 DEOPT UNPACKING pc=0x00007f9527505325 sp=0x00007f94eb7fda20 mode 0
Event: 1132.943 Thread 0x00007f94d80e5760 Uncommon trap: trap_request=0xffffff8f fr.pc=0x00007f952f193216 relative=0x0000000000001056
Event: 1132.943 Thread 0x00007f94d80e5760 Uncommon trap: reason=constraint action=none pc=0x00007f952f193216 method=org.eclipse.jdt.internal.core.index.DiskIndex.copyQueryResults(Lorg/eclipse/jdt/internal/compiler/util/HashtableOfObject;I)V @ 123 jvmci
Event: 1132.943 Thread 0x00007f94d80e5760 DEOPT PACKING pc=0x00007f952f193216 sp=0x00007f94eb7fe550
Event: 1132.943 Thread 0x00007f94d80e5760 DEOPT UNPACKING pc=0x00007f9527505325 sp=0x00007f94eb7fda28 mode 3
Event: 1135.520 Thread 0x00007f94d80e5760 Uncommon trap: trap_request=0xffffff8f fr.pc=0x00007f952f19e814 relative=0x0000000000000274
Event: 1135.520 Thread 0x00007f94d80e5760 Uncommon trap: reason=constraint action=none pc=0x00007f952f19e814 method=org.eclipse.jdt.internal.core.index.DiskIndex$IntList.add(I)V @ 0 jvmci
Event: 1135.520 Thread 0x00007f94d80e5760 DEOPT PACKING pc=0x00007f952f19e814 sp=0x00007f94eb7fe500
Event: 1135.520 Thread 0x00007f94d80e5760 DEOPT UNPACKING pc=0x00007f9527505325 sp=0x00007f94eb7fd9b0 mode 3
Event: 1168.951 Thread 0x00007f94ac1fa1f0 Uncommon trap: trap_request=0xffffff8f fr.pc=0x00007f952f0a7804 relative=0x00000000000009c4
Event: 1168.951 Thread 0x00007f94ac1fa1f0 Uncommon trap: reason=constraint action=none pc=0x00007f952f0a7804 method=java.util.Hashtable.addEntry(ILjava/lang/Object;Ljava/lang/Object;I)V @ 42 jvmci
Event: 1168.951 Thread 0x00007f94ac1fa1f0 DEOPT PACKING pc=0x00007f952f0a7804 sp=0x00007f94ebafdf40
Event: 1168.951 Thread 0x00007f94ac1fa1f0 DEOPT UNPACKING pc=0x00007f9527505325 sp=0x00007f94ebafd380 mode 3
Event: 1176.714 Thread 0x00007f94ac1fb140 Uncommon trap: trap_request=0xffffff8f fr.pc=0x00007f952ef95d98 relative=0x00000000000001f8
Event: 1176.714 Thread 0x00007f94ac1fb140 Uncommon trap: reason=constraint action=none pc=0x00007f952ef95d98 method=java.util.Arrays.copyOfRange([BII)[B @ 0 jvmci
Event: 1176.714 Thread 0x00007f94ac1fb140 DEOPT PACKING pc=0x00007f952ef95d98 sp=0x00007f94eb0fdca0
Event: 1176.714 Thread 0x00007f94ac1fb140 DEOPT UNPACKING pc=0x00007f9527505325 sp=0x00007f94eb0fd120 mode 3

Classes unloaded (20 events):
Event: 154.445 Thread 0x00007f95400a1c10 Unloading class 0x0000000800d9cc00 'java/lang/invoke/LambdaForm$MH+0x0000000800d9cc00'
Event: 154.445 Thread 0x00007f95400a1c10 Unloading class 0x0000000800d9c800 'java/lang/invoke/LambdaForm$MH+0x0000000800d9c800'
Event: 154.445 Thread 0x00007f95400a1c10 Unloading class 0x0000000800d9c400 'java/lang/invoke/LambdaForm$MH+0x0000000800d9c400'
Event: 154.445 Thread 0x00007f95400a1c10 Unloading class 0x0000000800d9c000 'jdk/internal/reflect/GeneratedConstructorAccessor3'
Event: 154.445 Thread 0x00007f95400a1c10 Unloading class 0x0000000800d8d400 'java/lang/invoke/LambdaForm$MH+0x0000000800d8d400'
Event: 154.445 Thread 0x00007f95400a1c10 Unloading class 0x0000000800d8d000 'java/lang/invoke/LambdaForm$MH+0x0000000800d8d000'
Event: 154.445 Thread 0x00007f95400a1c10 Unloading class 0x0000000800d8cc00 'java/lang/invoke/LambdaForm$MH+0x0000000800d8cc00'
Event: 154.445 Thread 0x00007f95400a1c10 Unloading class 0x0000000800d8c800 'java/lang/invoke/LambdaForm$MH+0x0000000800d8c800'
Event: 154.445 Thread 0x00007f95400a1c10 Unloading class 0x0000000800d8c400 'java/lang/invoke/LambdaForm$MH+0x0000000800d8c400'
Event: 154.445 Thread 0x00007f95400a1c10 Unloading class 0x0000000800d8c000 'java/lang/invoke/LambdaForm$MH+0x0000000800d8c000'
Event: 154.445 Thread 0x00007f95400a1c10 Unloading class 0x0000000800cb2800 'java/lang/invoke/LambdaForm$MH+0x0000000800cb2800'
Event: 154.445 Thread 0x00007f95400a1c10 Unloading class 0x0000000800cb2000 'java/lang/invoke/LambdaForm$MH+0x0000000800cb2000'
Event: 154.445 Thread 0x00007f95400a1c10 Unloading class 0x0000000800cb1c00 'java/lang/invoke/LambdaForm$MH+0x0000000800cb1c00'
Event: 154.445 Thread 0x00007f95400a1c10 Unloading class 0x0000000800cb1800 'java/lang/invoke/LambdaForm$MH+0x0000000800cb1800'
Event: 154.445 Thread 0x00007f95400a1c10 Unloading class 0x0000000800cb1000 'java/lang/invoke/LambdaForm$MH+0x0000000800cb1000'
Event: 154.445 Thread 0x00007f95400a1c10 Unloading class 0x0000000800cb0c00 'java/lang/invoke/LambdaForm$MH+0x0000000800cb0c00'
Event: 154.445 Thread 0x00007f95400a1c10 Unloading class 0x0000000800cb0800 'java/lang/invoke/LambdaForm$MH+0x0000000800cb0800'
Event: 154.445 Thread 0x00007f95400a1c10 Unloading class 0x0000000800cb0000 'java/lang/invoke/LambdaForm$MH+0x0000000800cb0000'
Event: 167.837 Thread 0x00007f95400a1c10 Unloading class 0x0000000801014000 'jdk/internal/reflect/GeneratedConstructorAccessor23'
Event: 1150.868 Thread 0x00007f95400a1c10 Unloading class 0x0000000800d9d000 'jdk/internal/reflect/GeneratedConstructorAccessor25'

Classes redefined (0 events):
No events

Internal exceptions (20 events):
Event: 32.799 Thread 0x00007f94c80010d0 Exception <a 'java/lang/NoSuchMethodError'{0x00000000f63b3598}: 'java.lang.Object java.lang.invoke.DirectMethodHandle$Holder.invokeSpecial(java.lang.Object, java.lang.Object, java.lang.Object, java.lang.Object, long)'> (0x00000000f63b3598) 
thrown [src/hotspot/share/interpreter/linkResolver.cpp, line 758]
Event: 32.803 Thread 0x00007f94c80010d0 Exception <a 'java/lang/NoSuchMethodError'{0x00000000f63b75d8}: 'java.lang.Object java.lang.invoke.Invokers$Holder.linkToTargetMethod(java.lang.Object, java.lang.Object, long, java.lang.Object)'> (0x00000000f63b75d8) 
thrown [src/hotspot/share/interpreter/linkResolver.cpp, line 758]
Event: 32.813 Thread 0x00007f94d80e5760 Exception <a 'sun/nio/fs/UnixException'{0x00000000f5ba3440}> (0x00000000f5ba3440) 
thrown [src/hotspot/share/prims/jni.cpp, line 516]
Event: 33.811 Thread 0x00007f94ac200a30 Implicit null exception at 0x00007f952f0c5d33 to 0x00007f952f0c607a
Event: 34.601 Thread 0x00007f94ac200a30 Exception <a 'java/lang/NoSuchMethodError'{0x00000000f5a6c350}: 'java.lang.Object java.lang.invoke.DirectMethodHandle$Holder.invokeStatic(java.lang.Object, int, java.lang.Object, java.lang.Object, java.lang.Object, java.lang.Object)'> (0x00000000f5a6c350) 
thrown [src/hotspot/share/interpreter/linkResolver.cpp, line 758]
Event: 35.400 Thread 0x00007f94ac200a30 Exception <a 'java/lang/NoSuchMethodError'{0x00000000f630e908}: 'void java.lang.invoke.DirectMethodHandle$Holder.invokeSpecial(java.lang.Object, java.lang.Object, int)'> (0x00000000f630e908) 
thrown [src/hotspot/share/interpreter/linkResolver.cpp, line 758]
Event: 35.409 Thread 0x00007f94d80e5760 Implicit null exception at 0x00007f952f025e30 to 0x00007f952f025ed7
Event: 36.702 Thread 0x00007f94ac200a30 Exception <a 'java/lang/NoSuchMethodError'{0x00000000f64fa728}: 'int java.lang.invoke.DirectMethodHandle$Holder.invokeSpecialIFC(java.lang.Object, java.lang.Object, java.lang.Object, java.lang.Object)'> (0x00000000f64fa728) 
thrown [src/hotspot/share/interpreter/linkResolver.cpp, line 758]
Event: 1132.943 Thread 0x00007f94d80e5760 Exception <a 'java/lang/OutOfMemoryError'{0x00000000e00bc6f8}> (0x00000000e00bc6f8) 
thrown [src/hotspot/share/gc/shared/memAllocator.cpp, line 138]
Event: 1132.943 Thread 0x00007f94d80e5760 Implicit null exception at 0x00007f952f192ca0 to 0x00007f952f1931fb
Event: 1135.520 Thread 0x00007f94d80e5760 Exception <a 'java/lang/OutOfMemoryError'{0x00000000e00bc158}> (0x00000000e00bc158) 
thrown [src/hotspot/share/gc/shared/memAllocator.cpp, line 138]
Event: 1135.520 Thread 0x00007f94d80e5760 Implicit null exception at 0x00007f952f19e76d to 0x00007f952f19e7f9
Event: 1139.520 Thread 0x00007f94ac1fa800 Exception <a 'java/lang/OutOfMemoryError'{0x00000000e00bbed8}> (0x00000000e00bbed8) 
thrown [src/hotspot/share/gc/shared/memAllocator.cpp, line 136]
Event: 1168.951 Thread 0x00007f94ac1fa1f0 Exception <a 'java/lang/OutOfMemoryError'{0x00000000e00bbbb8}> (0x00000000e00bbbb8) 
thrown [src/hotspot/share/gc/shared/memAllocator.cpp, line 138]
Event: 1168.951 Thread 0x00007f94ac1fa1f0 Implicit null exception at 0x00007f952f0a7433 to 0x00007f952f0a77e9
Event: 1171.415 Thread 0x00007f95403494d0 Exception <a 'java/lang/OutOfMemoryError'{0x00000000e00bbed8}> (0x00000000e00bbed8) 
thrown [src/hotspot/share/gc/shared/memAllocator.cpp, line 136]
Event: 1174.140 Thread 0x00007f95403494d0 Exception <a 'java/lang/OutOfMemoryError'{0x00000000e00bbed8}> (0x00000000e00bbed8) 
thrown [src/hotspot/share/gc/shared/memAllocator.cpp, line 136]
Event: 1176.714 Thread 0x00007f94ac1fb140 Exception <a 'java/lang/OutOfMemoryError'{0x00000000e00bbbb8}> (0x00000000e00bbbb8) 
thrown [src/hotspot/share/gc/shared/memAllocator.cpp, line 138]
Event: 1176.714 Thread 0x00007f94ac1fb140 Implicit null exception at 0x00007f952ef95ceb to 0x00007f952ef95d7d
Event: 1179.324 Thread 0x00007f95400b21e0 Exception <a 'java/lang/OutOfMemoryError'{0x00000000e00bbed8}> (0x00000000e00bbed8) 
thrown [src/hotspot/share/gc/shared/memAllocator.cpp, line 136]

VM Operations (20 events):
Event: 1159.955 Executing VM operation: ParallelGCFailedAllocation
Event: 1161.233 Executing VM operation: ParallelGCFailedAllocation done
Event: 1161.233 Executing VM operation: ParallelGCFailedAllocation
Event: 1162.640 Executing VM operation: ParallelGCFailedAllocation done
Event: 1162.642 Executing VM operation: ParallelGCFailedAllocation
Event: 1163.901 Executing VM operation: ParallelGCFailedAllocation done
Event: 1163.901 Executing VM operation: ParallelGCFailedAllocation
Event: 1165.148 Executing VM operation: ParallelGCFailedAllocation done
Event: 1165.148 Executing VM operation: ParallelGCFailedAllocation
Event: 1166.459 Executing VM operation: ParallelGCFailedAllocation done
Event: 1166.459 Executing VM operation: ParallelGCFailedAllocation
Event: 1168.951 Executing VM operation: ParallelGCFailedAllocation done
Event: 1168.951 Executing VM operation: ParallelGCFailedAllocation
Event: 1171.415 Executing VM operation: ParallelGCFailedAllocation done
Event: 1171.415 Executing VM operation: ParallelGCFailedAllocation
Event: 1174.140 Executing VM operation: ParallelGCFailedAllocation done
Event: 1174.140 Executing VM operation: ParallelGCFailedAllocation
Event: 1176.714 Executing VM operation: ParallelGCFailedAllocation done
Event: 1176.714 Executing VM operation: ParallelGCFailedAllocation
Event: 1179.324 Executing VM operation: ParallelGCFailedAllocation done

Events (20 events):
Event: 93.315 Thread 0x00007f94c80010d0 Thread exited: 0x00007f94c80010d0
Event: 100.006 Thread 0x00007f94bc0010d0 Thread exited: 0x00007f94bc0010d0
Event: 508.846 Thread 0x00007f94ac1f8820 Thread added: 0x00007f94ac1f8820
Event: 508.846 Protecting memory [0x00007f94eb800000,0x00007f94eb804000] with protection modes 0
Event: 606.649 Thread 0x00007f94ac1f8da0 Thread added: 0x00007f94ac1f8da0
Event: 606.649 Protecting memory [0x00007f94eb900000,0x00007f94eb904000] with protection modes 0
Event: 678.245 Thread 0x00007f94ac1fa1f0 Thread added: 0x00007f94ac1fa1f0
Event: 678.245 Protecting memory [0x00007f94eba00000,0x00007f94eba04000] with protection modes 0
Event: 696.555 Thread 0x00007f94ac1fa800 Thread added: 0x00007f94ac1fa800
Event: 696.555 Protecting memory [0x00007f94eb100000,0x00007f94eb104000] with protection modes 0
Event: 704.716 Thread 0x00007f94ac1fb140 Thread added: 0x00007f94ac1fb140
Event: 704.716 Protecting memory [0x00007f94eb000000,0x00007f94eb004000] with protection modes 0
Event: 786.834 Thread 0x00007f94ac1fbb60 Thread added: 0x00007f94ac1fbb60
Event: 786.834 Protecting memory [0x00007f94eaf00000,0x00007f94eaf04000] with protection modes 0
Event: 802.705 Thread 0x00007f94ac1fc900 Thread added: 0x00007f94ac1fc900
Event: 802.706 Protecting memory [0x00007f94edb00000,0x00007f94edb04000] with protection modes 0
Event: 1161.233 loading class java/util/concurrent/CompletionException
Event: 1161.233 loading class java/util/concurrent/CompletionException done
Event: 1161.233 loading class java/util/concurrent/CancellationException
Event: 1161.233 loading class java/util/concurrent/CancellationException done


Dynamic libraries:
e0000000-f5580000 rw-p 00000000 00:00 0 
f5580000-fa500000 rw-p 00000000 00:00 0 
fa500000-100000000 ---p 00000000 00:00 0 
800000000-800449000 rw-p 00001000 00:1449 9223372037562745673            /nix/store/gpxl5qgg8kicmcvivwmybwjlpf7wh20l-graalvm17-ce-22.3.0/lib/server/classes.jsa
800449000-800bc8000 r--p 0044a000 00:1449 9223372037562745673            /nix/store/gpxl5qgg8kicmcvivwmybwjlpf7wh20l-graalvm17-ce-22.3.0/lib/server/classes.jsa
800bc8000-800c00000 ---p 00000000 00:00 0 
800c00000-800c20000 rw-p 00000000 00:00 0 
800c20000-800c40000 rw-p 00000000 00:00 0 
800c40000-800cc0000 rw-p 00000000 00:00 0 
800cc0000-800d00000 rw-p 00000000 00:00 0 
800d00000-800dc0000 rw-p 00000000 00:00 0 
800dc0000-800e00000 rw-p 00000000 00:00 0 
800e00000-801100000 rw-p 00000000 00:00 0 
801100000-840c00000 ---p 00000000 00:00 0 
56040f076000-56040f077000 r-xp 00000000 00:1449 9223372037526805748      /nix/store/gpxl5qgg8kicmcvivwmybwjlpf7wh20l-graalvm17-ce-22.3.0/bin/.java-wrapped
56040f078000-56040f079000 r--p 00001000 00:1449 9223372037526805748      /nix/store/gpxl5qgg8kicmcvivwmybwjlpf7wh20l-graalvm17-ce-22.3.0/bin/.java-wrapped
56040f079000-56040f07a000 rw-p 00002000 00:1449 9223372037526805748      /nix/store/gpxl5qgg8kicmcvivwmybwjlpf7wh20l-graalvm17-ce-22.3.0/bin/.java-wrapped
56040f07a000-56040f07b000 rw-p 00004000 00:1449 9223372037526805748      /nix/store/gpxl5qgg8kicmcvivwmybwjlpf7wh20l-graalvm17-ce-22.3.0/bin/.java-wrapped
56040f07b000-56040f07c000 rw-p 00005000 00:1449 9223372037526805748      /nix/store/gpxl5qgg8kicmcvivwmybwjlpf7wh20l-graalvm17-ce-22.3.0/bin/.java-wrapped
560410353000-56041039b000 rw-p 00000000 00:00 0                          [heap]
7f948c000000-7f948c1e0000 rw-p 00000000 00:00 0 
7f948c1e0000-7f9490000000 ---p 00000000 00:00 0 
7f9490000000-7f9490051000 rw-p 00000000 00:00 0 
7f9490051000-7f9494000000 ---p 00000000 00:00 0 
7f9494000000-7f9494021000 rw-p 00000000 00:00 0 
7f9494021000-7f9498000000 ---p 00000000 00:00 0 
7f949a4b3000-7f94a4000000 r--s 00000000 00:1449 9223372037562580485      /nix/store/gpxl5qgg8kicmcvivwmybwjlpf7wh20l-graalvm17-ce-22.3.0/lib/modules
7f94a4000000-7f94a4101000 rw-p 00000000 00:00 0 
7f94a4101000-7f94a8000000 ---p 00000000 00:00 0 
7f94a8000000-7f94a8021000 rw-p 00000000 00:00 0 
7f94a8021000-7f94ac000000 ---p 00000000 00:00 0 
7f94ac000000-7f94ac211000 rw-p 00000000 00:00 0 
7f94ac211000-7f94b0000000 ---p 00000000 00:00 0 
7f94b0000000-7f94b0026000 rw-p 00000000 00:00 0 
7f94b0026000-7f94b4000000 ---p 00000000 00:00 0 
7f94b4000000-7f94b4094000 rw-p 00000000 00:00 0 
7f94b4094000-7f94b8000000 ---p 00000000 00:00 0 
7f94b8000000-7f94b8021000 rw-p 00000000 00:00 0 
7f94b8021000-7f94bc000000 ---p 00000000 00:00 0 
7f94bc000000-7f94bc05a000 rw-p 00000000 00:00 0 
7f94bc05a000-7f94c0000000 ---p 00000000 00:00 0 
7f94c0000000-7f94c0039000 rw-p 00000000 00:00 0 
7f94c0039000-7f94c4000000 ---p 00000000 00:00 0 
7f94c4000000-7f94c4021000 rw-p 00000000 00:00 0 
7f94c4021000-7f94c8000000 ---p 00000000 00:00 0 
7f94c8000000-7f94c82fc000 rw-p 00000000 00:00 0 
7f94c82fc000-7f94cc000000 ---p 00000000 00:00 0 
7f94cc000000-7f94cc021000 rw-p 00000000 00:00 0 
7f94cc021000-7f94d0000000 ---p 00000000 00:00 0 
7f94d0000000-7f94d0021000 rw-p 00000000 00:00 0 
7f94d0021000-7f94d4000000 ---p 00000000 00:00 0 
7f94d4000000-7f94d4021000 rw-p 00000000 00:00 0 
7f94d4021000-7f94d8000000 ---p 00000000 00:00 0 
7f94d8000000-7f94d88ca000 rw-p 00000000 00:00 0 
7f94d88ca000-7f94dc000000 ---p 00000000 00:00 0 
7f94dc000000-7f94dc021000 rw-p 00000000 00:00 0 
7f94dc021000-7f94e0000000 ---p 00000000 00:00 0 
7f94e0000000-7f94e0100000 rw-p 00000000 00:00 0 
7f94e0100000-7f94e0120000 rw-p 00000000 00:00 0 
7f94e0120000-7f94e0200000 ---p 00000000 00:00 0 
7f94e0200000-7f94e0370000 rw-p 00000000 00:00 0 
7f94e0370000-7f94e0800000 ---p 00000000 00:00 0 
7f94e2e00000-7f94e2f00000 ---p 00000000 00:00 0 
7f94e2f00000-7f94e34af000 r--p 01122000 00:1449 9223372037562577944      /nix/store/gpxl5qgg8kicmcvivwmybwjlpf7wh20l-graalvm17-ce-22.3.0/lib/libjvmcicompiler.so
7f94e34af000-7f94e3600000 r--p 00000000 00:00 0 
7f94e3600000-7f94e363d000 rw-p 00000000 00:00 0 
7f94e363d000-7f94e3b5d000 rw-p 0185f000 00:1449 9223372037562577944      /nix/store/gpxl5qgg8kicmcvivwmybwjlpf7wh20l-graalvm17-ce-22.3.0/lib/libjvmcicompiler.so
7f94e3b5d000-7f94e3f44000 r--p 01d7f000 00:1449 9223372037562577944      /nix/store/gpxl5qgg8kicmcvivwmybwjlpf7wh20l-graalvm17-ce-22.3.0/lib/libjvmcicompiler.so
7f94e4000000-7f94e4021000 rw-p 00000000 00:00 0 
7f94e4021000-7f94e8000000 ---p 00000000 00:00 0 
7f94e8400000-7f94e84c0000 rw-p 00000000 00:00 0 
7f94e84c0000-7f94e8c00000 rw-p 00000000 00:00 0 
7f94e8c00000-7f94e8d00000 rw-p 00000000 00:00 0 
7f94e8d00000-7f94e8e00000 rw-p 00000000 00:00 0 
7f94e8e00000-7f94e9400000 rw-p 00000000 00:00 0 
7f94e9800000-7f94e9900000 rw-p 00000000 00:00 0 
7f94e9900000-7f94ea000000 rw-p 00000000 00:00 0 
7f94eaf00000-7f94eaf04000 ---p 00000000 00:00 0 
7f94eaf04000-7f94eb000000 rw-p 00000000 00:00 0 
7f94eb000000-7f94eb004000 ---p 00000000 00:00 0 
7f94eb004000-7f94eb100000 rw-p 00000000 00:00 0 
7f94eb100000-7f94eb104000 ---p 00000000 00:00 0 
7f94eb104000-7f94eb200000 rw-p 00000000 00:00 0 
7f94eb200000-7f94eb204000 ---p 00000000 00:00 0 
7f94eb204000-7f94eb300000 rw-p 00000000 00:00 0 
7f94eb300000-7f94eb304000 ---p 00000000 00:00 0 
7f94eb304000-7f94eb400000 rw-p 00000000 00:00 0 
7f94eb400000-7f94eb404000 ---p 00000000 00:00 0 
7f94eb404000-7f94eb500000 rw-p 00000000 00:00 0 
7f94eb500000-7f94eb504000 ---p 00000000 00:00 0 
7f94eb504000-7f94eb600000 rw-p 00000000 00:00 0 
7f94eb600000-7f94eb604000 ---p 00000000 00:00 0 
7f94eb604000-7f94eb700000 rw-p 00000000 00:00 0 
7f94eb700000-7f94eb704000 ---p 00000000 00:00 0 
7f94eb704000-7f94eb800000 rw-p 00000000 00:00 0 
7f94eb800000-7f94eb804000 ---p 00000000 00:00 0 
7f94eb804000-7f94eb900000 rw-p 00000000 00:00 0 
7f94eb900000-7f94eb904000 ---p 00000000 00:00 0 
7f94eb904000-7f94eba00000 rw-p 00000000 00:00 0 
7f94eba00000-7f94eba04000 ---p 00000000 00:00 0 
7f94eba04000-7f94ebb00000 rw-p 00000000 00:00 0 
7f94ebb00000-7f94ebb04000 ---p 00000000 00:00 0 
7f94ebb04000-7f94ebd00000 rw-p 00000000 00:00 0 
7f94ebd00000-7f94ebe00000 rw-p 00000000 00:00 0 
7f94ebe00000-7f94ec380000 rw-p 00000000 00:00 0 
7f94ec380000-7f94ec400000 rw-p 00000000 00:00 0 
7f94ec400000-7f94ec404000 ---p 00000000 00:00 0 
7f94ec404000-7f94ec500000 rw-p 00000000 00:00 0 
7f94ec500000-7f94ec504000 ---p 00000000 00:00 0 
7f94ec504000-7f94ec600000 rw-p 00000000 00:00 0 
7f94ec600000-7f94ec610000 r-xp 00000000 00:1446 353                      /home/runner/.cache/jdt-language-server/config/org.eclipse.equinox.launcher/org.eclipse.equinox.launcher.gtk.linux.x86_64_1.2.400.v20211117-0650/eclipse_11600.so
7f94ec610000-7f94ec80f000 ---p 00010000 00:1446 353                      /home/runner/.cache/jdt-language-server/config/org.eclipse.equinox.launcher/org.eclipse.equinox.launcher.gtk.linux.x86_64_1.2.400.v20211117-0650/eclipse_11600.so
7f94ec80f000-7f94ec810000 r--p 0000f000 00:1446 353                      /home/runner/.cache/jdt-language-server/config/org.eclipse.equinox.launcher/org.eclipse.equinox.launcher.gtk.linux.x86_64_1.2.400.v20211117-0650/eclipse_11600.so
7f94ec810000-7f94ec811000 rw-p 00010000 00:1446 353                      /home/runner/.cache/jdt-language-server/config/org.eclipse.equinox.launcher/org.eclipse.equinox.launcher.gtk.linux.x86_64_1.2.400.v20211117-0650/eclipse_11600.so
7f94ec900000-7f94ec904000 ---p 00000000 00:00 0 
7f94ec904000-7f94eca00000 rw-p 00000000 00:00 0 
7f94ed568000-7f94eda00000 rw-p 00000000 00:00 0 
7f94edb00000-7f94edb04000 ---p 00000000 00:00 0 
7f94edb04000-7f94edc00000 rw-p 00000000 00:00 0 
7f94edc00000-7f94efd6a000 r-xp 00000000 00:1449 9223372037562577944      /nix/store/gpxl5qgg8kicmcvivwmybwjlpf7wh20l-graalvm17-ce-22.3.0/lib/libjvmcicompiler.so
7f94efd6a000-7f94eff69000 ---p 0216a000 00:1449 9223372037562577944      /nix/store/gpxl5qgg8kicmcvivwmybwjlpf7wh20l-graalvm17-ce-22.3.0/lib/libjvmcicompiler.so
7f94eff69000-7f94eff6a000 r--p 02169000 00:1449 9223372037562577944      /nix/store/gpxl5qgg8kicmcvivwmybwjlpf7wh20l-graalvm17-ce-22.3.0/lib/libjvmcicompiler.so
7f94eff6a000-7f94eff6c000 rw-p 0216a000 00:1449 9223372037562577944      /nix/store/gpxl5qgg8kicmcvivwmybwjlpf7wh20l-graalvm17-ce-22.3.0/lib/libjvmcicompiler.so
7f94eff6c000-7f94eff6d000 rw-p 00000000 00:00 0 
7f94eff6d000-7f94eff72000 rw-p 023c3000 00:1449 9223372037562577944      /nix/store/gpxl5qgg8kicmcvivwmybwjlpf7wh20l-graalvm17-ce-22.3.0/lib/libjvmcicompiler.so
7f94f0000000-7f94f0021000 rw-p 00000000 00:00 0 
7f94f0021000-7f94f4000000 ---p 00000000 00:00 0 
7f94f4000000-7f94f4021000 rw-p 00000000 00:00 0 
7f94f4021000-7f94f8000000 ---p 00000000 00:00 0 
7f94f8000000-7f94f8051000 rw-p 00000000 00:00 0 
7f94f8051000-7f94fc000000 ---p 00000000 00:00 0 
7f94fc000000-7f94fc021000 rw-p 00000000 00:00 0 
7f94fc021000-7f9500000000 ---p 00000000 00:00 0 
7f9500000000-7f95000cf000 rw-p 00000000 00:00 0 
7f95000cf000-7f9504000000 ---p 00000000 00:00 0 
7f9504000000-7f9504a12000 rw-p 00000000 00:00 0 
7f9504a12000-7f9508000000 ---p 00000000 00:00 0 
7f9508000000-7f9508021000 rw-p 00000000 00:00 0 
7f9508021000-7f950c000000 ---p 00000000 00:00 0 
7f950c000000-7f950c021000 rw-p 00000000 00:00 0 
7f950c021000-7f9510000000 ---p 00000000 00:00 0 
7f9510000000-7f9510021000 rw-p 00000000 00:00 0 
7f9510021000-7f9514000000 ---p 00000000 00:00 0 
7f9514000000-7f9514021000 rw-p 00000000 00:00 0 
7f9514021000-7f9518000000 ---p 00000000 00:00 0 
7f9518000000-7f9518021000 rw-p 00000000 00:00 0 
7f9518021000-7f951c000000 ---p 00000000 00:00 0 
7f951c000000-7f951c021000 rw-p 00000000 00:00 0 
7f951c021000-7f9520000000 ---p 00000000 00:00 0 
7f9520000000-7f9520052000 rw-p 00000000 00:00 0 
7f9520052000-7f9524000000 ---p 00000000 00:00 0 
7f95240b3000-7f95240b7000 ---p 00000000 00:00 0 
7f95240b7000-7f95241b3000 rw-p 00000000 00:00 0 
7f95241b3000-7f95241b7000 ---p 00000000 00:00 0 
7f95241b7000-7f95242b3000 rw-p 00000000 00:00 0 
7f95242b3000-7f95242b7000 ---p 00000000 00:00 0 
7f95242b7000-7f95242d5000 rw-p 00000000 00:00 0 
7f95242d5000-7f95242dc000 r-xp 00000000 00:1449 9223372037562580484      /nix/store/gpxl5qgg8kicmcvivwmybwjlpf7wh20l-graalvm17-ce-22.3.0/lib/libzip.so
7f95242dc000-7f95242dd000 ---p 00007000 00:1449 9223372037562580484      /nix/store/gpxl5qgg8kicmcvivwmybwjlpf7wh20l-graalvm17-ce-22.3.0/lib/libzip.so
7f95242dd000-7f95242de000 r--p 00007000 00:1449 9223372037562580484      /nix/store/gpxl5qgg8kicmcvivwmybwjlpf7wh20l-graalvm17-ce-22.3.0/lib/libzip.so
7f95242de000-7f95242df000 rw-p 00008000 00:1449 9223372037562580484      /nix/store/gpxl5qgg8kicmcvivwmybwjlpf7wh20l-graalvm17-ce-22.3.0/lib/libzip.so
7f95242df000-7f95242e1000 rw-p 0000b000 00:1449 9223372037562580484      /nix/store/gpxl5qgg8kicmcvivwmybwjlpf7wh20l-graalvm17-ce-22.3.0/lib/libzip.so
7f95242e1000-7f95242f6000 r-xp 00000000 00:1449 9223372037562580474      /nix/store/gpxl5qgg8kicmcvivwmybwjlpf7wh20l-graalvm17-ce-22.3.0/lib/libnet.so
7f95242f6000-7f95242f7000 ---p 00015000 00:1449 9223372037562580474      /nix/store/gpxl5qgg8kicmcvivwmybwjlpf7wh20l-graalvm17-ce-22.3.0/lib/libnet.so
7f95242f7000-7f95242f8000 r--p 00015000 00:1449 9223372037562580474      /nix/store/gpxl5qgg8kicmcvivwmybwjlpf7wh20l-graalvm17-ce-22.3.0/lib/libnet.so
7f95242f8000-7f95242f9000 rw-p 00016000 00:1449 9223372037562580474      /nix/store/gpxl5qgg8kicmcvivwmybwjlpf7wh20l-graalvm17-ce-22.3.0/lib/libnet.so
7f95242f9000-7f95242fc000 rw-p 0001b000 00:1449 9223372037562580474      /nix/store/gpxl5qgg8kicmcvivwmybwjlpf7wh20l-graalvm17-ce-22.3.0/lib/libnet.so
7f95242fc000-7f952430f000 r-xp 00000000 00:1449 9223372037562580475      /nix/store/gpxl5qgg8kicmcvivwmybwjlpf7wh20l-graalvm17-ce-22.3.0/lib/libnio.so
7f952430f000-7f9524310000 r--p 00012000 00:1449 9223372037562580475      /nix/store/gpxl5qgg8kicmcvivwmybwjlpf7wh20l-graalvm17-ce-22.3.0/lib/libnio.so
7f9524310000-7f9524311000 rw-p 00013000 00:1449 9223372037562580475      /nix/store/gpxl5qgg8kicmcvivwmybwjlpf7wh20l-graalvm17-ce-22.3.0/lib/libnio.so
7f9524311000-7f9524316000 rw-p 00019000 00:1449 9223372037562580475      /nix/store/gpxl5qgg8kicmcvivwmybwjlpf7wh20l-graalvm17-ce-22.3.0/lib/libnio.so
7f9524316000-7f9524317000 ---p 00000000 00:00 0 
7f9524317000-7f9524418000 rw-p 00000000 00:00 0 
7f9524418000-7f952441c000 ---p 00000000 00:00 0 
7f952441c000-7f9524518000 rw-p 00000000 00:00 0 
7f9524518000-7f952451c000 ---p 00000000 00:00 0 
7f952451c000-7f9524618000 rw-p 00000000 00:00 0 
7f9524618000-7f952461c000 ---p 00000000 00:00 0 
7f952461c000-7f9524718000 rw-p 00000000 00:00 0 
7f9524718000-7f952471c000 ---p 00000000 00:00 0 
7f952471c000-7f9524918000 rw-p 00000000 00:00 0 
7f9524918000-7f952491c000 ---p 00000000 00:00 0 
7f952491c000-7f9524b18000 rw-p 00000000 00:00 0 
7f9524b18000-7f9524b1c000 ---p 00000000 00:00 0 
7f9524b1c000-7f9524c18000 rw-p 00000000 00:00 0 
7f9524c18000-7f9524c1c000 ---p 00000000 00:00 0 
7f9524c1c000-7f9524d18000 rw-p 00000000 00:00 0 
7f9524d18000-7f9524d1c000 ---p 00000000 00:00 0 
7f9524d1c000-7f9524e18000 rw-p 00000000 00:00 0 
7f9524e18000-7f95250fe000 r--p 00000000 00:13e3 28444448                 /usr/lib/locale/locale-archive
7f95250fe000-7f9525102000 ---p 00000000 00:00 0 
7f9525102000-7f95251fe000 rw-p 00000000 00:00 0 
7f95251fe000-7f9525202000 ---p 00000000 00:00 0 
7f9525202000-7f95252fe000 rw-p 00000000 00:00 0 
7f95252fe000-7f95252ff000 ---p 00000000 00:00 0 
7f95252ff000-7f9525800000 rw-p 00000000 00:00 0 
7f9525800000-7f9525b00000 rw-p 00000000 00:00 0 
7f9525b00000-7f9525c00000 rw-p 00000000 00:00 0 
7f9525c01000-7f9525ccf000 r-xp 00000000 00:1449 9223372037562577940      /nix/store/gpxl5qgg8kicmcvivwmybwjlpf7wh20l-graalvm17-ce-22.3.0/lib/libjsvml.so
7f9525ccf000-7f9525cd0000 r--p 000cd000 00:1449 9223372037562577940      /nix/store/gpxl5qgg8kicmcvivwmybwjlpf7wh20l-graalvm17-ce-22.3.0/lib/libjsvml.so
7f9525cd0000-7f9525cd1000 rw-p 000ce000 00:1449 9223372037562577940      /nix/store/gpxl5qgg8kicmcvivwmybwjlpf7wh20l-graalvm17-ce-22.3.0/lib/libjsvml.so
7f9525cd1000-7f95274b3000 rw-p 00000000 00:00 0 
7f95274b3000-7f9527723000 rwxp 00000000 00:00 0 
7f9527723000-7f9527a42000 ---p 00000000 00:00 0 
7f9527a42000-7f9528572000 rwxp 00000000 00:00 0 
7f9528572000-7f952ef7a000 ---p 00000000 00:00 0 
7f952ef7a000-7f952f1ea000 rwxp 00000000 00:00 0 
7f952f1ea000-7f95364b3000 ---p 00000000 00:00 0 
7f95364b3000-7f9540000000 r--s 00000000 00:1449 9223372037562580485      /nix/store/gpxl5qgg8kicmcvivwmybwjlpf7wh20l-graalvm17-ce-22.3.0/lib/modules
7f9540000000-7f954040d000 rw-p 00000000 00:00 0 
7f954040d000-7f9544000000 ---p 00000000 00:00 0 
7f9544004000-7f95440fa000 rw-p 00000000 00:00 0 
7f95440fa000-7f95440fb000 ---p 00000000 00:00 0 
7f95440fb000-7f95442a6000 rw-p 00000000 00:00 0 
7f95442a6000-7f95442cf000 rw-p 00000000 00:00 0 
7f95442cf000-7f95442fc000 ---p 00000000 00:00 0 
7f95442fc000-7f9544302000 rw-p 00000000 00:00 0 
7f9544302000-7f95443e8000 ---p 00000000 00:00 0 
7f95443e8000-7f95443ff000 rw-p 00000000 00:00 0 
7f95443ff000-7f95444d3000 ---p 00000000 00:00 0 
7f95444d3000-7f95444d8000 rw-p 00000000 00:00 0 
7f95444d8000-7f95444df000 ---p 00000000 00:00 0 
7f95444df000-7f9544503000 r-xp 00000000 00:1449 9223372037562577932      /nix/store/gpxl5qgg8kicmcvivwmybwjlpf7wh20l-graalvm17-ce-22.3.0/lib/libjava.so
7f9544503000-7f9544504000 ---p 00024000 00:1449 9223372037562577932      /nix/store/gpxl5qgg8kicmcvivwmybwjlpf7wh20l-graalvm17-ce-22.3.0/lib/libjava.so
7f9544504000-7f9544505000 r--p 00024000 00:1449 9223372037562577932      /nix/store/gpxl5qgg8kicmcvivwmybwjlpf7wh20l-graalvm17-ce-22.3.0/lib/libjava.so
7f9544505000-7f9544506000 rw-p 00025000 00:1449 9223372037562577932      /nix/store/gpxl5qgg8kicmcvivwmybwjlpf7wh20l-graalvm17-ce-22.3.0/lib/libjava.so
7f9544506000-7f9544507000 rw-p 00000000 00:00 0 
7f9544507000-7f954450e000 rw-p 0002f000 00:1449 9223372037562577932      /nix/store/gpxl5qgg8kicmcvivwmybwjlpf7wh20l-graalvm17-ce-22.3.0/lib/libjava.so
7f954450e000-7f9544516000 rw-s 00000000 00:309 573                       /tmp/hsperfdata_runner/3016
7f9544516000-7f9544517000 ---p 00000000 00:00 0 
7f9544517000-7f9544518000 r--p 00000000 00:00 0 
7f9544518000-7f9544519000 rwxp 00000000 00:00 0 
7f9544519000-7f9544534000 r-xp 00000000 00:1449 9223372037562577936      /nix/store/gpxl5qgg8kicmcvivwmybwjlpf7wh20l-graalvm17-ce-22.3.0/lib/libjimage.so
7f9544534000-7f9544535000 ---p 0001b000 00:1449 9223372037562577936      /nix/store/gpxl5qgg8kicmcvivwmybwjlpf7wh20l-graalvm17-ce-22.3.0/lib/libjimage.so
7f9544535000-7f9544537000 r--p 0001b000 00:1449 9223372037562577936      /nix/store/gpxl5qgg8kicmcvivwmybwjlpf7wh20l-graalvm17-ce-22.3.0/lib/libjimage.so
7f9544537000-7f9544538000 rw-p 0001d000 00:1449 9223372037562577936      /nix/store/gpxl5qgg8kicmcvivwmybwjlpf7wh20l-graalvm17-ce-22.3.0/lib/libjimage.so
7f9544538000-7f9544539000 rw-p 00024000 00:1449 9223372037562577936      /nix/store/gpxl5qgg8kicmcvivwmybwjlpf7wh20l-graalvm17-ce-22.3.0/lib/libjimage.so
7f9544539000-7f954453d000 ---p 00000000 00:00 0 
7f954453d000-7f9544639000 rw-p 00000000 00:00 0 
7f9544639000-7f9544647000 r--p 00000000 00:1449 9223372037455367831      /nix/store/4nlgxhb09sdr51nc9hdm8az5b08vzkgx-glibc-2.35-163/lib/libm.so.6
7f9544647000-7f95446ba000 r-xp 0000e000 00:1449 9223372037455367831      /nix/store/4nlgxhb09sdr51nc9hdm8az5b08vzkgx-glibc-2.35-163/lib/libm.so.6
7f95446ba000-7f9544717000 r--p 00081000 00:1449 9223372037455367831      /nix/store/4nlgxhb09sdr51nc9hdm8az5b08vzkgx-glibc-2.35-163/lib/libm.so.6
7f9544717000-7f9544718000 r--p 000dd000 00:1449 9223372037455367831      /nix/store/4nlgxhb09sdr51nc9hdm8az5b08vzkgx-glibc-2.35-163/lib/libm.so.6
7f9544718000-7f9544719000 rw-p 000de000 00:1449 9223372037455367831      /nix/store/4nlgxhb09sdr51nc9hdm8az5b08vzkgx-glibc-2.35-163/lib/libm.so.6
7f9544719000-7f954471a000 r--p 00000000 00:1449 9223372037455367850      /nix/store/4nlgxhb09sdr51nc9hdm8az5b08vzkgx-glibc-2.35-163/lib/librt.so.1
7f954471a000-7f954471b000 r-xp 00001000 00:1449 9223372037455367850      /nix/store/4nlgxhb09sdr51nc9hdm8az5b08vzkgx-glibc-2.35-163/lib/librt.so.1
7f954471b000-7f954471c000 r--p 00002000 00:1449 9223372037455367850      /nix/store/4nlgxhb09sdr51nc9hdm8az5b08vzkgx-glibc-2.35-163/lib/librt.so.1
7f954471c000-7f954471d000 r--p 00002000 00:1449 9223372037455367850      /nix/store/4nlgxhb09sdr51nc9hdm8az5b08vzkgx-glibc-2.35-163/lib/librt.so.1
7f954471d000-7f954471e000 rw-p 00003000 00:1449 9223372037455367850      /nix/store/4nlgxhb09sdr51nc9hdm8az5b08vzkgx-glibc-2.35-163/lib/librt.so.1
7f954471e000-7f9545831000 r-xp 00000000 00:1449 9223372037562748770      /nix/store/gpxl5qgg8kicmcvivwmybwjlpf7wh20l-graalvm17-ce-22.3.0/lib/server/libjvm.so
7f9545831000-7f9545832000 ---p 01113000 00:1449 9223372037562748770      /nix/store/gpxl5qgg8kicmcvivwmybwjlpf7wh20l-graalvm17-ce-22.3.0/lib/server/libjvm.so
7f9545832000-7f95458e7000 r--p 01113000 00:1449 9223372037562748770      /nix/store/gpxl5qgg8kicmcvivwmybwjlpf7wh20l-graalvm17-ce-22.3.0/lib/server/libjvm.so
7f95458e7000-7f954591b000 rw-p 011c8000 00:1449 9223372037562748770      /nix/store/gpxl5qgg8kicmcvivwmybwjlpf7wh20l-graalvm17-ce-22.3.0/lib/server/libjvm.so
7f954591b000-7f9545977000 rw-p 00000000 00:00 0 
7f9545977000-7f954599f000 r--p 00000000 00:1449 9223372037455367822      /nix/store/4nlgxhb09sdr51nc9hdm8az5b08vzkgx-glibc-2.35-163/lib/libc.so.6
7f954599f000-7f9545b15000 r-xp 00028000 00:1449 9223372037455367822      /nix/store/4nlgxhb09sdr51nc9hdm8az5b08vzkgx-glibc-2.35-163/lib/libc.so.6
7f9545b15000-7f9545b6d000 r--p 0019e000 00:1449 9223372037455367822      /nix/store/4nlgxhb09sdr51nc9hdm8az5b08vzkgx-glibc-2.35-163/lib/libc.so.6
7f9545b6d000-7f9545b71000 r--p 001f6000 00:1449 9223372037455367822      /nix/store/4nlgxhb09sdr51nc9hdm8az5b08vzkgx-glibc-2.35-163/lib/libc.so.6
7f9545b71000-7f9545b73000 rw-p 001fa000 00:1449 9223372037455367822      /nix/store/4nlgxhb09sdr51nc9hdm8az5b08vzkgx-glibc-2.35-163/lib/libc.so.6
7f9545b73000-7f9545b82000 rw-p 00000000 00:00 0 
7f9545b82000-7f9545b83000 r--p 00000000 00:1449 9223372037455367827      /nix/store/4nlgxhb09sdr51nc9hdm8az5b08vzkgx-glibc-2.35-163/lib/libdl.so.2
7f9545b83000-7f9545b84000 r-xp 00001000 00:1449 9223372037455367827      /nix/store/4nlgxhb09sdr51nc9hdm8az5b08vzkgx-glibc-2.35-163/lib/libdl.so.2
7f9545b84000-7f9545b85000 r--p 00002000 00:1449 9223372037455367827      /nix/store/4nlgxhb09sdr51nc9hdm8az5b08vzkgx-glibc-2.35-163/lib/libdl.so.2
7f9545b85000-7f9545b86000 r--p 00002000 00:1449 9223372037455367827      /nix/store/4nlgxhb09sdr51nc9hdm8az5b08vzkgx-glibc-2.35-163/lib/libdl.so.2
7f9545b86000-7f9545b87000 rw-p 00003000 00:1449 9223372037455367827      /nix/store/4nlgxhb09sdr51nc9hdm8az5b08vzkgx-glibc-2.35-163/lib/libdl.so.2
7f9545b87000-7f9545b88000 r--p 00000000 00:1449 9223372037455367846      /nix/store/4nlgxhb09sdr51nc9hdm8az5b08vzkgx-glibc-2.35-163/lib/libpthread.so.0
7f9545b88000-7f9545b89000 r-xp 00001000 00:1449 9223372037455367846      /nix/store/4nlgxhb09sdr51nc9hdm8az5b08vzkgx-glibc-2.35-163/lib/libpthread.so.0
7f9545b89000-7f9545b8a000 r--p 00002000 00:1449 9223372037455367846      /nix/store/4nlgxhb09sdr51nc9hdm8az5b08vzkgx-glibc-2.35-163/lib/libpthread.so.0
7f9545b8a000-7f9545b8b000 r--p 00002000 00:1449 9223372037455367846      /nix/store/4nlgxhb09sdr51nc9hdm8az5b08vzkgx-glibc-2.35-163/lib/libpthread.so.0
7f9545b8b000-7f9545b8c000 rw-p 00003000 00:1449 9223372037455367846      /nix/store/4nlgxhb09sdr51nc9hdm8az5b08vzkgx-glibc-2.35-163/lib/libpthread.so.0
7f9545b8c000-7f9545b9a000 r-xp 00000000 00:1449 9223372037562577937      /nix/store/gpxl5qgg8kicmcvivwmybwjlpf7wh20l-graalvm17-ce-22.3.0/lib/libjli.so
7f9545b9a000-7f9545b9b000 ---p 0000e000 00:1449 9223372037562577937      /nix/store/gpxl5qgg8kicmcvivwmybwjlpf7wh20l-graalvm17-ce-22.3.0/lib/libjli.so
7f9545b9b000-7f9545b9c000 r--p 0000e000 00:1449 9223372037562577937      /nix/store/gpxl5qgg8kicmcvivwmybwjlpf7wh20l-graalvm17-ce-22.3.0/lib/libjli.so
7f9545b9c000-7f9545b9d000 rw-p 0000f000 00:1449 9223372037562577937      /nix/store/gpxl5qgg8kicmcvivwmybwjlpf7wh20l-graalvm17-ce-22.3.0/lib/libjli.so
7f9545b9d000-7f9545b9e000 rw-p 00012000 00:1449 9223372037562577937      /nix/store/gpxl5qgg8kicmcvivwmybwjlpf7wh20l-graalvm17-ce-22.3.0/lib/libjli.so
7f9545b9e000-7f9545ba1000 r--p 00000000 00:1449 9223372037533597975      /nix/store/026hln0aq1hyshaxsdvhg0kmcm6yf45r-zlib-1.2.13/lib/libz.so.1.2.13
7f9545ba1000-7f9545bb3000 r-xp 00003000 00:1449 9223372037533597975      /nix/store/026hln0aq1hyshaxsdvhg0kmcm6yf45r-zlib-1.2.13/lib/libz.so.1.2.13
7f9545bb3000-7f9545bba000 r--p 00015000 00:1449 9223372037533597975      /nix/store/026hln0aq1hyshaxsdvhg0kmcm6yf45r-zlib-1.2.13/lib/libz.so.1.2.13
7f9545bba000-7f9545bbb000 r--p 0001b000 00:1449 9223372037533597975      /nix/store/026hln0aq1hyshaxsdvhg0kmcm6yf45r-zlib-1.2.13/lib/libz.so.1.2.13
7f9545bbb000-7f9545bbc000 rw-p 0001c000 00:1449 9223372037533597975      /nix/store/026hln0aq1hyshaxsdvhg0kmcm6yf45r-zlib-1.2.13/lib/libz.so.1.2.13
7f9545bbc000-7f9545bbe000 rw-p 00000000 00:00 0 
7f9545bbe000-7f9545bc0000 r--p 00000000 00:1449 9223372037455367816      /nix/store/4nlgxhb09sdr51nc9hdm8az5b08vzkgx-glibc-2.35-163/lib/ld-linux-x86-64.so.2
7f9545bc0000-7f9545be7000 r-xp 00002000 00:1449 9223372037455367816      /nix/store/4nlgxhb09sdr51nc9hdm8az5b08vzkgx-glibc-2.35-163/lib/ld-linux-x86-64.so.2
7f9545be7000-7f9545bf3000 r--p 00029000 00:1449 9223372037455367816      /nix/store/4nlgxhb09sdr51nc9hdm8az5b08vzkgx-glibc-2.35-163/lib/ld-linux-x86-64.so.2
7f9545bf3000-7f9545bf5000 r--p 00034000 00:1449 9223372037455367816      /nix/store/4nlgxhb09sdr51nc9hdm8az5b08vzkgx-glibc-2.35-163/lib/ld-linux-x86-64.so.2
7f9545bf5000-7f9545bf7000 rw-p 00036000 00:1449 9223372037455367816      /nix/store/4nlgxhb09sdr51nc9hdm8az5b08vzkgx-glibc-2.35-163/lib/ld-linux-x86-64.so.2
7fff0739c000-7fff073c0000 rw-p 00000000 00:00 0                          [stack]
7fff073c5000-7fff073c9000 r--p 00000000 00:00 0                          [vvar]
7fff073c9000-7fff073cb000 r-xp 00000000 00:00 0                          [vdso]
ffffffffff600000-ffffffffff601000 --xp 00000000 00:00 0                  [vsyscall]


VM Arguments:
jvm_args: -XX:ThreadPriorityPolicy=1 -XX:+UnlockExperimentalVMOptions -XX:+EnableJVMCIProduct -XX:JVMCIThreadsPerNativeLibraryRuntime=1 -XX:-UnlockExperimentalVMOptions -Declipse.application=org.eclipse.jdt.ls.core.id1 -Dosgi.bundles.defaultStartLevel=4 -Declipse.product=org.eclipse.jdt.ls.core.product -Dlog.level=ALL -Xverify:none -XX:+UseParallelGC -XX:GCTimeRatio=4 -XX:AdaptiveSizePolicyWeight=90 -Dsun.zip.disableMemoryMapping=true -Xmx512m -Xms100m 
java_command: /nix/store/m6gcpi1ii6rghy04cjwjddcavv7i90df-jdt-language-server-1.9.0/share/java/plugins/org.eclipse.equinox.launcher_1.6.400.v20210924-0641.jar --add-modules=ALL-SYSTEM --add-opens java.base/java.util=ALL-UNNAMED --add-opens java.base/java.lang=ALL-UNNAMED -configuration /home/runner/.cache/jdt-language-server/config -data /home/runner/.cache/jdt-language-server/data/home/runner/StudentWalletSkillsUSA
java_class_path (initial): /nix/store/m6gcpi1ii6rghy04cjwjddcavv7i90df-jdt-language-server-1.9.0/share/java/plugins/org.eclipse.equinox.launcher_1.6.400.v20210924-0641.jar
Launcher Type: SUN_STANDARD

[Global flags]
    uintx AdaptiveSizePolicyWeight                 = 90                                        {product} {command line}
     intx CICompilerCount                          = 2                                         {product} {ergonomic}
     bool EnableJVMCIProduct                       = true                                {JVMCI product} {jimage}
    uintx GCTimeRatio                              = 4                                         {product} {command line}
   size_t InitialHeapSize                          = 104857600                                 {product} {command line}
     uint JVMCIThreadsPerNativeLibraryRuntime      = 1                                   {JVMCI product} {jimage}
   size_t MaxHeapSize                              = 536870912                                 {product} {command line}
   size_t MaxNewSize                               = 178782208                                 {product} {ergonomic}
   size_t MinHeapDeltaBytes                        = 524288                                    {product} {ergonomic}
   size_t MinHeapSize                              = 104857600                                 {product} {command line}
   size_t NewSize                                  = 34603008                                  {product} {ergonomic}
    uintx NonNMethodCodeHeapSize                   = 5826188                                {pd product} {ergonomic}
    uintx NonProfiledCodeHeapSize                  = 122916026                              {pd product} {ergonomic}
   size_t OldSize                                  = 70254592                                  {product} {ergonomic}
    uintx ProfiledCodeHeapSize                     = 122916026                              {pd product} {ergonomic}
    uintx ReservedCodeCacheSize                    = 251658240                              {pd product} {ergonomic}
     bool SegmentedCodeCache                       = true                                      {product} {ergonomic}
   size_t SoftMaxHeapSize                          = 536870912                              {manageable} {ergonomic}
     intx ThreadPriorityPolicy                     = 1                                         {product} {jimage}
     bool UseCompressedClassPointers               = true                           {product lp64_product} {ergonomic}
     bool UseCompressedOops                        = true                           {product lp64_product} {ergonomic}
     bool UseParallelGC                            = true                                      {product} {command line}

Logging:
Log output configuration:
 #0: stdout all=warning uptime,level,tags
 #1: stderr all=off uptime,level,tags

Environment Variables:
JAVA_HOME=/nix/store/gpxl5qgg8kicmcvivwmybwjlpf7wh20l-graalvm17-ce-22.3.0
PATH=/nix/store/1d6ian3r8kdzspw8hacjhl3xkp40g1lj-binutils-wrapper-2.39/bin:/nix/store/dq0xwmsk1g0i2ayg6pb7y87na2knzylh-gcc-wrapper-11.3.0/bin:/nix/store/bap4d0lpcrhpwmpb8ayjcgkmvfj62lnq-bash-interactive-5.1-p16/bin:/nix/store/pr5n59mb4jzmfx6kanwxly0l07p861fg-patchelf-0.15.0/bin:/nix/store/1gf2flfqnpqbr1b4p4qz2f72y42bs56r-gcc-11.3.0/bin:/nix/store/57xv61c5zi8pphjbcwxxjlgc34p61ic9-glibc-2.35-163-bin/bin:/nix/store/a7gvj343m05j2s32xcnwr35v31ynlypr-coreutils-9.1/bin:/nix/store/039g378vc3pc3dvi9dzdlrd0i4q93qwf-binutils-2.39/bin:/nix/store/gpxl5qgg8kicmcvivwmybwjlpf7wh20l-graalvm17-ce-22.3.0/bin:/nix/store/6z9ag3ihc8mq2hzsw48lhbznvzny65nz-apache-maven-3.8.6/bin:/nix/store/m6gcpi1ii6rghy04cjwjddcavv7i90df-jdt-language-server-1.9.0/bin:/nix/store/84xs5alhs01zrbr4ywm05kxbjbp5590l-java-debug/bin:/nix/store/mydc6f4k2z73xlcz7ilif3v2lcaiqvza-findutils-4.9.0/bin:/nix/store/j9p3g8472iijd50vhdprx0nmk2fqn5gv-diffutils-3.8/bin:/nix/store/89zs7rms6x00xfq4dq6m7mjnhkr8a6r4-gnused-4.8/bin:/nix/store/86bp03jkmsl6f92w0yzg4s59g5mhxwmy-gnugrep-3.7/bin:/nix/store/hwcdqw4jrjnd37wxqgsd47hd0j8bnj09-gawk-5.1.1/bin:/nix/store/cfbhw8r8ags41vwqaz47r583d0p4h4a1-gnutar-1.34/bin:/nix/store/p3m1ndl1lapwrlh698bnb5lvvxh67378-gzip-1.12/bin:/nix/store/a8mhcagrsly7c7mpjrpsnaahk4aax056-bzip2-1.0.8-bin/bin:/nix/store/mblgz65m3zv9x548a3d5m96fj2pbwr09-gnumake-4.3/bin:/nix/store/dsd5gz46hdbdk2rfdimqddhq6m8m8fqs-bash-5.1-p16/bin:/nix/store/v7ljksji50mg3w61dykaa3n3y79n6nil-patch-2.7.6/bin:/nix/store/zlcnmqq14jz5x9439jf937mvayyl63da-xz-5.2.7-bin/bin:/nix/store/y6aj732zm9m87c82fpvf103a1xb22blp-file-5.43/bin:/nix/store/sgqd0ajghcv2axfl1lad0b1alyavp0dc-prybar-elisp-0.0.0-67f7a00/bin:/nix/store/p3hsvljpgs68jqwar41lc0jqhjj734lf-prybar-lua-0.0.0-67f7a00/bin:/nix/store/qzxs2gybds3s9kb1vkaflpgm2nwr85fh-prybar-python3-0.0.0-67f7a00/bin:/nix/store/km94z9mxp8w4m8gxxp5mbfpdf3nkfvd8-prybar-sqlite-0.0.0-67f7a00/bin:/nix/store/2pnc7b76asw0z59c4l6h6qy8arwqrii1-prybar-tcl-0.0.0-67f7a00/bin:/nix/store/hpbvrlwd5viqmvcaisb3x0118i913a9n-st
LD_LIBRARY_PATH=/nix/store/a4pff549sk2idnkpzk5nsfps3mdkdnvm-cups-2.4.2-lib/lib:/nix/store/72mqxxhh3cy5yifh92wh2yb8cl2hikyy-cairo-1.16.0/lib:/nix/store/2k366jrbsra97gjfxwvrhvixjfxdach5-glib-2.74.1/lib:/nix/store/2j2znigd8ak37rlwh9khz0ry3clqlw1l-gtk+3-3.24.34/lib:/nix/store/hisqvx32cd57apbpcsnkpx6k3549wql1-libglvnd-1.4.0/lib:/nix/store/p36pgcv991mq5srvg765b78yqpxvk3qs-mesa-21.3.3-drivers/lib:/nix/store/mav4251if1ahjq5vkpwycyyvnmy459c4-pulseaudio-14.2/lib
DISPLAY=:0
LANG=en_US.UTF-8

Signal Handlers:
   SIGSEGV: crash_handler in libjvm.so, mask=11100100010111111101111111111110, flags=SA_RESTART|SA_SIGINFO
    SIGBUS: crash_handler in libjvm.so, mask=11100100010111111101111111111110, flags=SA_RESTART|SA_SIGINFO
    SIGFPE: crash_handler in libjvm.so, mask=11100100010111111101111111111110, flags=SA_RESTART|SA_SIGINFO
   SIGPIPE: IsolateEnterStub_IgnoreSIGPIPEStartupHook_noopSignalHandler_8f19bff2f35b5f630d83b364d6b2339320d4ec70_216e8361c6bc87a8f89f58cc10d3b2fd4415bf87 in libjvmcicompiler.so, mask=00000000000000000000000000000000, flags=SA_RESTART
  *** Handler was modified!
  *** Expected: javaSignalHandler in libjvm.so, mask=11100100110111111111111111111110, flags=SA_RESTART|SA_SIGINFO
   SIGXFSZ: javaSignalHandler in libjvm.so, mask=11100100010111111101111111111110, flags=SA_RESTART|SA_SIGINFO
    SIGILL: crash_handler in libjvm.so, mask=11100100010111111101111111111110, flags=SA_RESTART|SA_SIGINFO
   SIGUSR2: SR_handler in libjvm.so, mask=00000000000000000000000000000000, flags=SA_RESTART|SA_SIGINFO
    SIGHUP: UserHandler in libjvm.so, mask=11100100010111111101111111111110, flags=SA_RESTART|SA_SIGINFO
    SIGINT: UserHandler in libjvm.so, mask=11100100010111111101111111111110, flags=SA_RESTART|SA_SIGINFO
   SIGTERM: UserHandler in libjvm.so, mask=11100100010111111101111111111110, flags=SA_RESTART|SA_SIGINFO
   SIGQUIT: UserHandler in libjvm.so, mask=11100100010111111101111111111110, flags=SA_RESTART|SA_SIGINFO
  *** Handler was modified!
  *** Expected: javaSignalHandler in libjvm.so, mask=11100100110111111111111111111110, flags=SA_RESTART|SA_SIGINFO
   SIGTRAP: crash_handler in libjvm.so, mask=11100100010111111101111111111110, flags=SA_RESTART|SA_SIGINFO


---------------  S Y S T E M  ---------------

OS:
DISTRIB_ID=Ubuntu
DISTRIB_RELEASE=20.04
DISTRIB_CODENAME=focal
DISTRIB_DESCRIPTION="Ubuntu 20.04.2 LTS"
uname: Linux 5.15.0-1027-gcp #34~20.04.1-Ubuntu SMP Mon Jan 9 18:40:09 UTC 2023 x86_64
OS uptime: 0 days 12:35 hours
libc: glibc 2.35 NPTL 2.35 
rlimit (soft/hard): STACK 8192k/infinity , CORE infinity/infinity , NPROC infinity/infinity , NOFILE 5242/5242 , AS infinity/infinity , CPU infinity/infinity , DATA infinity/infinity , FSIZE infinity/infinity , MEMLOCK 64k/64k
load average: 13.13 17.68 15.82

/proc/meminfo:
MemTotal:       65852736 kB
MemFree:        25465156 kB
MemAvailable:   48664268 kB
Buffers:         3693536 kB
Cached:         18017648 kB
SwapCached:            0 kB
Active:         11279188 kB
Inactive:       24979152 kB
Active(anon):      13652 kB
Inactive(anon): 14235124 kB
Active(file):   11265536 kB
Inactive(file): 10744028 kB
Unevictable:       43572 kB
Mlocked:           43572 kB
SwapTotal:             0 kB
SwapFree:              0 kB
Dirty:              1016 kB
Writeback:             0 kB
AnonPages:      12884520 kB
Mapped:          1858484 kB
Shmem:             60900 kB
KReclaimable:    1916148 kB
Slab:            3185980 kB
SReclaimable:    1916148 kB
SUnreclaim:      1269832 kB
KernelStack:      391152 kB
PageTables:       137888 kB
NFS_Unstable:          0 kB
Bounce:                0 kB
WritebackTmp:          0 kB
CommitLimit:    32926368 kB
Committed_AS:   67866836 kB
VmallocTotal:   34359738367 kB
VmallocUsed:      429732 kB
VmallocChunk:          0 kB
Percpu:            63456 kB
HardwareCorrupted:     0 kB
AnonHugePages:    497664 kB
ShmemHugePages:        0 kB
ShmemPmdMapped:        0 kB
FileHugePages:         0 kB
FilePmdMapped:         0 kB
HugePages_Total:       0
HugePages_Free:        0
HugePages_Rsvd:        0
HugePages_Surp:        0
Hugepagesize:       2048 kB
Hugetlb:               0 kB
DirectMap4k:     5219136 kB
DirectMap2M:    52449280 kB
DirectMap1G:    11534336 kB

/sys/kernel/mm/transparent_hugepage/enabled: always [madvise] never
/sys/kernel/mm/transparent_hugepage/defrag (defrag/compaction efforts parameter): always defer defer+madvise [madvise] never

Process Memory:
Virtual Size: 4514884K (peak: 4552488K)
Resident Set Size: 722692K (peak: 752312K) (anon: 528036K, file: 194656K, shmem: 0K)
Swapped out: 0K
C-Heap outstanding allocations: 36743K, retained: 12420K
glibc malloc tunables: (default)

/proc/sys/kernel/threads-max (system-wide limit on the number of threads): 514406
/proc/sys/vm/max_map_count (maximum number of memory map areas a process may have): 65530
/proc/sys/kernel/pid_max (system-wide limit on number of process identifiers): 4194304

container (cgroup) information:
container_type: cgroupv1
cpu_cpuset_cpus: 2-7
cpu_memory_nodes: 0
active_processor_count: 1
cpu_quota: 50000
cpu_period: 100000
cpu_shares: 512
memory_limit_in_bytes: 1048576 k
memory_and_swap_limit_in_bytes: 1048576 k
memory_soft_limit_in_bytes: 524288 k
memory_usage_in_bytes: 768632 k
memory_max_usage_in_bytes: 1048576 k
maximum number of tasks: 1000
current number of tasks: 81

KVM virtualization detected
Steal ticks since vm start: 0
Steal ticks percentage since vm start:  0.000

CPU: total 8 (initial active 1) (8 cores per cpu, 2 threads per core) family 23 model 49 stepping 0 microcode 0xffffffff, cx8, cmov, fxsr, ht, mmx, 3dnowpref, sse, sse2, sse3, ssse3, sse4a, sse4.1, sse4.2, popcnt, lzcnt, tsc, tscinvbit, avx, avx2, aes, clmul, bmi1, bmi2, adx, sha, fma, vzeroupper, clflush, clflushopt, hv
CPU Model and flags from /proc/cpuinfo:
model name	: AMD EPYC 7B12
flags		: fpu vme de pse tsc msr pae mce cx8 apic sep mtrr pge mca cmov pat pse36 clflush mmx fxsr sse sse2 ht syscall nx mmxext fxsr_opt pdpe1gb rdtscp lm constant_tsc rep_good nopl nonstop_tsc cpuid extd_apicid tsc_known_freq pni pclmulqdq ssse3 fma cx16 sse4_1 sse4_2 movbe popcnt aes xsave avx f16c rdrand hypervisor lahf_lm cmp_legacy cr8_legacy abm sse4a misalignsse 3dnowprefetch osvw topoext ssbd ibrs ibpb stibp vmmcall fsgsbase tsc_adjust bmi1 avx2 smep bmi2 rdseed adx smap clflushopt clwb sha_ni xsaveopt xsavec xgetbv1 clzero xsaveerptr arat npt nrip_save umip rdpid

Online cpus: 0-7
Offline cpus: 
BIOS frequency limitation: <Not Available>
Frequency switch latency (ns): <Not Available>
Available cpu frequencies: <Not Available>
Current governor: <Not Available>
Core performance/turbo boost: <Not Available>

Memory: 4k page, physical 1048576k(279948k free), swap 0k(0k free)
Page Sizes: 4k

vm_info: OpenJDK 64-Bit Server VM (17.0.5+8-jvmci-22.3-b08) for linux-amd64 JRE (17.0.5+8-jvmci-22.3-b08), built on Oct 19 2022 09:01:27 by "buildslave" with gcc 10.3.0

END.
