#
# A fatal error has been detected by the Java Runtime Environment:
#
#  Internal Error (jvmciRuntime.cpp:1609), pid=21, tid=35
#  fatal error: Fatal exception in JVMCI: Error calling jdk.vm.ci.services.Services.serializeSavedProperties
#
# JRE version: OpenJDK Runtime Environment GraalVM CE 22.3.0 (17.0.5+8) (build 17.0.5+8-jvmci-22.3-b08)
# Java VM: OpenJDK 64-Bit Server VM GraalVM CE 22.3.0 (17.0.5+8-jvmci-22.3-b08, mixed mode, sharing, tiered, jvmci, jvmci compiler, compressed oops, compressed class ptrs, parallel gc, linux-amd64)
# Problematic frame:
# V  [libjvm.so+0x972714]  JVMCIRuntime::fatal_exception(JVMCIEnv*, char const*)+0x74
#
# Core dump will be written. Default location: Core dumps may be processed with "/usr/share/apport/apport -p%p -s%s -c%c -d%d -P%P -u%u -g%g -- %E" (or dumping to /home/runner/StudentWalletSkillsUSA/core.21)
#
# If you would like to submit a bug report, please visit:
#   https://github.com/oracle/graal/issues
#

---------------  S U M M A R Y ------------

Command Line: -XX:ThreadPriorityPolicy=1 -XX:+UnlockExperimentalVMOptions -XX:+EnableJVMCIProduct -XX:JVMCIThreadsPerNativeLibraryRuntime=1 -XX:-UnlockExperimentalVMOptions -Declipse.application=org.eclipse.jdt.ls.core.id1 -Dosgi.bundles.defaultStartLevel=4 -Declipse.product=org.eclipse.jdt.ls.core.product -Dlog.level=ALL -Xverify:none -XX:+UseParallelGC -XX:GCTimeRatio=4 -XX:AdaptiveSizePolicyWeight=90 -Dsun.zip.disableMemoryMapping=true -Xmx512m -Xms100m /nix/store/m6gcpi1ii6rghy04cjwjddcavv7i90df-jdt-language-server-1.9.0/share/java/plugins/org.eclipse.equinox.launcher_1.6.400.v20210924-0641.jar --add-modules=ALL-SYSTEM --add-opens java.base/java.util=ALL-UNNAMED --add-opens java.base/java.lang=ALL-UNNAMED -configuration /home/runner/.cache/jdt-language-server/config -data /home/runner/.cache/jdt-language-server/data/home/runner/StudentWalletSkillsUSA

Host: AMD EPYC 7B12, 8 cores, 1G, Ubuntu 20.04.2 LTS
Time: Tue Jan 31 02:49:07 2023 UTC elapsed time: 449.811226 seconds (0d 0h 7m 29s)

---------------  T H R E A D  ---------------

Current thread (0x00007f4de40b21e0):  JavaThread "JVMCI-native CompilerThread0" daemon [_thread_in_vm, id=35, stack(0x00007f4de871a000,0x00007f4de891a000)]


Current CompileTask:
JVMCI-native: 449813 7183       4       java.util.HashMap::put (13 bytes)

Stack: [0x00007f4de871a000,0x00007f4de891a000],  sp=0x00007f4de8918380,  free space=2040k
Native frames: (J=compiled Java code, j=interpreted, Vv=VM code, C=native code)
V  [libjvm.so+0x972714]  JVMCIRuntime::fatal_exception(JVMCIEnv*, char const*)+0x74
V  [libjvm.so+0x93e2fe]  JVMCIEnv::copy_saved_properties()+0x14e
V  [libjvm.so+0x9732a9]  JVMCIRuntime::initialize(JVMCIEnv*)+0xb19
V  [libjvm.so+0x9738a2]  JVMCIRuntime::get_HotSpotJVMCIRuntime(JVMCIEnv*)+0x12
V  [libjvm.so+0x9749f2]  JVMCIRuntime::compile_method(JVMCIEnv*, JVMCICompiler*, methodHandle const&, int)+0xd2
V  [libjvm.so+0x5b0d20]  CompileBroker::invoke_compiler_on_method(CompileTask*)+0x1470
V  [libjvm.so+0x5b12e8]  CompileBroker::compiler_thread_loop()+0x528
V  [libjvm.so+0xd82460]  JavaThread::thread_main_inner()+0xd0
V  [libjvm.so+0xd85a40]  Thread::call_run()+0xc0
V  [libjvm.so+0xbdb1e1]  thread_native_entry(Thread*)+0xe1

Register to memory mapping:

RAX=0x00007f4deb7f2000 points into unknown readable memory: 0x0000000000000058 | 58 00 00 00 00 00 00 00
RBX=0x00007f4dec8ed398: <offset 0x0000000000ef5398> in /nix/store/gpxl5qgg8kicmcvivwmybwjlpf7wh20l-graalvm17-ce-22.3.0/lib/server/libjvm.so at 0x00007f4deb9f8000
RCX=0x00007f4dec8a51e8: <offset 0x0000000000ead1e8> in /nix/store/gpxl5qgg8kicmcvivwmybwjlpf7wh20l-graalvm17-ce-22.3.0/lib/server/libjvm.so at 0x00007f4deb9f8000
RDX=0x0000000000000649 is an unknown value
RSP=0x00007f4de8918380 is pointing into the stack for thread: 0x00007f4de40b21e0
RBP=0x00007f4de89183a0 is pointing into the stack for thread: 0x00007f4de40b21e0
RSI=0x00007f4dec8edc48: <offset 0x0000000000ef5c48> in /nix/store/gpxl5qgg8kicmcvivwmybwjlpf7wh20l-graalvm17-ce-22.3.0/lib/server/libjvm.so at 0x00007f4deb9f8000
RDI=0x00000000e0000000 is an oop: java.lang.String 
{0x00000000e0000000} - klass: 'java/lang/String'
 - string: "resolution"
R8 =0x00007f4dec8ed398: <offset 0x0000000000ef5398> in /nix/store/gpxl5qgg8kicmcvivwmybwjlpf7wh20l-graalvm17-ce-22.3.0/lib/server/libjvm.so at 0x00007f4deb9f8000
R9 =0x00007f4de8918330 is pointing into the stack for thread: 0x00007f4de40b21e0
R10=0x00007f4de8919948 is pointing into the stack for thread: 0x00007f4de40b21e0
R11=0x0000000000000293 is an unknown value
R12=0x0 is NULL
R13=0x00007f4de40b21e0 is a thread
R14=0x00007f4de4000b80 points into unknown readable memory: 0x00007f4decb1ea38 | 38 ea b1 ec 4d 7f 00 00
R15=0x00007f4decc2ce40: <offset 0x0000000001234e40> in /nix/store/gpxl5qgg8kicmcvivwmybwjlpf7wh20l-graalvm17-ce-22.3.0/lib/server/libjvm.so at 0x00007f4deb9f8000


Registers:
RAX=0x00007f4deb7f2000, RBX=0x00007f4dec8ed398, RCX=0x00007f4dec8a51e8, RDX=0x0000000000000649
RSP=0x00007f4de8918380, RBP=0x00007f4de89183a0, RSI=0x00007f4dec8edc48, RDI=0x00000000e0000000
R8 =0x00007f4dec8ed398, R9 =0x00007f4de8918330, R10=0x00007f4de8919948, R11=0x0000000000000293
R12=0x0000000000000000, R13=0x00007f4de40b21e0, R14=0x00007f4de4000b80, R15=0x00007f4decc2ce40
RIP=0x00007f4dec36a714, EFLAGS=0x0000000000010206, CSGSFS=0x002b000000000033, ERR=0x0000000000000006
  TRAPNO=0x000000000000000e

Top of Stack: (sp=0x00007f4de8918380)
0x00007f4de8918380:   00007f4de8918940 00007f4de40b21e0
0x00007f4de8918390:   00007f4dea1838c8 0000000800c417a0
0x00007f4de89183a0:   00007f4de8918500 00007f4dec3362fe
0x00007f4de89183b0:   00007f4de89183e0 00007f4de8918440 

Instructions: (pc=0x00007f4dec36a714)
0x00007f4dec36a614:   30 e8 f6 cf e8 ff 4c 89 e7 e8 2e 48 d1 ff 84 db
0x00007f4dec36a624:   75 2a 4d 85 ed 74 04 4d 8b 6d 00 48 83 c4 08 44
0x00007f4dec36a634:   89 f9 4c 89 f2 4c 89 ee 5b 4c 89 e7 41 5c 41 5d
0x00007f4dec36a644:   41 5e 41 5f 5d e9 e2 47 d1 ff 66 90 48 83 c4 08
0x00007f4dec36a654:   5b 41 5c 41 5d 41 5e 41 5f 5d c3 90 31 d2 be 08
0x00007f4dec36a664:   00 00 00 4c 89 ff e8 b1 78 a3 ff 49 89 c5 e9 37
0x00007f4dec36a674:   ff ff ff 66 0f 1f 84 00 00 00 00 00 48 8b 7a 08
0x00007f4dec36a684:   e9 6d ff ff ff 0f 1f 80 00 00 00 00 e8 5b 48 0a
0x00007f4dec36a694:   00 84 c0 75 89 e9 6a ff ff ff 66 90 55 48 89 e5
0x00007f4dec36a6a4:   41 56 41 55 41 54 49 89 fc 53 48 89 f3 66 48 8d
0x00007f4dec36a6b4:   3d 27 5e 85 00 66 66 48 e8 df 43 8d ff 4c 8b 28
0x00007f4dec36a6c4:   8b 05 be 72 8a 00 85 c0 75 14 ba 01 00 00 00 48
0x00007f4dec36a6d4:   8d 0d ae 72 8a 00 f0 0f b1 11 85 c0 74 4e be c8
0x00007f4dec36a6e4:   00 00 00 4c 89 ef e8 01 0b 41 00 48 8d 05 12 ac
0x00007f4dec36a6f4:   85 00 49 89 d8 48 8d 0d e8 aa 53 00 ba 49 06 00
0x00007f4dec36a704:   00 48 8d 35 3c 35 58 00 bf 00 00 00 e0 48 8b 00
0x00007f4dec36a714:   c6 00 58 31 c0 e8 e2 91 c6 ff 5b 41 5c 41 5d 41
0x00007f4dec36a724:   5e 5d e9 55 34 26 00 0f 1f 44 00 00 48 8d 05 81
0x00007f4dec36a734:   a3 8b 00 48 89 df 4c 8b 30 e8 9e 43 8d ff 48 89
0x00007f4dec36a744:   de 48 89 c2 49 8b 06 4c 89 f7 ff 50 08 4c 89 f7
0x00007f4dec36a754:   e8 a7 5c 27 00 4d 85 e4 74 12 be 01 00 00 00 4c
0x00007f4dec36a764:   89 e7 e8 35 43 fc ff eb 82 0f 1f 00 be 01 00 00
0x00007f4dec36a774:   00 4c 89 ef e8 d3 fd ff ff e9 6d ff ff ff 66 66
0x00007f4dec36a784:   2e 0f 1f 84 00 00 00 00 00 0f 1f 00 55 48 89 e5
0x00007f4dec36a794:   41 57 41 56 41 55 41 54 53 48 81 ec 08 02 00 00
0x00007f4dec36a7a4:   64 48 8b 04 25 28 00 00 00 48 89 45 c8 8b 07 83
0x00007f4dec36a7b4:   f8 02 0f 84 11 04 00 00 4c 8b 6f 18 49 89 ff 49
0x00007f4dec36a7c4:   89 f4 4d 85 ed 74 14 4c 89 ef e8 5d 57 22 00 41
0x00007f4dec36a7d4:   8b 07 83 f8 02 0f 84 19 04 00 00 48 8d 1d 9a 06
0x00007f4dec36a7e4:   8a 00 4c 8d 35 0b 3c 58 00 eb 38 90 48 85 d2 7f
0x00007f4dec36a7f4:   0d 48 8d 05 b4 c0 85 00 48 83 38 00 7e 0e 41 8b
0x00007f4dec36a804:   77 2c 4c 89 f7 31 c0 e8 a0 b2 f7 ff 49 8b 7f 18 


Stack slot to memory mapping:
stack at sp + 0 slots: 0x00007f4de8918940 is pointing into the stack for thread: 0x00007f4de40b21e0
stack at sp + 1 slots: 0x00007f4de40b21e0 is a thread
stack at sp + 2 slots: 0x00007f4dea1838c8 points into unknown readable memory: 0x65730018052dffff | ff ff 2d 05 18 00 73 65
stack at sp + 3 slots: 0x0000000800c417a0 is a pointer to class: 
jdk.vm.ci.services.Services {0x0000000800c417a0}
 - instance size:     2
 - klass size:        65
 - access:            public final synchronized 
 - state:             fully_initialized
 - name:              'jdk/vm/ci/services/Services'
 - super:             'java/lang/Object'
 - sub:               
 - arrays:            NULL
 - methods:           Array<T>(0x00007f4de90468e8)
 - method ordering:   Array<T>(0x0000000800928960)
 - default_methods:   Array<T>(0x0000000000000000)
 - local interfaces:  Array<T>(0x00000008005ce810)
 - trans. interfaces: Array<T>(0x00000008005ce810)
 - constants:         constant pool [427] {0x00007f4de9045798} for 'jdk/vm/ci/services/Services' cache=0x00007f4de9047ec8
 - class loader data:  loader data: 0x00007f4de40283f0 of 'bootstrap'
 - source file:       'Services.java'
 - class annotations:       Array<T>(0x0000000000000000)
 - class type annotations:  Array<T>(0x0000000000000000)
 - field annotations:       Array<T>(0x0000000000000000)
 - field type annotations:  Array<T>(0x0000000000000000)
 - inner classes:     Array<T>(0x00007f4de9047bf8)
 - nest members:     Array<T>(0x00007f4de9047c18)
 - permitted subclasses:     Array<T>(0x00000008005ce7a0)
 - java mirror:       a 'java/lang/Class'{0x00000000e0145628} = 'jdk/vm/ci/services/Services'
 - vtable length      5  (start addr: 0x0000000800c41970)
 - itable length      2 (start addr: 0x0000000800c41998)
 - ---- static fields (3 words):
 - public static final 'IS_BUILDING_NATIVE_IMAGE' 'Z' @128 
 - public static final 'IS_IN_NATIVE_IMAGE' 'Z' @129 
 - private static volatile 'savedProperties' 'Ljava/util/Map;' @112 
 - static final 'JVMCI_ENABLED' 'Z' @130 
 - private static final 'servicesCache' 'Ljava/util/Map;' @116 
 - private static final 'MAX_UNICODE_IN_UTF8_LENGTH' 'I' @120 
 - private static final 'MAX_UTF8_PROPERTY_STRING_LENGTH' 'I' @124 
 - ---- non-static fields (0 words):
 - non-static oop maps: 
stack at sp + 4 slots: 0x00007f4de8918500 is pointing into the stack for thread: 0x00007f4de40b21e0
stack at sp + 5 slots: 0x00007f4dec3362fe: <offset 0x000000000093e2fe> in /nix/store/gpxl5qgg8kicmcvivwmybwjlpf7wh20l-graalvm17-ce-22.3.0/lib/server/libjvm.so at 0x00007f4deb9f8000
stack at sp + 6 slots: 0x00007f4de89183e0 is pointing into the stack for thread: 0x00007f4de40b21e0
stack at sp + 7 slots: 0x00007f4de8918440 is pointing into the stack for thread: 0x00007f4de40b21e0


---------------  P R O C E S S  ---------------

Threads class SMR info:
_java_thread_list=0x00007f4d4c0ce520, length=25, elements={
0x00007f4de4026690, 0x00007f4de40a64d0, 0x00007f4de40a7910, 0x00007f4de40ae050,
0x00007f4de40af400, 0x00007f4de40b07f0, 0x00007f4de40b21e0, 0x00007f4de40b36f0,
0x00007f4de40b4b40, 0x00007f4de40dfe60, 0x00007f4de4127ef0, 0x00007f4de431b5e0,
0x00007f4de434f250, 0x00007f4de4351080, 0x00007f4de4616750, 0x00007f4d7c0427a0,
0x00007f4d7c309770, 0x00007f4d7c36ad30, 0x00007f4d7c4e8bc0, 0x00007f4d7c652570,
0x00007f4de4481a30, 0x00007f4de4396d70, 0x00007f4d50001130, 0x00007f4d48000ff0,
0x00007f4d4c0cccc0
}

Java Threads: ( => current thread )
  0x00007f4de4026690 JavaThread "main" [_thread_blocked, id=27, stack(0x00007f4deb813000,0x00007f4deb913000)]
  0x00007f4de40a64d0 JavaThread "Reference Handler" daemon [_thread_blocked, id=30, stack(0x00007f4de982a000,0x00007f4de992a000)]
  0x00007f4de40a7910 JavaThread "Finalizer" daemon [_thread_blocked, id=31, stack(0x00007f4de8f00000,0x00007f4de9000000)]
  0x00007f4de40ae050 JavaThread "Signal Dispatcher" daemon [_thread_blocked, id=32, stack(0x00007f4de8b1a000,0x00007f4de8c1a000)]
  0x00007f4de40af400 JavaThread "Service Thread" daemon [_thread_blocked, id=33, stack(0x00007f4de8a1a000,0x00007f4de8b1a000)]
  0x00007f4de40b07f0 JavaThread "Monitor Deflation Thread" daemon [_thread_blocked, id=34, stack(0x00007f4de891a000,0x00007f4de8a1a000)]
=>0x00007f4de40b21e0 JavaThread "JVMCI-native CompilerThread0" daemon [_thread_in_vm, id=35, stack(0x00007f4de871a000,0x00007f4de891a000)]
  0x00007f4de40b36f0 JavaThread "C1 CompilerThread0" daemon [_thread_blocked, id=36, stack(0x00007f4de851a000,0x00007f4de871a000)]
  0x00007f4de40b4b40 JavaThread "Sweeper thread" daemon [_thread_blocked, id=37, stack(0x00007f4de841a000,0x00007f4de851a000)]
  0x00007f4de40dfe60 JavaThread "Common-Cleaner" daemon [_thread_blocked, id=39, stack(0x00007f4de831a000,0x00007f4de841a000)]
  0x00007f4de4127ef0 JavaThread "Notification Thread" daemon [_thread_blocked, id=41, stack(0x00007f4de821a000,0x00007f4de831a000)]
  0x00007f4de431b5e0 JavaThread "Active Thread: Equinox Container: ea35c0f8-f11a-429f-9390-1c389f6fd93e" [_thread_blocked, id=45, stack(0x00007f4dcb3b3000,0x00007f4dcb4b3000)]
  0x00007f4de434f250 JavaThread "Framework Event Dispatcher: Equinox Container: ea35c0f8-f11a-429f-9390-1c389f6fd93e" daemon [_thread_blocked, id=46, stack(0x00007f4dc8f00000,0x00007f4dc9000000)]
  0x00007f4de4351080 JavaThread "Start Level: Equinox Container: ea35c0f8-f11a-429f-9390-1c389f6fd93e" daemon [_thread_blocked, id=47, stack(0x00007f4dc8d00000,0x00007f4dc8e00000)]
  0x00007f4de4616750 JavaThread "Refresh Thread: Equinox Container: ea35c0f8-f11a-429f-9390-1c389f6fd93e" daemon [_thread_blocked, id=48, stack(0x00007f4dc8b00000,0x00007f4dc8c00000)]
  0x00007f4d7c0427a0 JavaThread "SCR Component Actor" daemon [_thread_blocked, id=49, stack(0x00007f4dc8900000,0x00007f4dc8a00000)]
  0x00007f4d7c309770 JavaThread "Worker-JM" [_thread_blocked, id=51, stack(0x00007f4dc8500000,0x00007f4dc8600000)]
  0x00007f4d7c36ad30 JavaThread "Worker-0: Java indexing... " [_thread_blocked, id=52, stack(0x00007f4dc8300000,0x00007f4dc8400000)]
  0x00007f4d7c4e8bc0 JavaThread "Java indexing" daemon [_thread_blocked, id=54, stack(0x00007f4d92d00000,0x00007f4d92e00000)]
  0x00007f4d7c652570 JavaThread "Bundle File Closer" daemon [_thread_blocked, id=55, stack(0x00007f4d92b00000,0x00007f4d92c00000)]
  0x00007f4de4481a30 JavaThread "pool-3-thread-1" [_thread_blocked, id=56, stack(0x00007f4d92900000,0x00007f4d92a00000)]
  0x00007f4de4396d70 JavaThread "pool-2-thread-1" [_thread_in_native, id=58, stack(0x00007f4d92500000,0x00007f4d92600000)]
  0x00007f4d50001130 JavaThread "Worker-3: Periodic workspace save." [_thread_blocked, id=59, stack(0x00007f4d92300000,0x00007f4d92400000)]
  0x00007f4d48000ff0 JavaThread "Worker-4" [_thread_blocked, id=60, stack(0x00007f4d92100000,0x00007f4d92200000)]
  0x00007f4d4c0cccc0 JavaThread "Worker-6" [_thread_blocked, id=70, stack(0x00007f4d92700000,0x00007f4d92800000)]

Other Threads:
  0x00007f4de40a1c10 VMThread "VM Thread" [stack: 0x00007f4de992c000,0x00007f4de9a2c000] [id=29] _threads_hazard_ptr=0x00007f4d4c0ce520
  0x00007f4de4129890 WatcherThread [stack: 0x00007f4de811a000,0x00007f4de821a000] [id=42]
  0x00007f4de403df30 GCTaskThread "GC Thread#0" [stack: 0x00007f4deb3d6000,0x00007f4deb4d6000] [id=28]

Threads with active compile tasks:
JVMCI-native CompilerThread0   449887 7183       4       java.util.HashMap::put (13 bytes)

VM state: synchronizing (normal execution)

VM Mutex/Monitor currently owned by a thread:  ([mutex/lock_event])
[0x00007f4de4023840] Threads_lock - owner thread: 0x00007f4de40a1c10
[0x00007f4de4023ff0] Heap_lock - owner thread: 0x00007f4d7c4e8bc0

OutOfMemory and StackOverflow Exception counts:
OutOfMemoryError java_heap_errors=4
LinkageErrors=51

Heap address: 0x00000000e0000000, size: 512 MB, Compressed Oops mode: 32-bit

CDS archive(s) mapped at: [0x0000000800000000-0x0000000800bc8000-0x0000000800bc8000), size 12353536, SharedBaseAddress: 0x0000000800000000, ArchiveRelocationMode: 0.
Compressed class space mapped at: 0x0000000800c00000-0x0000000840c00000, reserved size: 1073741824
Narrow klass base: 0x0000000800000000, Narrow klass shift: 0, Narrow klass range: 0x100000000

GC Precious Log:
 CPUs: 8 total, 1 available
 Memory: 1024M
 Large Page Support: Disabled
 NUMA Support: Disabled
 Compressed Oops: Enabled (32-bit)
 Alignments: Space 512K, Generation 512K, Heap 2M
 Heap Min Capacity: 100M
 Heap Initial Capacity: 100M
 Heap Max Capacity: 512M
 Pre-touch: Disabled
 Parallel Workers: 1

Heap:
 PSYoungGen      total 34304K, used 24575K [0x00000000f5580000, 0x00000000f8380000, 0x0000000100000000)
  eden space 24576K, 99% used [0x00000000f5580000,0x00000000f6d7fff8,0x00000000f6d80000)
  from space 9728K, 0% used [0x00000000f7a00000,0x00000000f7a00000,0x00000000f8380000)
  to   space 11264K, 0% used [0x00000000f6d80000,0x00000000f6d80000,0x00000000f7880000)
 ParOldGen       total 349696K, used 349694K [0x00000000e0000000, 0x00000000f5580000, 0x00000000f5580000)
  object space 349696K, 99% used [0x00000000e0000000,0x00000000f557fb88,0x00000000f5580000)
 Metaspace       used 54149K, committed 55040K, reserved 1105920K
  class space    used 5430K, committed 5824K, reserved 1048576K

Card table byte_map: [0x00007f4deb4d6000,0x00007f4deb5d7000] _byte_map_base: 0x00007f4deadd6000

Marking Bits: (ParMarkBitMap*) 0x00007f4decc264c0
 Begin Bits: [0x00007f4dea329000, 0x00007f4deab29000)
 End Bits:   [0x00007f4deab29000, 0x00007f4deb329000)

Polling page: 0x00007f4deb7f0000

Metaspace:

Usage:
  Non-class:     47.58 MB used.
      Class:      5.30 MB used.
       Both:     52.88 MB used.

Virtual space:
  Non-class space:       56.00 MB reserved,      48.06 MB ( 86%) committed,  7 nodes.
      Class space:        1.00 GB reserved,       5.69 MB ( <1%) committed,  1 nodes.
             Both:        1.05 GB reserved,      53.75 MB (  5%) committed. 

Chunk freelists:
   Non-Class:  4.02 MB
       Class:  2.32 MB
        Both:  6.34 MB

MaxMetaspaceSize: unlimited
CompressedClassSpaceSize: 1.00 GB
Initial GC threshold: 21.00 MB
Current GC threshold: 89.50 MB
CDS: on
MetaspaceReclaimPolicy: balanced
 - commit_granule_bytes: 65536.
 - commit_granule_words: 8192.
 - virtual_space_node_default_size: 1048576.
 - enlarge_chunks_in_place: 1.
 - new_chunks_are_fully_committed: 0.
 - uncommit_free_chunks: 1.
 - use_allocation_guard: 0.
 - handle_deallocations: 1.


Internal statistics:

num_allocs_failed_limit: 6.
num_arena_births: 360.
num_arena_deaths: 66.
num_vsnodes_births: 8.
num_vsnodes_deaths: 0.
num_space_committed: 859.
num_space_uncommitted: 0.
num_chunks_returned_to_freelist: 89.
num_chunks_taken_from_freelist: 2395.
num_chunk_merges: 36.
num_chunk_splits: 1548.
num_chunks_enlarged: 1012.
num_purges: 4.
num_inconsistent_stats: 0.

CodeHeap 'non-profiled nmethods': size=120036Kb used=2179Kb max_used=2250Kb free=117856Kb
 bounds [0x00007f4dd2f7a000, 0x00007f4dd31ea000, 0x00007f4dda4b3000]
CodeHeap 'profiled nmethods': size=120032Kb used=11198Kb max_used=13766Kb free=108833Kb
 bounds [0x00007f4dcba42000, 0x00007f4dcc7c2000, 0x00007f4dd2f7a000]
CodeHeap 'non-nmethods': size=5692Kb used=1373Kb max_used=1391Kb free=4318Kb
 bounds [0x00007f4dcb4b3000, 0x00007f4dcb723000, 0x00007f4dcba42000]
 total_blobs=6147 nmethods=5443 adapters=614
 compilation: enabled
              stopped_count=0, restarted_count=0
 full_count=0

JVMCI Events (20 events):
Event: 67.734 Thread 0x00007f4de40b21e0 compacted oop handles in JVMCI runtime 0 from 54 to 54
Event: 67.734 Thread 0x00007f4de40b21e0 releasing handles for JVMCI runtime 0: oop handles=54, metadata handles={total=96, live=91, blocks=37}
Event: 67.734 Thread 0x00007f4de40b21e0 detached from JVMCI runtime 0
Event: 306.510 Thread 0x00007f4de40b21e0 attached to JVMCI runtime 0
Event: 306.511 Thread 0x00007f4de40b21e0 created JavaVM[3]@0x00007f4d9159e340 for JVMCI runtime 0
Event: 307.508 Thread 0x00007f4de40b21e0 initializing JVMCI runtime 0
Event: 307.508 Thread 0x00007f4de40b21e0 done waiting for JavaVM references initialization in JVMCI runtime 0
Event: 317.913 Thread 0x00007f4de40b21e0 initialized JVMCI runtime 0
Event: 339.372 Thread 0x00007f4de40b21e0 compacted oop handles in JVMCI runtime 0 from 52 to 49
Event: 340.420 Thread 0x00007f4de40b21e0 detaching from JVMCI runtime 0: releasing idle compiler thread (0 other threads still attached)
Event: 340.420 Thread 0x00007f4de40b21e0 shutting down HotSpotJVMCIRuntime for JVMCI runtime 0
Event: 341.614 Thread 0x00007f4de40b21e0 shut down JVMCI runtime 0
Event: 341.616 Thread 0x00007f4de40b21e0 destroyed JavaVM[3]@0x00007f4d9159e340 for JVMCI runtime 0
Event: 341.616 Thread 0x00007f4de40b21e0 compacted oop handles in JVMCI runtime 0 from 61 to 61
Event: 341.616 Thread 0x00007f4de40b21e0 releasing handles for JVMCI runtime 0: oop handles=61, metadata handles={total=120, live=112, blocks=37}
Event: 341.616 Thread 0x00007f4de40b21e0 detached from JVMCI runtime 0
Event: 422.574 Thread 0x00007f4de40b21e0 attached to JVMCI runtime 0
Event: 422.575 Thread 0x00007f4de40b21e0 created JavaVM[4]@0x00007f4d9159e340 for JVMCI runtime 0
Event: 422.575 Thread 0x00007f4de40b21e0 initializing JVMCI runtime 0
Event: 422.575 Thread 0x00007f4de40b21e0 done waiting for JavaVM references initialization in JVMCI runtime 0

Compilation events (20 events):
Event: 221.327 Thread 0x00007f4de40b36f0 nmethod 7174 0x00007f4dcbbdd210 code [0x00007f4dcbbdd3c0, 0x00007f4dcbbdd700]
Event: 259.872 Thread 0x00007f4de40b36f0 7175       3       java.util.Locale::getDefault (63 bytes)
Event: 259.872 Thread 0x00007f4de40b36f0 nmethod 7175 0x00007f4dcba4a510 code [0x00007f4dcba4a740, 0x00007f4dcba4ae80]
Event: 265.789 Thread 0x00007f4de40b36f0 7176  s    3       org.eclipse.jdt.internal.core.search.processing.JobManager::currentJob (35 bytes)
Event: 267.972 Thread 0x00007f4de40b36f0 nmethod 7176 0x00007f4dcc338190 code [0x00007f4dcc338360, 0x00007f4dcc338cb0]
Event: 306.510 Thread 0x00007f4de40b21e0 7177       4       org.eclipse.core.runtime.Path::toOSString (227 bytes)
Event: 307.508 Thread 0x00007f4de40b36f0 7178   !   3       org.eclipse.core.internal.jobs.JobManager::changeState (548 bytes)
Event: 316.890 Thread 0x00007f4de40b36f0 nmethod 7178 0x00007f4dcbd51e90 code [0x00007f4dcbd524a0, 0x00007f4dcbd56390]
Event: 339.372 Thread 0x00007f4de40b21e0 nmethod 7177 0x00007f4dd30fc690 code [0x00007f4dd30fc860, 0x00007f4dd30fd308]
Event: 339.373 Thread 0x00007f4de40b21e0 7179       4       java.util.AbstractCollection::isEmpty (13 bytes)
Event: 339.374 Thread 0x00007f4de40b21e0 nmethod 7179 0x00007f4dd30fc310 code [0x00007f4dd30fc480, 0x00007f4dd30fc560]
Event: 347.411 Thread 0x00007f4de40b36f0 7180       3       jdk.internal.misc.Unsafe::putReferenceOpaque (9 bytes)
Event: 347.411 Thread 0x00007f4de40b36f0 nmethod 7180 0x00007f4dcba43e10 code [0x00007f4dcba43fa0, 0x00007f4dcba440d0]
Event: 356.977 Thread 0x00007f4de40b36f0 7181       1       java.lang.Thread::getThreadGroup (5 bytes)
Event: 356.977 Thread 0x00007f4de40b36f0 nmethod 7181 0x00007f4dd3021590 code [0x00007f4dd3021720, 0x00007f4dd30217f0]
Event: 379.394 Thread 0x00007f4de40b36f0 7182       3       java.util.concurrent.locks.LockSupport::setBlocker (12 bytes)
Event: 379.394 Thread 0x00007f4de40b36f0 nmethod 7182 0x00007f4dcbb36190 code [0x00007f4dcbb36340, 0x00007f4dcbb36460]
Event: 422.574 Thread 0x00007f4de40b21e0 7183       4       java.util.HashMap::put (13 bytes)
Event: 433.490 Thread 0x00007f4de40b36f0 7184       3       java.util.concurrent.ThreadPoolExecutor::runStateAtLeast (11 bytes)
Event: 433.490 Thread 0x00007f4de40b36f0 nmethod 7184 0x00007f4dcbb62a10 code [0x00007f4dcbb62ba0, 0x00007f4dcbb62cf0]

GC Heap History (20 events):
Event: 438.420 GC heap before
{Heap before GC invocations=454 (full 341):
 PSYoungGen      total 34304K, used 24575K [0x00000000f5580000, 0x00000000f8380000, 0x0000000100000000)
  eden space 24576K, 99% used [0x00000000f5580000,0x00000000f6d7fff8,0x00000000f6d80000)
  from space 9728K, 0% used [0x00000000f7a00000,0x00000000f7a00000,0x00000000f8380000)
  to   space 11264K, 0% used [0x00000000f6d80000,0x00000000f6d80000,0x00000000f7880000)
 ParOldGen       total 349696K, used 349695K [0x00000000e0000000, 0x00000000f5580000, 0x00000000f5580000)
  object space 349696K, 99% used [0x00000000e0000000,0x00000000f557ffd8,0x00000000f5580000)
 Metaspace       used 54149K, committed 55040K, reserved 1105920K
  class space    used 5430K, committed 5824K, reserved 1048576K
}
Event: 439.719 GC heap after
{Heap after GC invocations=454 (full 341):
 PSYoungGen      total 35840K, used 24575K [0x00000000f5580000, 0x00000000f8380000, 0x0000000100000000)
  eden space 24576K, 99% used [0x00000000f5580000,0x00000000f6d7ff80,0x00000000f6d80000)
  from space 11264K, 0% used [0x00000000f6d80000,0x00000000f6d80000,0x00000000f7880000)
  to   space 9728K, 0% used [0x00000000f7a00000,0x00000000f7a00000,0x00000000f8380000)
 ParOldGen       total 349696K, used 349688K [0x00000000e0000000, 0x00000000f5580000, 0x00000000f5580000)
  object space 349696K, 99% used [0x00000000e0000000,0x00000000f557e1a8,0x00000000f5580000)
 Metaspace       used 54149K, committed 55040K, reserved 1105920K
  class space    used 5430K, committed 5824K, reserved 1048576K
}
Event: 439.721 GC heap before
{Heap before GC invocations=455 (full 342):
 PSYoungGen      total 35840K, used 24575K [0x00000000f5580000, 0x00000000f8380000, 0x0000000100000000)
  eden space 24576K, 99% used [0x00000000f5580000,0x00000000f6d7fff8,0x00000000f6d80000)
  from space 11264K, 0% used [0x00000000f6d80000,0x00000000f6d80000,0x00000000f7880000)
  to   space 9728K, 0% used [0x00000000f7a00000,0x00000000f7a00000,0x00000000f8380000)
 ParOldGen       total 349696K, used 349688K [0x00000000e0000000, 0x00000000f5580000, 0x00000000f5580000)
  object space 349696K, 99% used [0x00000000e0000000,0x00000000f557e1a8,0x00000000f5580000)
 Metaspace       used 54149K, committed 55040K, reserved 1105920K
  class space    used 5430K, committed 5824K, reserved 1048576K
}
Event: 440.871 GC heap after
{Heap after GC invocations=455 (full 342):
 PSYoungGen      total 34304K, used 24575K [0x00000000f5580000, 0x00000000f8380000, 0x0000000100000000)
  eden space 24576K, 99% used [0x00000000f5580000,0x00000000f6d7fff8,0x00000000f6d80000)
  from space 9728K, 0% used [0x00000000f7a00000,0x00000000f7a00000,0x00000000f8380000)
  to   space 11264K, 0% used [0x00000000f6d80000,0x00000000f6d80000,0x00000000f7880000)
 ParOldGen       total 349696K, used 349688K [0x00000000e0000000, 0x00000000f5580000, 0x00000000f5580000)
  object space 349696K, 99% used [0x00000000e0000000,0x00000000f557e1a8,0x00000000f5580000)
 Metaspace       used 54149K, committed 55040K, reserved 1105920K
  class space    used 5430K, committed 5824K, reserved 1048576K
}
Event: 440.872 GC heap before
{Heap before GC invocations=456 (full 343):
 PSYoungGen      total 34304K, used 24575K [0x00000000f5580000, 0x00000000f8380000, 0x0000000100000000)
  eden space 24576K, 99% used [0x00000000f5580000,0x00000000f6d7fff8,0x00000000f6d80000)
  from space 9728K, 0% used [0x00000000f7a00000,0x00000000f7a00000,0x00000000f8380000)
  to   space 11264K, 0% used [0x00000000f6d80000,0x00000000f6d80000,0x00000000f7880000)
 ParOldGen       total 349696K, used 349692K [0x00000000e0000000, 0x00000000f5580000, 0x00000000f5580000)
  object space 349696K, 99% used [0x00000000e0000000,0x00000000f557f2c8,0x00000000f5580000)
 Metaspace       used 54149K, committed 55040K, reserved 1105920K
  class space    used 5430K, committed 5824K, reserved 1048576K
}
Event: 441.877 GC heap after
{Heap after GC invocations=456 (full 343):
 PSYoungGen      total 35840K, used 24575K [0x00000000f5580000, 0x00000000f8380000, 0x0000000100000000)
  eden space 24576K, 99% used [0x00000000f5580000,0x00000000f6d7ffe0,0x00000000f6d80000)
  from space 11264K, 0% used [0x00000000f6d80000,0x00000000f6d80000,0x00000000f7880000)
  to   space 9728K, 0% used [0x00000000f7a00000,0x00000000f7a00000,0x00000000f8380000)
 ParOldGen       total 349696K, used 349691K [0x00000000e0000000, 0x00000000f5580000, 0x00000000f5580000)
  object space 349696K, 99% used [0x00000000e0000000,0x00000000f557eee8,0x00000000f5580000)
 Metaspace       used 54149K, committed 55040K, reserved 1105920K
  class space    used 5430K, committed 5824K, reserved 1048576K
}
Event: 441.879 GC heap before
{Heap before GC invocations=457 (full 344):
 PSYoungGen      total 35840K, used 24576K [0x00000000f5580000, 0x00000000f8380000, 0x0000000100000000)
  eden space 24576K, 100% used [0x00000000f5580000,0x00000000f6d80000,0x00000000f6d80000)
  from space 11264K, 0% used [0x00000000f6d80000,0x00000000f6d80000,0x00000000f7880000)
  to   space 9728K, 0% used [0x00000000f7a00000,0x00000000f7a00000,0x00000000f8380000)
 ParOldGen       total 349696K, used 349691K [0x00000000e0000000, 0x00000000f5580000, 0x00000000f5580000)
  object space 349696K, 99% used [0x00000000e0000000,0x00000000f557eee8,0x00000000f5580000)
 Metaspace       used 54149K, committed 55040K, reserved 1105920K
  class space    used 5430K, committed 5824K, reserved 1048576K
}
Event: 442.981 GC heap after
{Heap after GC invocations=457 (full 344):
 PSYoungGen      total 34304K, used 24575K [0x00000000f5580000, 0x00000000f8380000, 0x0000000100000000)
  eden space 24576K, 99% used [0x00000000f5580000,0x00000000f6d7ffe0,0x00000000f6d80000)
  from space 9728K, 0% used [0x00000000f7a00000,0x00000000f7a00000,0x00000000f8380000)
  to   space 11264K, 0% used [0x00000000f6d80000,0x00000000f6d80000,0x00000000f7880000)
 ParOldGen       total 349696K, used 349691K [0x00000000e0000000, 0x00000000f5580000, 0x00000000f5580000)
  object space 349696K, 99% used [0x00000000e0000000,0x00000000f557eee8,0x00000000f5580000)
 Metaspace       used 54149K, committed 55040K, reserved 1105920K
  class space    used 5430K, committed 5824K, reserved 1048576K
}
Event: 442.981 GC heap before
{Heap before GC invocations=458 (full 345):
 PSYoungGen      total 34304K, used 24576K [0x00000000f5580000, 0x00000000f8380000, 0x0000000100000000)
  eden space 24576K, 100% used [0x00000000f5580000,0x00000000f6d80000,0x00000000f6d80000)
  from space 9728K, 0% used [0x00000000f7a00000,0x00000000f7a00000,0x00000000f8380000)
  to   space 11264K, 0% used [0x00000000f6d80000,0x00000000f6d80000,0x00000000f7880000)
 ParOldGen       total 349696K, used 349691K [0x00000000e0000000, 0x00000000f5580000, 0x00000000f5580000)
  object space 349696K, 99% used [0x00000000e0000000,0x00000000f557eee8,0x00000000f5580000)
 Metaspace       used 54149K, committed 55040K, reserved 1105920K
  class space    used 5430K, committed 5824K, reserved 1048576K
}
Event: 444.082 GC heap after
{Heap after GC invocations=458 (full 345):
 PSYoungGen      total 35840K, used 24575K [0x00000000f5580000, 0x00000000f8380000, 0x0000000100000000)
  eden space 24576K, 99% used [0x00000000f5580000,0x00000000f6d7ffe0,0x00000000f6d80000)
  from space 11264K, 0% used [0x00000000f6d80000,0x00000000f6d80000,0x00000000f7880000)
  to   space 9728K, 0% used [0x00000000f7a00000,0x00000000f7a00000,0x00000000f8380000)
 ParOldGen       total 349696K, used 349691K [0x00000000e0000000, 0x00000000f5580000, 0x00000000f5580000)
  object space 349696K, 99% used [0x00000000e0000000,0x00000000f557eee8,0x00000000f5580000)
 Metaspace       used 54149K, committed 55040K, reserved 1105920K
  class space    used 5430K, committed 5824K, reserved 1048576K
}
Event: 444.082 GC heap before
{Heap before GC invocations=459 (full 346):
 PSYoungGen      total 35840K, used 24575K [0x00000000f5580000, 0x00000000f8380000, 0x0000000100000000)
  eden space 24576K, 99% used [0x00000000f5580000,0x00000000f6d7fff0,0x00000000f6d80000)
  from space 11264K, 0% used [0x00000000f6d80000,0x00000000f6d80000,0x00000000f7880000)
  to   space 9728K, 0% used [0x00000000f7a00000,0x00000000f7a00000,0x00000000f8380000)
 ParOldGen       total 349696K, used 349691K [0x00000000e0000000, 0x00000000f5580000, 0x00000000f5580000)
  object space 349696K, 99% used [0x00000000e0000000,0x00000000f557eee8,0x00000000f5580000)
 Metaspace       used 54149K, committed 55040K, reserved 1105920K
  class space    used 5430K, committed 5824K, reserved 1048576K
}
Event: 445.189 GC heap after
{Heap after GC invocations=459 (full 346):
 PSYoungGen      total 34304K, used 24575K [0x00000000f5580000, 0x00000000f8380000, 0x0000000100000000)
  eden space 24576K, 99% used [0x00000000f5580000,0x00000000f6d7fff0,0x00000000f6d80000)
  from space 9728K, 0% used [0x00000000f7a00000,0x00000000f7a00000,0x00000000f8380000)
  to   space 11264K, 0% used [0x00000000f6d80000,0x00000000f6d80000,0x00000000f7880000)
 ParOldGen       total 349696K, used 349691K [0x00000000e0000000, 0x00000000f5580000, 0x00000000f5580000)
  object space 349696K, 99% used [0x00000000e0000000,0x00000000f557eea8,0x00000000f5580000)
 Metaspace       used 54149K, committed 55040K, reserved 1105920K
  class space    used 5430K, committed 5824K, reserved 1048576K
}
Event: 445.190 GC heap before
{Heap before GC invocations=460 (full 347):
 PSYoungGen      total 34304K, used 24575K [0x00000000f5580000, 0x00000000f8380000, 0x0000000100000000)
  eden space 24576K, 99% used [0x00000000f5580000,0x00000000f6d7fff0,0x00000000f6d80000)
  from space 9728K, 0% used [0x00000000f7a00000,0x00000000f7a00000,0x00000000f8380000)
  to   space 11264K, 0% used [0x00000000f6d80000,0x00000000f6d80000,0x00000000f7880000)
 ParOldGen       total 349696K, used 349693K [0x00000000e0000000, 0x00000000f5580000, 0x00000000f5580000)
  object space 349696K, 99% used [0x00000000e0000000,0x00000000f557f5b8,0x00000000f5580000)
 Metaspace       used 54149K, committed 55040K, reserved 1105920K
  class space    used 5430K, committed 5824K, reserved 1048576K
}
Event: 446.383 GC heap after
{Heap after GC invocations=460 (full 347):
 PSYoungGen      total 35840K, used 24575K [0x00000000f5580000, 0x00000000f8380000, 0x0000000100000000)
  eden space 24576K, 99% used [0x00000000f5580000,0x00000000f6d7ff60,0x00000000f6d80000)
  from space 11264K, 0% used [0x00000000f6d80000,0x00000000f6d80000,0x00000000f7880000)
  to   space 9728K, 0% used [0x00000000f7a00000,0x00000000f7a00000,0x00000000f8380000)
 ParOldGen       total 349696K, used 349693K [0x00000000e0000000, 0x00000000f5580000, 0x00000000f5580000)
  object space 349696K, 99% used [0x00000000e0000000,0x00000000f557f558,0x00000000f5580000)
 Metaspace       used 54149K, committed 55040K, reserved 1105920K
  class space    used 5430K, committed 5824K, reserved 1048576K
}
Event: 446.387 GC heap before
{Heap before GC invocations=461 (full 348):
 PSYoungGen      total 35840K, used 24575K [0x00000000f5580000, 0x00000000f8380000, 0x0000000100000000)
  eden space 24576K, 99% used [0x00000000f5580000,0x00000000f6d7fff0,0x00000000f6d80000)
  from space 11264K, 0% used [0x00000000f6d80000,0x00000000f6d80000,0x00000000f7880000)
  to   space 9728K, 0% used [0x00000000f7a00000,0x00000000f7a00000,0x00000000f8380000)
 ParOldGen       total 349696K, used 349693K [0x00000000e0000000, 0x00000000f5580000, 0x00000000f5580000)
  object space 349696K, 99% used [0x00000000e0000000,0x00000000f557f558,0x00000000f5580000)
 Metaspace       used 54149K, committed 55040K, reserved 1105920K
  class space    used 5430K, committed 5824K, reserved 1048576K
}
Event: 447.522 GC heap after
{Heap after GC invocations=461 (full 348):
 PSYoungGen      total 34304K, used 24575K [0x00000000f5580000, 0x00000000f8380000, 0x0000000100000000)
  eden space 24576K, 99% used [0x00000000f5580000,0x00000000f6d7fff0,0x00000000f6d80000)
  from space 9728K, 0% used [0x00000000f7a00000,0x00000000f7a00000,0x00000000f8380000)
  to   space 11264K, 0% used [0x00000000f6d80000,0x00000000f6d80000,0x00000000f7880000)
 ParOldGen       total 349696K, used 349693K [0x00000000e0000000, 0x00000000f5580000, 0x00000000f5580000)
  object space 349696K, 99% used [0x00000000e0000000,0x00000000f557f558,0x00000000f5580000)
 Metaspace       used 54149K, committed 55040K, reserved 1105920K
  class space    used 5430K, committed 5824K, reserved 1048576K
}
Event: 447.523 GC heap before
{Heap before GC invocations=462 (full 349):
 PSYoungGen      total 34304K, used 24576K [0x00000000f5580000, 0x00000000f8380000, 0x0000000100000000)
  eden space 24576K, 100% used [0x00000000f5580000,0x00000000f6d80000,0x00000000f6d80000)
  from space 9728K, 0% used [0x00000000f7a00000,0x00000000f7a00000,0x00000000f8380000)
  to   space 11264K, 0% used [0x00000000f6d80000,0x00000000f6d80000,0x00000000f7880000)
 ParOldGen       total 349696K, used 349694K [0x00000000e0000000, 0x00000000f5580000, 0x00000000f5580000)
  object space 349696K, 99% used [0x00000000e0000000,0x00000000f557fb38,0x00000000f5580000)
 Metaspace       used 54149K, committed 55040K, reserved 1105920K
  class space    used 5430K, committed 5824K, reserved 1048576K
}
Event: 448.774 GC heap after
{Heap after GC invocations=462 (full 349):
 PSYoungGen      total 35840K, used 24575K [0x00000000f5580000, 0x00000000f8380000, 0x0000000100000000)
  eden space 24576K, 99% used [0x00000000f5580000,0x00000000f6d7ffe0,0x00000000f6d80000)
  from space 11264K, 0% used [0x00000000f6d80000,0x00000000f6d80000,0x00000000f7880000)
  to   space 9728K, 0% used [0x00000000f7a00000,0x00000000f7a00000,0x00000000f8380000)
 ParOldGen       total 349696K, used 349693K [0x00000000e0000000, 0x00000000f5580000, 0x00000000f5580000)
  object space 349696K, 99% used [0x00000000e0000000,0x00000000f557f780,0x00000000f5580000)
 Metaspace       used 54149K, committed 55040K, reserved 1105920K
  class space    used 5430K, committed 5824K, reserved 1048576K
}
Event: 448.774 GC heap before
{Heap before GC invocations=463 (full 350):
 PSYoungGen      total 35840K, used 24575K [0x00000000f5580000, 0x00000000f8380000, 0x0000000100000000)
  eden space 24576K, 99% used [0x00000000f5580000,0x00000000f6d7ffe0,0x00000000f6d80000)
  from space 11264K, 0% used [0x00000000f6d80000,0x00000000f6d80000,0x00000000f7880000)
  to   space 9728K, 0% used [0x00000000f7a00000,0x00000000f7a00000,0x00000000f8380000)
 ParOldGen       total 349696K, used 349693K [0x00000000e0000000, 0x00000000f5580000, 0x00000000f5580000)
  object space 349696K, 99% used [0x00000000e0000000,0x00000000f557f780,0x00000000f5580000)
 Metaspace       used 54149K, committed 55040K, reserved 1105920K
  class space    used 5430K, committed 5824K, reserved 1048576K
}
Event: 449.806 GC heap after
{Heap after GC invocations=463 (full 350):
 PSYoungGen      total 34304K, used 24575K [0x00000000f5580000, 0x00000000f8380000, 0x0000000100000000)
  eden space 24576K, 99% used [0x00000000f5580000,0x00000000f6d7ffe0,0x00000000f6d80000)
  from space 9728K, 0% used [0x00000000f7a00000,0x00000000f7a00000,0x00000000f8380000)
  to   space 11264K, 0% used [0x00000000f6d80000,0x00000000f6d80000,0x00000000f7880000)
 ParOldGen       total 349696K, used 349693K [0x00000000e0000000, 0x00000000f5580000, 0x00000000f5580000)
  object space 349696K, 99% used [0x00000000e0000000,0x00000000f557f780,0x00000000f5580000)
 Metaspace       used 54149K, committed 55040K, reserved 1105920K
  class space    used 5430K, committed 5824K, reserved 1048576K
}

Dll operation events (9 events):
Event: 0.002 Loaded shared library /nix/store/gpxl5qgg8kicmcvivwmybwjlpf7wh20l-graalvm17-ce-22.3.0/lib/libjava.so
Event: 0.010 Loaded shared library /nix/store/gpxl5qgg8kicmcvivwmybwjlpf7wh20l-graalvm17-ce-22.3.0/lib/libjsvml.so
Event: 0.306 Loaded shared library /nix/store/gpxl5qgg8kicmcvivwmybwjlpf7wh20l-graalvm17-ce-22.3.0/lib/libnio.so
Event: 0.372 Loaded shared library /nix/store/gpxl5qgg8kicmcvivwmybwjlpf7wh20l-graalvm17-ce-22.3.0/lib/libzip.so
Event: 0.375 Loaded shared library /nix/store/gpxl5qgg8kicmcvivwmybwjlpf7wh20l-graalvm17-ce-22.3.0/lib/libjvmcicompiler.so
Event: 0.777 Loaded shared library /nix/store/gpxl5qgg8kicmcvivwmybwjlpf7wh20l-graalvm17-ce-22.3.0/lib/libjimage.so
Event: 1.281 Loaded shared library /nix/store/gpxl5qgg8kicmcvivwmybwjlpf7wh20l-graalvm17-ce-22.3.0/lib/libnet.so
Event: 4.473 Loaded shared library /home/runner/.cache/jdt-language-server/config/org.eclipse.equinox.launcher/org.eclipse.equinox.launcher.gtk.linux.x86_64_1.2.400.v20211117-0650/eclipse_11600.so
Event: 12.389 Loaded shared library /nix/store/gpxl5qgg8kicmcvivwmybwjlpf7wh20l-graalvm17-ce-22.3.0/lib/libextnet.so

Deoptimization events (20 events):
Event: 58.679 Thread 0x00007f4d7c4e8bc0 DEOPT PACKING pc=0x00007f4dcc5f3f85 sp=0x00007f4d92dfe530
Event: 58.679 Thread 0x00007f4d7c4e8bc0 DEOPT UNPACKING pc=0x00007f4dcb505325 sp=0x00007f4d92dfda20 mode 0
Event: 58.681 Thread 0x00007f4d7c4e8bc0 DEOPT PACKING pc=0x00007f4dcc5f3f85 sp=0x00007f4d92dfe530
Event: 58.681 Thread 0x00007f4d7c4e8bc0 DEOPT UNPACKING pc=0x00007f4dcb505325 sp=0x00007f4d92dfda20 mode 0
Event: 58.710 Thread 0x00007f4d7c4e8bc0 DEOPT PACKING pc=0x00007f4dcc5f3f85 sp=0x00007f4d92dfe530
Event: 58.710 Thread 0x00007f4d7c4e8bc0 DEOPT UNPACKING pc=0x00007f4dcb505325 sp=0x00007f4d92dfda20 mode 0
Event: 58.729 Thread 0x00007f4d7c4e8bc0 DEOPT PACKING pc=0x00007f4dcc5f3f85 sp=0x00007f4d92dfe530
Event: 58.729 Thread 0x00007f4d7c4e8bc0 DEOPT UNPACKING pc=0x00007f4dcb505325 sp=0x00007f4d92dfda20 mode 0
Event: 58.743 Thread 0x00007f4d7c4e8bc0 DEOPT PACKING pc=0x00007f4dcc5f3f85 sp=0x00007f4d92dfe530
Event: 58.743 Thread 0x00007f4d7c4e8bc0 DEOPT UNPACKING pc=0x00007f4dcb505325 sp=0x00007f4d92dfda20 mode 0
Event: 425.807 Thread 0x00007f4d50001130 Uncommon trap: trap_request=0xffffff8f fr.pc=0x00007f4dd2fb24d2 relative=0x0000000000000972
Event: 425.807 Thread 0x00007f4d50001130 Uncommon trap: reason=constraint action=none pc=0x00007f4dd2fb24d2 method=java.util.HashMap.putVal(ILjava/lang/Object;Ljava/lang/Object;ZZ)Ljava/lang/Object; @ 29 jvmci
Event: 427.010 Thread 0x00007f4d50001130 DEOPT PACKING pc=0x00007f4dd2fb24d2 sp=0x00007f4d923fdfc0
Event: 427.010 Thread 0x00007f4d50001130 DEOPT UNPACKING pc=0x00007f4dcb505325 sp=0x00007f4d923fd460 mode 3
Event: 433.490 Thread 0x00007f4d50001130 Uncommon trap: trap_request=0xffffff8f fr.pc=0x00007f4dd2fcc4c9 relative=0x0000000000000669
Event: 433.490 Thread 0x00007f4d50001130 Uncommon trap: reason=constraint action=none pc=0x00007f4dd2fcc4c9 method=java.util.HashMap.resize()[Ljava/util/HashMap$Node; @ 131 jvmci
Event: 433.490 Thread 0x00007f4d50001130 DEOPT PACKING pc=0x00007f4dd2fcc4c9 sp=0x00007f4d923fdf80
Event: 433.490 Thread 0x00007f4d50001130 DEOPT UNPACKING pc=0x00007f4dcb505325 sp=0x00007f4d923fd3d8 mode 3
Event: 438.420 Thread 0x00007f4d50001130 DEOPT PACKING pc=0x00007f4dd2fb2074 sp=0x00007f4d923fdfc0
Event: 438.420 Thread 0x00007f4d50001130 DEOPT UNPACKING pc=0x00007f4dcb505325 sp=0x00007f4d923fd460 mode 1

Classes unloaded (20 events):
Event: 156.573 Thread 0x00007f4de40a1c10 Unloading class 0x0000000801070800 'java/lang/invoke/LambdaForm$MH+0x0000000801070800'
Event: 156.573 Thread 0x00007f4de40a1c10 Unloading class 0x0000000801070400 'java/lang/invoke/LambdaForm$MH+0x0000000801070400'
Event: 156.573 Thread 0x00007f4de40a1c10 Unloading class 0x0000000801070000 'java/lang/invoke/LambdaForm$MH+0x0000000801070000'
Event: 156.573 Thread 0x00007f4de40a1c10 Unloading class 0x0000000800ef9000 'jdk/internal/reflect/GeneratedConstructorAccessor12'
Event: 156.573 Thread 0x00007f4de40a1c10 Unloading class 0x0000000800ef8800 'jdk/internal/reflect/GeneratedConstructorAccessor10'
Event: 156.573 Thread 0x00007f4de40a1c10 Unloading class 0x0000000800ef8400 'jdk/internal/reflect/GeneratedConstructorAccessor9'
Event: 156.573 Thread 0x00007f4de40a1c10 Unloading class 0x0000000800ef8000 'jdk/internal/reflect/GeneratedConstructorAccessor8'
Event: 156.573 Thread 0x00007f4de40a1c10 Unloading class 0x0000000800da5000 'java/lang/invoke/LambdaForm$MH+0x0000000800da5000'
Event: 156.573 Thread 0x00007f4de40a1c10 Unloading class 0x0000000800da4c00 'java/lang/invoke/LambdaForm$MH+0x0000000800da4c00'
Event: 156.573 Thread 0x00007f4de40a1c10 Unloading class 0x0000000800da4800 'java/lang/invoke/LambdaForm$MH+0x0000000800da4800'
Event: 156.573 Thread 0x00007f4de40a1c10 Unloading class 0x0000000800da4400 'java/lang/invoke/LambdaForm$MH+0x0000000800da4400'
Event: 156.573 Thread 0x00007f4de40a1c10 Unloading class 0x0000000800da4000 'jdk/internal/reflect/GeneratedConstructorAccessor3'
Event: 156.573 Thread 0x00007f4de40a1c10 Unloading class 0x0000000800d06800 'java/lang/invoke/LambdaForm$MH+0x0000000800d06800'
Event: 156.573 Thread 0x00007f4de40a1c10 Unloading class 0x0000000800d06000 'java/lang/invoke/LambdaForm$MH+0x0000000800d06000'
Event: 156.573 Thread 0x00007f4de40a1c10 Unloading class 0x0000000800d05c00 'java/lang/invoke/LambdaForm$MH+0x0000000800d05c00'
Event: 156.573 Thread 0x00007f4de40a1c10 Unloading class 0x0000000800d05800 'java/lang/invoke/LambdaForm$MH+0x0000000800d05800'
Event: 156.573 Thread 0x00007f4de40a1c10 Unloading class 0x0000000800d05000 'java/lang/invoke/LambdaForm$MH+0x0000000800d05000'
Event: 156.573 Thread 0x00007f4de40a1c10 Unloading class 0x0000000800d04c00 'java/lang/invoke/LambdaForm$MH+0x0000000800d04c00'
Event: 156.573 Thread 0x00007f4de40a1c10 Unloading class 0x0000000800d04800 'java/lang/invoke/LambdaForm$MH+0x0000000800d04800'
Event: 156.573 Thread 0x00007f4de40a1c10 Unloading class 0x0000000800d04000 'java/lang/invoke/LambdaForm$MH+0x0000000800d04000'

Classes redefined (0 events):
No events

Internal exceptions (20 events):
Event: 28.094 Thread 0x00007f4d6c007510 Exception <a 'sun/nio/fs/UnixException'{0x00000000f56a5c38}> (0x00000000f56a5c38) 
thrown [src/hotspot/share/prims/jni.cpp, line 516]
Event: 28.171 Thread 0x00007f4d6c007510 Exception <a 'sun/nio/fs/UnixException'{0x00000000f5a02a98}> (0x00000000f5a02a98) 
thrown [src/hotspot/share/prims/jni.cpp, line 516]
Event: 28.188 Thread 0x00007f4d6c007510 Exception <a 'sun/nio/fs/UnixException'{0x00000000f5a06dc8}> (0x00000000f5a06dc8) 
thrown [src/hotspot/share/prims/jni.cpp, line 516]
Event: 28.197 Thread 0x00007f4d540dc910 Exception <a 'java/lang/NoSuchMethodError'{0x00000000f5f01f30}: 'int java.lang.invoke.DirectMethodHandle$Holder.invokeStatic(java.lang.Object, java.lang.Object, java.lang.Object, int)'> (0x00000000f5f01f30) 
thrown [src/hotspot/share/interpreter/linkResolver.cpp, line 758]
Event: 28.409 Thread 0x00007f4d6c007510 Exception <a 'sun/nio/fs/UnixException'{0x00000000f5aba168}> (0x00000000f5aba168) 
thrown [src/hotspot/share/prims/jni.cpp, line 516]
Event: 28.577 Thread 0x00007f4d6c007510 Exception <a 'sun/nio/fs/UnixException'{0x00000000f5f38d48}> (0x00000000f5f38d48) 
thrown [src/hotspot/share/prims/jni.cpp, line 516]
Event: 28.922 Thread 0x00007f4d6c007510 Exception <a 'sun/nio/fs/UnixException'{0x00000000f5bf4258}> (0x00000000f5bf4258) 
thrown [src/hotspot/share/prims/jni.cpp, line 516]
Event: 29.021 Thread 0x00007f4d6c007510 Exception <a 'sun/nio/fs/UnixException'{0x00000000f5e11cf8}> (0x00000000f5e11cf8) 
thrown [src/hotspot/share/prims/jni.cpp, line 516]
Event: 29.071 Thread 0x00007f4d6c007510 Exception <a 'sun/nio/fs/UnixException'{0x00000000f5e5db88}> (0x00000000f5e5db88) 
thrown [src/hotspot/share/prims/jni.cpp, line 516]
Event: 29.074 Thread 0x00007f4d6c007510 Exception <a 'sun/nio/fs/UnixException'{0x00000000f5e61f08}> (0x00000000f5e61f08) 
thrown [src/hotspot/share/prims/jni.cpp, line 516]
Event: 31.086 Thread 0x00007f4d540dc910 Exception <a 'java/lang/NoSuchMethodError'{0x00000000f5b84650}: 'java.lang.Object java.lang.invoke.DirectMethodHandle$Holder.invokeStatic(java.lang.Object, int, java.lang.Object, java.lang.Object, java.lang.Object, java.lang.Object)'> (0x00000000f5b84650) 
thrown [src/hotspot/share/interpreter/linkResolver.cpp, line 758]
Event: 31.496 Thread 0x00007f4d540dc910 Exception <a 'java/lang/NoSuchMethodError'{0x00000000f5646e28}: 'void java.lang.invoke.DirectMethodHandle$Holder.invokeSpecial(java.lang.Object, java.lang.Object, int)'> (0x00000000f5646e28) 
thrown [src/hotspot/share/interpreter/linkResolver.cpp, line 758]
Event: 32.594 Thread 0x00007f4d540dc910 Exception <a 'java/lang/NoSuchMethodError'{0x00000000f58993a0}: 'int java.lang.invoke.DirectMethodHandle$Holder.invokeSpecialIFC(java.lang.Object, java.lang.Object, java.lang.Object, java.lang.Object)'> (0x00000000f58993a0) 
thrown [src/hotspot/share/interpreter/linkResolver.cpp, line 758]
Event: 37.390 Thread 0x00007f4d7c4e8bc0 Implicit null exception at 0x00007f4dd31352f2 to 0x00007f4dd3137f68
Event: 425.807 Thread 0x00007f4d50001130 Exception <a 'java/lang/OutOfMemoryError'{0x00000000e0004b60}> (0x00000000e0004b60) 
thrown [src/hotspot/share/gc/shared/memAllocator.cpp, line 138]
Event: 425.807 Thread 0x00007f4d50001130 Implicit null exception at 0x00007f4dd2fb2213 to 0x00007f4dd2fb24b7
Event: 433.490 Thread 0x00007f4d50001130 Exception <a 'java/lang/OutOfMemoryError'{0x00000000e00045c0}> (0x00000000e00045c0) 
thrown [src/hotspot/share/gc/shared/memAllocator.cpp, line 138]
Event: 433.490 Thread 0x00007f4d50001130 Implicit null exception at 0x00007f4dd2fcc374 to 0x00007f4dd2fcc4ae
Event: 438.420 Thread 0x00007f4d50001130 Exception <a 'java/lang/OutOfMemoryError'{0x00000000e0004340}> (0x00000000e0004340) 
thrown [src/hotspot/share/gc/shared/memAllocator.cpp, line 136]
Event: 449.806 Thread 0x00007f4de40b21e0 Exception <a 'java/lang/OutOfMemoryError'{0x00000000e0004340}> (0x00000000e0004340) 
thrown [src/hotspot/share/gc/shared/memAllocator.cpp, line 136]

VM Operations (20 events):
Event: 438.420 Executing VM operation: ParallelGCFailedAllocation done
Event: 438.420 Executing VM operation: ParallelGCFailedAllocation
Event: 439.719 Executing VM operation: ParallelGCFailedAllocation done
Event: 439.719 Executing VM operation: ParallelGCFailedAllocation
Event: 440.871 Executing VM operation: ParallelGCFailedAllocation done
Event: 440.872 Executing VM operation: ParallelGCFailedAllocation
Event: 441.877 Executing VM operation: ParallelGCFailedAllocation done
Event: 441.877 Executing VM operation: ParallelGCFailedAllocation
Event: 442.981 Executing VM operation: ParallelGCFailedAllocation done
Event: 442.981 Executing VM operation: ParallelGCFailedAllocation
Event: 444.082 Executing VM operation: ParallelGCFailedAllocation done
Event: 444.082 Executing VM operation: ParallelGCFailedAllocation
Event: 445.189 Executing VM operation: ParallelGCFailedAllocation done
Event: 445.190 Executing VM operation: ParallelGCFailedAllocation
Event: 446.384 Executing VM operation: ParallelGCFailedAllocation done
Event: 446.384 Executing VM operation: ParallelGCFailedAllocation
Event: 447.522 Executing VM operation: ParallelGCFailedAllocation done
Event: 447.523 Executing VM operation: ParallelGCFailedAllocation
Event: 449.806 Executing VM operation: ParallelGCFailedAllocation done
Event: 449.806 Executing VM operation: ParallelGCFailedAllocation

Events (20 events):
Event: 52.101 Thread 0x00007f4de40b4b40 flushing nmethod 0x00007f4dcc71ea90
Event: 52.101 Thread 0x00007f4de40b4b40 flushing nmethod 0x00007f4dcc71ef90
Event: 52.101 Thread 0x00007f4de40b4b40 flushing nmethod 0x00007f4dcc71f310
Event: 52.101 Thread 0x00007f4de40b4b40 flushing nmethod 0x00007f4dcc71fe90
Event: 52.101 Thread 0x00007f4de40b4b40 flushing nmethod 0x00007f4dcc72b090
Event: 52.101 Thread 0x00007f4de40b4b40 flushing nmethod 0x00007f4dcc72c710
Event: 52.101 Thread 0x00007f4de40b4b40 flushing nmethod 0x00007f4dcc73c290
Event: 52.101 Thread 0x00007f4de40b4b40 flushing nmethod 0x00007f4dcc749d10
Event: 52.101 Thread 0x00007f4de40b4b40 flushing nmethod 0x00007f4dcc762910
Event: 52.101 Thread 0x00007f4de40b4b40 flushing nmethod 0x00007f4dcc776790
Event: 52.101 Thread 0x00007f4de40b4b40 flushing nmethod 0x00007f4dcc789710
Event: 52.101 Thread 0x00007f4de40b4b40 flushing nmethod 0x00007f4dcc790110
Event: 52.101 Thread 0x00007f4de40b4b40 flushing nmethod 0x00007f4dcc795410
Event: 52.101 Thread 0x00007f4de40b4b40 flushing nmethod 0x00007f4dcc799790
Event: 61.385 Thread 0x00007f4de420ed70 Thread exited: 0x00007f4de420ed70
Event: 91.302 Thread 0x00007f4d500f0c20 Thread exited: 0x00007f4d500f0c20
Event: 100.907 Thread 0x00007f4d6c0010d0 Thread exited: 0x00007f4d6c0010d0
Event: 161.449 Thread 0x00007f4d6c007510 Thread exited: 0x00007f4d6c007510
Event: 358.186 Thread 0x00007f4d4c0cccc0 Thread added: 0x00007f4d4c0cccc0
Event: 358.186 Protecting memory [0x00007f4d92700000,0x00007f4d92704000] with protection modes 0


Dynamic libraries:
e0000000-f5580000 rw-p 00000000 00:00 0 
f5580000-f8380000 rw-p 00000000 00:00 0 
f8380000-100000000 ---p 00000000 00:00 0 
800000000-800449000 rw-p 00001000 00:1ce9 9223372037562745673            /nix/store/gpxl5qgg8kicmcvivwmybwjlpf7wh20l-graalvm17-ce-22.3.0/lib/server/classes.jsa
800449000-800bc8000 r--p 0044a000 00:1ce9 9223372037562745673            /nix/store/gpxl5qgg8kicmcvivwmybwjlpf7wh20l-graalvm17-ce-22.3.0/lib/server/classes.jsa
800bc8000-800c00000 ---p 00000000 00:00 0 
800c00000-800c20000 rw-p 00000000 00:00 0 
800c20000-800c40000 rw-p 00000000 00:00 0 
800c40000-800cc0000 rw-p 00000000 00:00 0 
800cc0000-800d00000 rw-p 00000000 00:00 0 
800d00000-800dc0000 rw-p 00000000 00:00 0 
800dc0000-800e00000 rw-p 00000000 00:00 0 
800e00000-800f40000 rw-p 00000000 00:00 0 
800f40000-800fc0000 rw-p 00000000 00:00 0 
800fc0000-800ff0000 rw-p 00000000 00:00 0 
800ff0000-801000000 ---p 00000000 00:00 0 
801000000-8011c0000 rw-p 00000000 00:00 0 
8011c0000-840c00000 ---p 00000000 00:00 0 
563845011000-563845012000 r-xp 00000000 00:1ce9 9223372037526805748      /nix/store/gpxl5qgg8kicmcvivwmybwjlpf7wh20l-graalvm17-ce-22.3.0/bin/.java-wrapped
563845013000-563845014000 r--p 00001000 00:1ce9 9223372037526805748      /nix/store/gpxl5qgg8kicmcvivwmybwjlpf7wh20l-graalvm17-ce-22.3.0/bin/.java-wrapped
563845014000-563845015000 rw-p 00002000 00:1ce9 9223372037526805748      /nix/store/gpxl5qgg8kicmcvivwmybwjlpf7wh20l-graalvm17-ce-22.3.0/bin/.java-wrapped
563845015000-563845016000 rw-p 00004000 00:1ce9 9223372037526805748      /nix/store/gpxl5qgg8kicmcvivwmybwjlpf7wh20l-graalvm17-ce-22.3.0/bin/.java-wrapped
563845016000-563845017000 rw-p 00005000 00:1ce9 9223372037526805748      /nix/store/gpxl5qgg8kicmcvivwmybwjlpf7wh20l-graalvm17-ce-22.3.0/bin/.java-wrapped
5638465af000-5638465f7000 rw-p 00000000 00:00 0                          [heap]
7f4d30000000-7f4d30021000 rw-p 00000000 00:00 0 
7f4d30021000-7f4d34000000 ---p 00000000 00:00 0 
7f4d35400000-7f4d35410000 rw-p 00000000 00:00 0 
7f4d35410000-7f4d35c00000 ---p 00000000 00:00 0 
7f4d364b3000-7f4d40000000 r--s 00000000 00:1ce9 9223372037562580485      /nix/store/gpxl5qgg8kicmcvivwmybwjlpf7wh20l-graalvm17-ce-22.3.0/lib/modules
7f4d40000000-7f4d40035000 rw-p 00000000 00:00 0 
7f4d40035000-7f4d44000000 ---p 00000000 00:00 0 
7f4d44000000-7f4d44059000 rw-p 00000000 00:00 0 
7f4d44059000-7f4d48000000 ---p 00000000 00:00 0 
7f4d48000000-7f4d4802a000 rw-p 00000000 00:00 0 
7f4d4802a000-7f4d4c000000 ---p 00000000 00:00 0 
7f4d4c000000-7f4d4c0fb000 rw-p 00000000 00:00 0 
7f4d4c0fb000-7f4d50000000 ---p 00000000 00:00 0 
7f4d50000000-7f4d5011f000 rw-p 00000000 00:00 0 
7f4d5011f000-7f4d54000000 ---p 00000000 00:00 0 
7f4d54000000-7f4d5419c000 rw-p 00000000 00:00 0 
7f4d5419c000-7f4d58000000 ---p 00000000 00:00 0 
7f4d58000000-7f4d58021000 rw-p 00000000 00:00 0 
7f4d58021000-7f4d5c000000 ---p 00000000 00:00 0 
7f4d5c000000-7f4d5c021000 rw-p 00000000 00:00 0 
7f4d5c021000-7f4d60000000 ---p 00000000 00:00 0 
7f4d60000000-7f4d602f6000 rw-p 00000000 00:00 0 
7f4d602f6000-7f4d64000000 ---p 00000000 00:00 0 
7f4d64000000-7f4d64051000 rw-p 00000000 00:00 0 
7f4d64051000-7f4d68000000 ---p 00000000 00:00 0 
7f4d68000000-7f4d68021000 rw-p 00000000 00:00 0 
7f4d68021000-7f4d6c000000 ---p 00000000 00:00 0 
7f4d6c000000-7f4d6c06c000 rw-p 00000000 00:00 0 
7f4d6c06c000-7f4d70000000 ---p 00000000 00:00 0 
7f4d70000000-7f4d70021000 rw-p 00000000 00:00 0 
7f4d70021000-7f4d74000000 ---p 00000000 00:00 0 
7f4d74000000-7f4d7417a000 rw-p 00000000 00:00 0 
7f4d7417a000-7f4d78000000 ---p 00000000 00:00 0 
7f4d78000000-7f4d78022000 rw-p 00000000 00:00 0 
7f4d78022000-7f4d7c000000 ---p 00000000 00:00 0 
7f4d7c000000-7f4d7c924000 rw-p 00000000 00:00 0 
7f4d7c924000-7f4d80000000 ---p 00000000 00:00 0 
7f4d80c00000-7f4d81400000 rw-p 00000000 00:00 0 
7f4d81400000-7f4d81700000 rw-p 00000000 00:00 0 
7f4d81700000-7f4d81800000 rw-p 00000000 00:00 0 
7f4d81800000-7f4d81c00000 rw-p 00000000 00:00 0 
7f4d81c00000-7f4d81c80000 rw-p 00000000 00:00 0 
7f4d81c80000-7f4d81d00000 rw-p 00000000 00:00 0 
7f4d81d00000-7f4d81f00000 rw-p 00000000 00:00 0 
7f4d81f00000-7f4d82100000 rw-p 00000000 00:00 0 
7f4d82100000-7f4d82200000 rw-p 00000000 00:00 0 
7f4d82200000-7f4d82400000 rw-p 00000000 00:00 0 
7f4d82400000-7f4d82500000 rw-p 00000000 00:00 0 
7f4d82500000-7f4d82600000 rw-p 00000000 00:00 0 
7f4d82600000-7f4d82b80000 rw-p 00000000 00:00 0 
7f4d82b80000-7f4d82c00000 rw-p 00000000 00:00 0 
7f4d82c00000-7f4d82d00000 rw-p 00000000 00:00 0 
7f4d82d00000-7f4d82e00000 rw-p 00000000 00:00 0 
7f4d82e00000-7f4d83100000 rw-p 00000000 00:00 0 
7f4d83100000-7f4d83200000 rw-p 00000000 00:00 0 
7f4d83200000-7f4d83400000 rw-p 00000000 00:00 0 
7f4d83400000-7f4d83410000 r-xp 00000000 00:1ce6 353                      /home/runner/.cache/jdt-language-server/config/org.eclipse.equinox.launcher/org.eclipse.equinox.launcher.gtk.linux.x86_64_1.2.400.v20211117-0650/eclipse_11600.so
7f4d83410000-7f4d8360f000 ---p 00010000 00:1ce6 353                      /home/runner/.cache/jdt-language-server/config/org.eclipse.equinox.launcher/org.eclipse.equinox.launcher.gtk.linux.x86_64_1.2.400.v20211117-0650/eclipse_11600.so
7f4d8360f000-7f4d83610000 r--p 0000f000 00:1ce6 353                      /home/runner/.cache/jdt-language-server/config/org.eclipse.equinox.launcher/org.eclipse.equinox.launcher.gtk.linux.x86_64_1.2.400.v20211117-0650/eclipse_11600.so
7f4d83610000-7f4d83611000 rw-p 00010000 00:1ce6 353                      /home/runner/.cache/jdt-language-server/config/org.eclipse.equinox.launcher/org.eclipse.equinox.launcher.gtk.linux.x86_64_1.2.400.v20211117-0650/eclipse_11600.so
7f4d84000000-7f4d84021000 rw-p 00000000 00:00 0 
7f4d84021000-7f4d88000000 ---p 00000000 00:00 0 
7f4d88000000-7f4d88021000 rw-p 00000000 00:00 0 
7f4d88021000-7f4d8c000000 ---p 00000000 00:00 0 
7f4d8c000000-7f4d8c021000 rw-p 00000000 00:00 0 
7f4d8c021000-7f4d90000000 ---p 00000000 00:00 0 
7f4d90900000-7f4d90a00000 ---p 00000000 00:00 0 
7f4d90a00000-7f4d90faf000 r--p 01122000 00:1ce9 9223372037562577944      /nix/store/gpxl5qgg8kicmcvivwmybwjlpf7wh20l-graalvm17-ce-22.3.0/lib/libjvmcicompiler.so
7f4d90faf000-7f4d91100000 r--p 00000000 00:00 0 
7f4d91100000-7f4d9113d000 rw-p 00000000 00:00 0 
7f4d9113d000-7f4d9165d000 rw-p 0185f000 00:1ce9 9223372037562577944      /nix/store/gpxl5qgg8kicmcvivwmybwjlpf7wh20l-graalvm17-ce-22.3.0/lib/libjvmcicompiler.so
7f4d9165d000-7f4d91a44000 r--p 01d7f000 00:1ce9 9223372037562577944      /nix/store/gpxl5qgg8kicmcvivwmybwjlpf7wh20l-graalvm17-ce-22.3.0/lib/libjvmcicompiler.so
7f4d91b00000-7f4d91b04000 ---p 00000000 00:00 0 
7f4d91b04000-7f4d91c00000 rw-p 00000000 00:00 0 
7f4d91d00000-7f4d91d04000 ---p 00000000 00:00 0 
7f4d91d04000-7f4d91e00000 rw-p 00000000 00:00 0 
7f4d91f00000-7f4d91f04000 ---p 00000000 00:00 0 
7f4d91f04000-7f4d92000000 rw-p 00000000 00:00 0 
7f4d92100000-7f4d92104000 ---p 00000000 00:00 0 
7f4d92104000-7f4d92200000 rw-p 00000000 00:00 0 
7f4d92300000-7f4d92304000 ---p 00000000 00:00 0 
7f4d92304000-7f4d92400000 rw-p 00000000 00:00 0 
7f4d92500000-7f4d92504000 ---p 00000000 00:00 0 
7f4d92504000-7f4d92600000 rw-p 00000000 00:00 0 
7f4d92700000-7f4d92704000 ---p 00000000 00:00 0 
7f4d92704000-7f4d92800000 rw-p 00000000 00:00 0 
7f4d92900000-7f4d92904000 ---p 00000000 00:00 0 
7f4d92904000-7f4d92a00000 rw-p 00000000 00:00 0 
7f4d92b00000-7f4d92b04000 ---p 00000000 00:00 0 
7f4d92b04000-7f4d92c00000 rw-p 00000000 00:00 0 
7f4d92d00000-7f4d92d04000 ---p 00000000 00:00 0 
7f4d92d04000-7f4d92e00000 rw-p 00000000 00:00 0 
7f4d93a68000-7f4d93f00000 rw-p 00000000 00:00 0 
7f4d94000000-7f4d94021000 rw-p 00000000 00:00 0 
7f4d94021000-7f4d98000000 ---p 00000000 00:00 0 
7f4d98000000-7f4d98021000 rw-p 00000000 00:00 0 
7f4d98021000-7f4d9c000000 ---p 00000000 00:00 0 
7f4d9c000000-7f4d9c041000 rw-p 00000000 00:00 0 
7f4d9c041000-7f4da0000000 ---p 00000000 00:00 0 
7f4da0000000-7f4da0021000 rw-p 00000000 00:00 0 
7f4da0021000-7f4da4000000 ---p 00000000 00:00 0 
7f4da4000000-7f4da40ce000 rw-p 00000000 00:00 0 
7f4da40ce000-7f4da8000000 ---p 00000000 00:00 0 
7f4da8000000-7f4da8af0000 rw-p 00000000 00:00 0 
7f4da8af0000-7f4dac000000 ---p 00000000 00:00 0 
7f4dac000000-7f4dac021000 rw-p 00000000 00:00 0 
7f4dac021000-7f4db0000000 ---p 00000000 00:00 0 
7f4db0000000-7f4db0021000 rw-p 00000000 00:00 0 
7f4db0021000-7f4db4000000 ---p 00000000 00:00 0 
7f4db4000000-7f4db4021000 rw-p 00000000 00:00 0 
7f4db4021000-7f4db8000000 ---p 00000000 00:00 0 
7f4db8000000-7f4db8021000 rw-p 00000000 00:00 0 
7f4db8021000-7f4dbc000000 ---p 00000000 00:00 0 
7f4dbc000000-7f4dbc021000 rw-p 00000000 00:00 0 
7f4dbc021000-7f4dc0000000 ---p 00000000 00:00 0 
7f4dc0000000-7f4dc0021000 rw-p 00000000 00:00 0 
7f4dc0021000-7f4dc4000000 ---p 00000000 00:00 0 
7f4dc4000000-7f4dc404d000 rw-p 00000000 00:00 0 
7f4dc404d000-7f4dc8000000 ---p 00000000 00:00 0 
7f4dc8100000-7f4dc8104000 ---p 00000000 00:00 0 
7f4dc8104000-7f4dc8200000 rw-p 00000000 00:00 0 
7f4dc8300000-7f4dc8304000 ---p 00000000 00:00 0 
7f4dc8304000-7f4dc8400000 rw-p 00000000 00:00 0 
7f4dc8500000-7f4dc8504000 ---p 00000000 00:00 0 
7f4dc8504000-7f4dc8600000 rw-p 00000000 00:00 0 
7f4dc8700000-7f4dc8704000 ---p 00000000 00:00 0 
7f4dc8704000-7f4dc8800000 rw-p 00000000 00:00 0 
7f4dc8900000-7f4dc8904000 ---p 00000000 00:00 0 
7f4dc8904000-7f4dc8a00000 rw-p 00000000 00:00 0 
7f4dc8b00000-7f4dc8b04000 ---p 00000000 00:00 0 
7f4dc8b04000-7f4dc8c00000 rw-p 00000000 00:00 0 
7f4dc8d00000-7f4dc8d04000 ---p 00000000 00:00 0 
7f4dc8d04000-7f4dc8e00000 rw-p 00000000 00:00 0 
7f4dc8f00000-7f4dc8f04000 ---p 00000000 00:00 0 
7f4dc8f04000-7f4dc9000000 rw-p 00000000 00:00 0 
7f4dc9000000-7f4dcb16a000 r-xp 00000000 00:1ce9 9223372037562577944      /nix/store/gpxl5qgg8kicmcvivwmybwjlpf7wh20l-graalvm17-ce-22.3.0/lib/libjvmcicompiler.so
7f4dcb16a000-7f4dcb369000 ---p 0216a000 00:1ce9 9223372037562577944      /nix/store/gpxl5qgg8kicmcvivwmybwjlpf7wh20l-graalvm17-ce-22.3.0/lib/libjvmcicompiler.so
7f4dcb369000-7f4dcb36a000 r--p 02169000 00:1ce9 9223372037562577944      /nix/store/gpxl5qgg8kicmcvivwmybwjlpf7wh20l-graalvm17-ce-22.3.0/lib/libjvmcicompiler.so
7f4dcb36a000-7f4dcb36c000 rw-p 0216a000 00:1ce9 9223372037562577944      /nix/store/gpxl5qgg8kicmcvivwmybwjlpf7wh20l-graalvm17-ce-22.3.0/lib/libjvmcicompiler.so
7f4dcb36c000-7f4dcb36d000 rw-p 00000000 00:00 0 
7f4dcb36d000-7f4dcb372000 rw-p 023c3000 00:1ce9 9223372037562577944      /nix/store/gpxl5qgg8kicmcvivwmybwjlpf7wh20l-graalvm17-ce-22.3.0/lib/libjvmcicompiler.so
7f4dcb3b3000-7f4dcb3b7000 ---p 00000000 00:00 0 
7f4dcb3b7000-7f4dcb4b3000 rw-p 00000000 00:00 0 
7f4dcb4b3000-7f4dcb723000 rwxp 00000000 00:00 0 
7f4dcb723000-7f4dcba42000 ---p 00000000 00:00 0 
7f4dcba42000-7f4dcc7c2000 rwxp 00000000 00:00 0 
7f4dcc7c2000-7f4dd2f7a000 ---p 00000000 00:00 0 
7f4dd2f7a000-7f4dd31ea000 rwxp 00000000 00:00 0 
7f4dd31ea000-7f4dda4b3000 ---p 00000000 00:00 0 
7f4dda4b3000-7f4de4000000 r--s 00000000 00:1ce9 9223372037562580485      /nix/store/gpxl5qgg8kicmcvivwmybwjlpf7wh20l-graalvm17-ce-22.3.0/lib/modules
7f4de4000000-7f4de461a000 rw-p 00000000 00:00 0 
7f4de461a000-7f4de8000000 ---p 00000000 00:00 0 
7f4de80d6000-7f4de80d8000 r-xp 00000000 00:1ce9 9223372037562577921      /nix/store/gpxl5qgg8kicmcvivwmybwjlpf7wh20l-graalvm17-ce-22.3.0/lib/libextnet.so
7f4de80d8000-7f4de80d9000 r--p 00001000 00:1ce9 9223372037562577921      /nix/store/gpxl5qgg8kicmcvivwmybwjlpf7wh20l-graalvm17-ce-22.3.0/lib/libextnet.so
7f4de80d9000-7f4de80da000 rw-p 00002000 00:1ce9 9223372037562577921      /nix/store/gpxl5qgg8kicmcvivwmybwjlpf7wh20l-graalvm17-ce-22.3.0/lib/libextnet.so
7f4de80da000-7f4de80db000 rw-p 00004000 00:1ce9 9223372037562577921      /nix/store/gpxl5qgg8kicmcvivwmybwjlpf7wh20l-graalvm17-ce-22.3.0/lib/libextnet.so
7f4de80db000-7f4de80df000 ---p 00000000 00:00 0 
7f4de80df000-7f4de80fd000 rw-p 00000000 00:00 0 
7f4de80fd000-7f4de8112000 r-xp 00000000 00:1ce9 9223372037562580474      /nix/store/gpxl5qgg8kicmcvivwmybwjlpf7wh20l-graalvm17-ce-22.3.0/lib/libnet.so
7f4de8112000-7f4de8113000 ---p 00015000 00:1ce9 9223372037562580474      /nix/store/gpxl5qgg8kicmcvivwmybwjlpf7wh20l-graalvm17-ce-22.3.0/lib/libnet.so
7f4de8113000-7f4de8114000 r--p 00015000 00:1ce9 9223372037562580474      /nix/store/gpxl5qgg8kicmcvivwmybwjlpf7wh20l-graalvm17-ce-22.3.0/lib/libnet.so
7f4de8114000-7f4de8115000 rw-p 00016000 00:1ce9 9223372037562580474      /nix/store/gpxl5qgg8kicmcvivwmybwjlpf7wh20l-graalvm17-ce-22.3.0/lib/libnet.so
7f4de8115000-7f4de8118000 rw-p 0001b000 00:1ce9 9223372037562580474      /nix/store/gpxl5qgg8kicmcvivwmybwjlpf7wh20l-graalvm17-ce-22.3.0/lib/libnet.so
7f4de8118000-7f4de8119000 ---p 00000000 00:00 0 
7f4de8119000-7f4de821a000 rw-p 00000000 00:00 0 
7f4de821a000-7f4de821e000 ---p 00000000 00:00 0 
7f4de821e000-7f4de831a000 rw-p 00000000 00:00 0 
7f4de831a000-7f4de831e000 ---p 00000000 00:00 0 
7f4de831e000-7f4de841a000 rw-p 00000000 00:00 0 
7f4de841a000-7f4de841e000 ---p 00000000 00:00 0 
7f4de841e000-7f4de851a000 rw-p 00000000 00:00 0 
7f4de851a000-7f4de851e000 ---p 00000000 00:00 0 
7f4de851e000-7f4de871a000 rw-p 00000000 00:00 0 
7f4de871a000-7f4de871e000 ---p 00000000 00:00 0 
7f4de871e000-7f4de891a000 rw-p 00000000 00:00 0 
7f4de891a000-7f4de891e000 ---p 00000000 00:00 0 
7f4de891e000-7f4de8a1a000 rw-p 00000000 00:00 0 
7f4de8a1a000-7f4de8a1e000 ---p 00000000 00:00 0 
7f4de8a1e000-7f4de8b1a000 rw-p 00000000 00:00 0 
7f4de8b1a000-7f4de8b1e000 ---p 00000000 00:00 0 
7f4de8b1e000-7f4de8c1a000 rw-p 00000000 00:00 0 
7f4de8c1a000-7f4de8f00000 r--p 00000000 00:1cd8 28444448                 /usr/lib/locale/locale-archive
7f4de8f00000-7f4de8f04000 ---p 00000000 00:00 0 
7f4de8f04000-7f4de9400000 rw-p 00000000 00:00 0 
7f4de9400000-7f4de9700000 rw-p 00000000 00:00 0 
7f4de9700000-7f4de9800000 rw-p 00000000 00:00 0 
7f4de9804000-7f4de980b000 r-xp 00000000 00:1ce9 9223372037562580484      /nix/store/gpxl5qgg8kicmcvivwmybwjlpf7wh20l-graalvm17-ce-22.3.0/lib/libzip.so
7f4de980b000-7f4de980c000 ---p 00007000 00:1ce9 9223372037562580484      /nix/store/gpxl5qgg8kicmcvivwmybwjlpf7wh20l-graalvm17-ce-22.3.0/lib/libzip.so
7f4de980c000-7f4de980d000 r--p 00007000 00:1ce9 9223372037562580484      /nix/store/gpxl5qgg8kicmcvivwmybwjlpf7wh20l-graalvm17-ce-22.3.0/lib/libzip.so
7f4de980d000-7f4de980e000 rw-p 00008000 00:1ce9 9223372037562580484      /nix/store/gpxl5qgg8kicmcvivwmybwjlpf7wh20l-graalvm17-ce-22.3.0/lib/libzip.so
7f4de980e000-7f4de9810000 rw-p 0000b000 00:1ce9 9223372037562580484      /nix/store/gpxl5qgg8kicmcvivwmybwjlpf7wh20l-graalvm17-ce-22.3.0/lib/libzip.so
7f4de9810000-7f4de9823000 r-xp 00000000 00:1ce9 9223372037562580475      /nix/store/gpxl5qgg8kicmcvivwmybwjlpf7wh20l-graalvm17-ce-22.3.0/lib/libnio.so
7f4de9823000-7f4de9824000 r--p 00012000 00:1ce9 9223372037562580475      /nix/store/gpxl5qgg8kicmcvivwmybwjlpf7wh20l-graalvm17-ce-22.3.0/lib/libnio.so
7f4de9824000-7f4de9825000 rw-p 00013000 00:1ce9 9223372037562580475      /nix/store/gpxl5qgg8kicmcvivwmybwjlpf7wh20l-graalvm17-ce-22.3.0/lib/libnio.so
7f4de9825000-7f4de982a000 rw-p 00019000 00:1ce9 9223372037562580475      /nix/store/gpxl5qgg8kicmcvivwmybwjlpf7wh20l-graalvm17-ce-22.3.0/lib/libnio.so
7f4de982a000-7f4de982e000 ---p 00000000 00:00 0 
7f4de982e000-7f4de992a000 rw-p 00000000 00:00 0 
7f4de992a000-7f4de992b000 ---p 00000000 00:00 0 
7f4de992b000-7f4de9a2c000 rw-p 00000000 00:00 0 
7f4de9a2c000-7f4de9afa000 r-xp 00000000 00:1ce9 9223372037562577940      /nix/store/gpxl5qgg8kicmcvivwmybwjlpf7wh20l-graalvm17-ce-22.3.0/lib/libjsvml.so
7f4de9afa000-7f4de9afb000 r--p 000cd000 00:1ce9 9223372037562577940      /nix/store/gpxl5qgg8kicmcvivwmybwjlpf7wh20l-graalvm17-ce-22.3.0/lib/libjsvml.so
7f4de9afb000-7f4de9afc000 rw-p 000ce000 00:1ce9 9223372037562577940      /nix/store/gpxl5qgg8kicmcvivwmybwjlpf7wh20l-graalvm17-ce-22.3.0/lib/libjsvml.so
7f4de9afc000-7f4deb3d4000 rw-p 00000000 00:00 0 
7f4deb3d4000-7f4deb3d5000 ---p 00000000 00:00 0 
7f4deb3d5000-7f4deb580000 rw-p 00000000 00:00 0 
7f4deb580000-7f4deb598000 rw-p 00000000 00:00 0 
7f4deb598000-7f4deb5d6000 ---p 00000000 00:00 0 
7f4deb5d6000-7f4deb5dc000 rw-p 00000000 00:00 0 
7f4deb5dc000-7f4deb6c2000 ---p 00000000 00:00 0 
7f4deb6c2000-7f4deb6dd000 rw-p 00000000 00:00 0 
7f4deb6dd000-7f4deb7ad000 ---p 00000000 00:00 0 
7f4deb7ad000-7f4deb7b2000 rw-p 00000000 00:00 0 
7f4deb7b2000-7f4deb7b9000 ---p 00000000 00:00 0 
7f4deb7b9000-7f4deb7dd000 r-xp 00000000 00:1ce9 9223372037562577932      /nix/store/gpxl5qgg8kicmcvivwmybwjlpf7wh20l-graalvm17-ce-22.3.0/lib/libjava.so
7f4deb7dd000-7f4deb7de000 ---p 00024000 00:1ce9 9223372037562577932      /nix/store/gpxl5qgg8kicmcvivwmybwjlpf7wh20l-graalvm17-ce-22.3.0/lib/libjava.so
7f4deb7de000-7f4deb7df000 r--p 00024000 00:1ce9 9223372037562577932      /nix/store/gpxl5qgg8kicmcvivwmybwjlpf7wh20l-graalvm17-ce-22.3.0/lib/libjava.so
7f4deb7df000-7f4deb7e0000 rw-p 00025000 00:1ce9 9223372037562577932      /nix/store/gpxl5qgg8kicmcvivwmybwjlpf7wh20l-graalvm17-ce-22.3.0/lib/libjava.so
7f4deb7e0000-7f4deb7e1000 rw-p 00000000 00:00 0 
7f4deb7e1000-7f4deb7e8000 rw-p 0002f000 00:1ce9 9223372037562577932      /nix/store/gpxl5qgg8kicmcvivwmybwjlpf7wh20l-graalvm17-ce-22.3.0/lib/libjava.so
7f4deb7e8000-7f4deb7f0000 rw-s 00000000 00:a07 350                       /tmp/hsperfdata_runner/21
7f4deb7f0000-7f4deb7f1000 ---p 00000000 00:00 0 
7f4deb7f1000-7f4deb7f2000 r--p 00000000 00:00 0 
7f4deb7f2000-7f4deb7f3000 rwxp 00000000 00:00 0 
7f4deb7f3000-7f4deb80e000 r-xp 00000000 00:1ce9 9223372037562577936      /nix/store/gpxl5qgg8kicmcvivwmybwjlpf7wh20l-graalvm17-ce-22.3.0/lib/libjimage.so
7f4deb80e000-7f4deb80f000 ---p 0001b000 00:1ce9 9223372037562577936      /nix/store/gpxl5qgg8kicmcvivwmybwjlpf7wh20l-graalvm17-ce-22.3.0/lib/libjimage.so
7f4deb80f000-7f4deb811000 r--p 0001b000 00:1ce9 9223372037562577936      /nix/store/gpxl5qgg8kicmcvivwmybwjlpf7wh20l-graalvm17-ce-22.3.0/lib/libjimage.so
7f4deb811000-7f4deb812000 rw-p 0001d000 00:1ce9 9223372037562577936      /nix/store/gpxl5qgg8kicmcvivwmybwjlpf7wh20l-graalvm17-ce-22.3.0/lib/libjimage.so
7f4deb812000-7f4deb813000 rw-p 00024000 00:1ce9 9223372037562577936      /nix/store/gpxl5qgg8kicmcvivwmybwjlpf7wh20l-graalvm17-ce-22.3.0/lib/libjimage.so
7f4deb813000-7f4deb817000 ---p 00000000 00:00 0 
7f4deb817000-7f4deb913000 rw-p 00000000 00:00 0 
7f4deb913000-7f4deb921000 r--p 00000000 00:1ce9 9223372037455367831      /nix/store/4nlgxhb09sdr51nc9hdm8az5b08vzkgx-glibc-2.35-163/lib/libm.so.6
7f4deb921000-7f4deb994000 r-xp 0000e000 00:1ce9 9223372037455367831      /nix/store/4nlgxhb09sdr51nc9hdm8az5b08vzkgx-glibc-2.35-163/lib/libm.so.6
7f4deb994000-7f4deb9f1000 r--p 00081000 00:1ce9 9223372037455367831      /nix/store/4nlgxhb09sdr51nc9hdm8az5b08vzkgx-glibc-2.35-163/lib/libm.so.6
7f4deb9f1000-7f4deb9f2000 r--p 000dd000 00:1ce9 9223372037455367831      /nix/store/4nlgxhb09sdr51nc9hdm8az5b08vzkgx-glibc-2.35-163/lib/libm.so.6
7f4deb9f2000-7f4deb9f3000 rw-p 000de000 00:1ce9 9223372037455367831      /nix/store/4nlgxhb09sdr51nc9hdm8az5b08vzkgx-glibc-2.35-163/lib/libm.so.6
7f4deb9f3000-7f4deb9f4000 r--p 00000000 00:1ce9 9223372037455367850      /nix/store/4nlgxhb09sdr51nc9hdm8az5b08vzkgx-glibc-2.35-163/lib/librt.so.1
7f4deb9f4000-7f4deb9f5000 r-xp 00001000 00:1ce9 9223372037455367850      /nix/store/4nlgxhb09sdr51nc9hdm8az5b08vzkgx-glibc-2.35-163/lib/librt.so.1
7f4deb9f5000-7f4deb9f6000 r--p 00002000 00:1ce9 9223372037455367850      /nix/store/4nlgxhb09sdr51nc9hdm8az5b08vzkgx-glibc-2.35-163/lib/librt.so.1
7f4deb9f6000-7f4deb9f7000 r--p 00002000 00:1ce9 9223372037455367850      /nix/store/4nlgxhb09sdr51nc9hdm8az5b08vzkgx-glibc-2.35-163/lib/librt.so.1
7f4deb9f7000-7f4deb9f8000 rw-p 00003000 00:1ce9 9223372037455367850      /nix/store/4nlgxhb09sdr51nc9hdm8az5b08vzkgx-glibc-2.35-163/lib/librt.so.1
7f4deb9f8000-7f4decb0b000 r-xp 00000000 00:1ce9 9223372037562748770      /nix/store/gpxl5qgg8kicmcvivwmybwjlpf7wh20l-graalvm17-ce-22.3.0/lib/server/libjvm.so
7f4decb0b000-7f4decb0c000 ---p 01113000 00:1ce9 9223372037562748770      /nix/store/gpxl5qgg8kicmcvivwmybwjlpf7wh20l-graalvm17-ce-22.3.0/lib/server/libjvm.so
7f4decb0c000-7f4decbc1000 r--p 01113000 00:1ce9 9223372037562748770      /nix/store/gpxl5qgg8kicmcvivwmybwjlpf7wh20l-graalvm17-ce-22.3.0/lib/server/libjvm.so
7f4decbc1000-7f4decbf5000 rw-p 011c8000 00:1ce9 9223372037562748770      /nix/store/gpxl5qgg8kicmcvivwmybwjlpf7wh20l-graalvm17-ce-22.3.0/lib/server/libjvm.so
7f4decbf5000-7f4decc51000 rw-p 00000000 00:00 0 
7f4decc51000-7f4decc79000 r--p 00000000 00:1ce9 9223372037455367822      /nix/store/4nlgxhb09sdr51nc9hdm8az5b08vzkgx-glibc-2.35-163/lib/libc.so.6
7f4decc79000-7f4decdef000 r-xp 00028000 00:1ce9 9223372037455367822      /nix/store/4nlgxhb09sdr51nc9hdm8az5b08vzkgx-glibc-2.35-163/lib/libc.so.6
7f4decdef000-7f4dece47000 r--p 0019e000 00:1ce9 9223372037455367822      /nix/store/4nlgxhb09sdr51nc9hdm8az5b08vzkgx-glibc-2.35-163/lib/libc.so.6
7f4dece47000-7f4dece4b000 r--p 001f6000 00:1ce9 9223372037455367822      /nix/store/4nlgxhb09sdr51nc9hdm8az5b08vzkgx-glibc-2.35-163/lib/libc.so.6
7f4dece4b000-7f4dece4d000 rw-p 001fa000 00:1ce9 9223372037455367822      /nix/store/4nlgxhb09sdr51nc9hdm8az5b08vzkgx-glibc-2.35-163/lib/libc.so.6
7f4dece4d000-7f4dece5c000 rw-p 00000000 00:00 0 
7f4dece5c000-7f4dece5d000 r--p 00000000 00:1ce9 9223372037455367827      /nix/store/4nlgxhb09sdr51nc9hdm8az5b08vzkgx-glibc-2.35-163/lib/libdl.so.2
7f4dece5d000-7f4dece5e000 r-xp 00001000 00:1ce9 9223372037455367827      /nix/store/4nlgxhb09sdr51nc9hdm8az5b08vzkgx-glibc-2.35-163/lib/libdl.so.2
7f4dece5e000-7f4dece5f000 r--p 00002000 00:1ce9 9223372037455367827      /nix/store/4nlgxhb09sdr51nc9hdm8az5b08vzkgx-glibc-2.35-163/lib/libdl.so.2
7f4dece5f000-7f4dece60000 r--p 00002000 00:1ce9 9223372037455367827      /nix/store/4nlgxhb09sdr51nc9hdm8az5b08vzkgx-glibc-2.35-163/lib/libdl.so.2
7f4dece60000-7f4dece61000 rw-p 00003000 00:1ce9 9223372037455367827      /nix/store/4nlgxhb09sdr51nc9hdm8az5b08vzkgx-glibc-2.35-163/lib/libdl.so.2
7f4dece61000-7f4dece62000 r--p 00000000 00:1ce9 9223372037455367846      /nix/store/4nlgxhb09sdr51nc9hdm8az5b08vzkgx-glibc-2.35-163/lib/libpthread.so.0
7f4dece62000-7f4dece63000 r-xp 00001000 00:1ce9 9223372037455367846      /nix/store/4nlgxhb09sdr51nc9hdm8az5b08vzkgx-glibc-2.35-163/lib/libpthread.so.0
7f4dece63000-7f4dece64000 r--p 00002000 00:1ce9 9223372037455367846      /nix/store/4nlgxhb09sdr51nc9hdm8az5b08vzkgx-glibc-2.35-163/lib/libpthread.so.0
7f4dece64000-7f4dece65000 r--p 00002000 00:1ce9 9223372037455367846      /nix/store/4nlgxhb09sdr51nc9hdm8az5b08vzkgx-glibc-2.35-163/lib/libpthread.so.0
7f4dece65000-7f4dece66000 rw-p 00003000 00:1ce9 9223372037455367846      /nix/store/4nlgxhb09sdr51nc9hdm8az5b08vzkgx-glibc-2.35-163/lib/libpthread.so.0
7f4dece66000-7f4dece74000 r-xp 00000000 00:1ce9 9223372037562577937      /nix/store/gpxl5qgg8kicmcvivwmybwjlpf7wh20l-graalvm17-ce-22.3.0/lib/libjli.so
7f4dece74000-7f4dece75000 ---p 0000e000 00:1ce9 9223372037562577937      /nix/store/gpxl5qgg8kicmcvivwmybwjlpf7wh20l-graalvm17-ce-22.3.0/lib/libjli.so
7f4dece75000-7f4dece76000 r--p 0000e000 00:1ce9 9223372037562577937      /nix/store/gpxl5qgg8kicmcvivwmybwjlpf7wh20l-graalvm17-ce-22.3.0/lib/libjli.so
7f4dece76000-7f4dece77000 rw-p 0000f000 00:1ce9 9223372037562577937      /nix/store/gpxl5qgg8kicmcvivwmybwjlpf7wh20l-graalvm17-ce-22.3.0/lib/libjli.so
7f4dece77000-7f4dece78000 rw-p 00012000 00:1ce9 9223372037562577937      /nix/store/gpxl5qgg8kicmcvivwmybwjlpf7wh20l-graalvm17-ce-22.3.0/lib/libjli.so
7f4dece78000-7f4dece7b000 r--p 00000000 00:1ce9 9223372037533597975      /nix/store/026hln0aq1hyshaxsdvhg0kmcm6yf45r-zlib-1.2.13/lib/libz.so.1.2.13
7f4dece7b000-7f4dece8d000 r-xp 00003000 00:1ce9 9223372037533597975      /nix/store/026hln0aq1hyshaxsdvhg0kmcm6yf45r-zlib-1.2.13/lib/libz.so.1.2.13
7f4dece8d000-7f4dece94000 r--p 00015000 00:1ce9 9223372037533597975      /nix/store/026hln0aq1hyshaxsdvhg0kmcm6yf45r-zlib-1.2.13/lib/libz.so.1.2.13
7f4dece94000-7f4dece95000 r--p 0001b000 00:1ce9 9223372037533597975      /nix/store/026hln0aq1hyshaxsdvhg0kmcm6yf45r-zlib-1.2.13/lib/libz.so.1.2.13
7f4dece95000-7f4dece96000 rw-p 0001c000 00:1ce9 9223372037533597975      /nix/store/026hln0aq1hyshaxsdvhg0kmcm6yf45r-zlib-1.2.13/lib/libz.so.1.2.13
7f4dece96000-7f4dece98000 rw-p 00000000 00:00 0 
7f4dece98000-7f4dece9a000 r--p 00000000 00:1ce9 9223372037455367816      /nix/store/4nlgxhb09sdr51nc9hdm8az5b08vzkgx-glibc-2.35-163/lib/ld-linux-x86-64.so.2
7f4dece9a000-7f4decec1000 r-xp 00002000 00:1ce9 9223372037455367816      /nix/store/4nlgxhb09sdr51nc9hdm8az5b08vzkgx-glibc-2.35-163/lib/ld-linux-x86-64.so.2
7f4decec1000-7f4dececd000 r--p 00029000 00:1ce9 9223372037455367816      /nix/store/4nlgxhb09sdr51nc9hdm8az5b08vzkgx-glibc-2.35-163/lib/ld-linux-x86-64.so.2
7f4dececd000-7f4dececf000 r--p 00034000 00:1ce9 9223372037455367816      /nix/store/4nlgxhb09sdr51nc9hdm8az5b08vzkgx-glibc-2.35-163/lib/ld-linux-x86-64.so.2
7f4dececf000-7f4deced1000 rw-p 00036000 00:1ce9 9223372037455367816      /nix/store/4nlgxhb09sdr51nc9hdm8az5b08vzkgx-glibc-2.35-163/lib/ld-linux-x86-64.so.2
7ffcfb91b000-7ffcfb93f000 rw-p 00000000 00:00 0                          [stack]
7ffcfb9ab000-7ffcfb9af000 r--p 00000000 00:00 0                          [vvar]
7ffcfb9af000-7ffcfb9b1000 r-xp 00000000 00:00 0                          [vdso]
ffffffffff600000-ffffffffff601000 --xp 00000000 00:00 0                  [vsyscall]


VM Arguments:
jvm_args: -XX:ThreadPriorityPolicy=1 -XX:+UnlockExperimentalVMOptions -XX:+EnableJVMCIProduct -XX:JVMCIThreadsPerNativeLibraryRuntime=1 -XX:-UnlockExperimentalVMOptions -Declipse.application=org.eclipse.jdt.ls.core.id1 -Dosgi.bundles.defaultStartLevel=4 -Declipse.product=org.eclipse.jdt.ls.core.product -Dlog.level=ALL -Xverify:none -XX:+UseParallelGC -XX:GCTimeRatio=4 -XX:AdaptiveSizePolicyWeight=90 -Dsun.zip.disableMemoryMapping=true -Xmx512m -Xms100m 
java_command: /nix/store/m6gcpi1ii6rghy04cjwjddcavv7i90df-jdt-language-server-1.9.0/share/java/plugins/org.eclipse.equinox.launcher_1.6.400.v20210924-0641.jar --add-modules=ALL-SYSTEM --add-opens java.base/java.util=ALL-UNNAMED --add-opens java.base/java.lang=ALL-UNNAMED -configuration /home/runner/.cache/jdt-language-server/config -data /home/runner/.cache/jdt-language-server/data/home/runner/StudentWalletSkillsUSA
java_class_path (initial): /nix/store/m6gcpi1ii6rghy04cjwjddcavv7i90df-jdt-language-server-1.9.0/share/java/plugins/org.eclipse.equinox.launcher_1.6.400.v20210924-0641.jar
Launcher Type: SUN_STANDARD

[Global flags]
    uintx AdaptiveSizePolicyWeight                 = 90                                        {product} {command line}
     intx CICompilerCount                          = 2                                         {product} {ergonomic}
     bool EnableJVMCIProduct                       = true                                {JVMCI product} {jimage}
    uintx GCTimeRatio                              = 4                                         {product} {command line}
   size_t InitialHeapSize                          = 104857600                                 {product} {command line}
     uint JVMCIThreadsPerNativeLibraryRuntime      = 1                                   {JVMCI product} {jimage}
   size_t MaxHeapSize                              = 536870912                                 {product} {command line}
   size_t MaxNewSize                               = 178782208                                 {product} {ergonomic}
   size_t MinHeapDeltaBytes                        = 524288                                    {product} {ergonomic}
   size_t MinHeapSize                              = 104857600                                 {product} {command line}
   size_t NewSize                                  = 34603008                                  {product} {ergonomic}
    uintx NonNMethodCodeHeapSize                   = 5826188                                {pd product} {ergonomic}
    uintx NonProfiledCodeHeapSize                  = 122916026                              {pd product} {ergonomic}
   size_t OldSize                                  = 70254592                                  {product} {ergonomic}
    uintx ProfiledCodeHeapSize                     = 122916026                              {pd product} {ergonomic}
    uintx ReservedCodeCacheSize                    = 251658240                              {pd product} {ergonomic}
     bool SegmentedCodeCache                       = true                                      {product} {ergonomic}
   size_t SoftMaxHeapSize                          = 536870912                              {manageable} {ergonomic}
     intx ThreadPriorityPolicy                     = 1                                         {product} {jimage}
     bool UseCompressedClassPointers               = true                           {product lp64_product} {ergonomic}
     bool UseCompressedOops                        = true                           {product lp64_product} {ergonomic}
     bool UseParallelGC                            = true                                      {product} {command line}

Logging:
Log output configuration:
 #0: stdout all=warning uptime,level,tags
 #1: stderr all=off uptime,level,tags

Environment Variables:
JAVA_HOME=/nix/store/gpxl5qgg8kicmcvivwmybwjlpf7wh20l-graalvm17-ce-22.3.0
PATH=/nix/store/1d6ian3r8kdzspw8hacjhl3xkp40g1lj-binutils-wrapper-2.39/bin:/nix/store/dq0xwmsk1g0i2ayg6pb7y87na2knzylh-gcc-wrapper-11.3.0/bin:/nix/store/bap4d0lpcrhpwmpb8ayjcgkmvfj62lnq-bash-interactive-5.1-p16/bin:/nix/store/pr5n59mb4jzmfx6kanwxly0l07p861fg-patchelf-0.15.0/bin:/nix/store/1gf2flfqnpqbr1b4p4qz2f72y42bs56r-gcc-11.3.0/bin:/nix/store/57xv61c5zi8pphjbcwxxjlgc34p61ic9-glibc-2.35-163-bin/bin:/nix/store/a7gvj343m05j2s32xcnwr35v31ynlypr-coreutils-9.1/bin:/nix/store/039g378vc3pc3dvi9dzdlrd0i4q93qwf-binutils-2.39/bin:/nix/store/gpxl5qgg8kicmcvivwmybwjlpf7wh20l-graalvm17-ce-22.3.0/bin:/nix/store/6z9ag3ihc8mq2hzsw48lhbznvzny65nz-apache-maven-3.8.6/bin:/nix/store/m6gcpi1ii6rghy04cjwjddcavv7i90df-jdt-language-server-1.9.0/bin:/nix/store/84xs5alhs01zrbr4ywm05kxbjbp5590l-java-debug/bin:/nix/store/mydc6f4k2z73xlcz7ilif3v2lcaiqvza-findutils-4.9.0/bin:/nix/store/j9p3g8472iijd50vhdprx0nmk2fqn5gv-diffutils-3.8/bin:/nix/store/89zs7rms6x00xfq4dq6m7mjnhkr8a6r4-gnused-4.8/bin:/nix/store/86bp03jkmsl6f92w0yzg4s59g5mhxwmy-gnugrep-3.7/bin:/nix/store/hwcdqw4jrjnd37wxqgsd47hd0j8bnj09-gawk-5.1.1/bin:/nix/store/cfbhw8r8ags41vwqaz47r583d0p4h4a1-gnutar-1.34/bin:/nix/store/p3m1ndl1lapwrlh698bnb5lvvxh67378-gzip-1.12/bin:/nix/store/a8mhcagrsly7c7mpjrpsnaahk4aax056-bzip2-1.0.8-bin/bin:/nix/store/mblgz65m3zv9x548a3d5m96fj2pbwr09-gnumake-4.3/bin:/nix/store/dsd5gz46hdbdk2rfdimqddhq6m8m8fqs-bash-5.1-p16/bin:/nix/store/v7ljksji50mg3w61dykaa3n3y79n6nil-patch-2.7.6/bin:/nix/store/zlcnmqq14jz5x9439jf937mvayyl63da-xz-5.2.7-bin/bin:/nix/store/y6aj732zm9m87c82fpvf103a1xb22blp-file-5.43/bin:/nix/store/sgqd0ajghcv2axfl1lad0b1alyavp0dc-prybar-elisp-0.0.0-67f7a00/bin:/nix/store/p3hsvljpgs68jqwar41lc0jqhjj734lf-prybar-lua-0.0.0-67f7a00/bin:/nix/store/qzxs2gybds3s9kb1vkaflpgm2nwr85fh-prybar-python3-0.0.0-67f7a00/bin:/nix/store/km94z9mxp8w4m8gxxp5mbfpdf3nkfvd8-prybar-sqlite-0.0.0-67f7a00/bin:/nix/store/2pnc7b76asw0z59c4l6h6qy8arwqrii1-prybar-tcl-0.0.0-67f7a00/bin:/nix/store/hpbvrlwd5viqmvcaisb3x0118i913a9n-st
LD_LIBRARY_PATH=/nix/store/a4pff549sk2idnkpzk5nsfps3mdkdnvm-cups-2.4.2-lib/lib:/nix/store/72mqxxhh3cy5yifh92wh2yb8cl2hikyy-cairo-1.16.0/lib:/nix/store/2k366jrbsra97gjfxwvrhvixjfxdach5-glib-2.74.1/lib:/nix/store/2j2znigd8ak37rlwh9khz0ry3clqlw1l-gtk+3-3.24.34/lib:/nix/store/hisqvx32cd57apbpcsnkpx6k3549wql1-libglvnd-1.4.0/lib:/nix/store/p36pgcv991mq5srvg765b78yqpxvk3qs-mesa-21.3.3-drivers/lib:/nix/store/mav4251if1ahjq5vkpwycyyvnmy459c4-pulseaudio-14.2/lib
DISPLAY=:0
LANG=en_US.UTF-8

Signal Handlers:
   SIGSEGV: crash_handler in libjvm.so, mask=11100100010111111101111111111110, flags=SA_RESTART|SA_SIGINFO
    SIGBUS: crash_handler in libjvm.so, mask=11100100010111111101111111111110, flags=SA_RESTART|SA_SIGINFO
    SIGFPE: crash_handler in libjvm.so, mask=11100100010111111101111111111110, flags=SA_RESTART|SA_SIGINFO
   SIGPIPE: IsolateEnterStub_IgnoreSIGPIPEStartupHook_noopSignalHandler_8f19bff2f35b5f630d83b364d6b2339320d4ec70_216e8361c6bc87a8f89f58cc10d3b2fd4415bf87 in libjvmcicompiler.so, mask=00000000000000000000000000000000, flags=SA_RESTART
  *** Handler was modified!
  *** Expected: javaSignalHandler in libjvm.so, mask=11100100110111111111111111111110, flags=SA_RESTART|SA_SIGINFO
   SIGXFSZ: javaSignalHandler in libjvm.so, mask=11100100010111111101111111111110, flags=SA_RESTART|SA_SIGINFO
    SIGILL: crash_handler in libjvm.so, mask=11100100010111111101111111111110, flags=SA_RESTART|SA_SIGINFO
   SIGUSR2: SR_handler in libjvm.so, mask=00000000000000000000000000000000, flags=SA_RESTART|SA_SIGINFO
    SIGHUP: UserHandler in libjvm.so, mask=11100100010111111101111111111110, flags=SA_RESTART|SA_SIGINFO
    SIGINT: UserHandler in libjvm.so, mask=11100100010111111101111111111110, flags=SA_RESTART|SA_SIGINFO
   SIGTERM: UserHandler in libjvm.so, mask=11100100010111111101111111111110, flags=SA_RESTART|SA_SIGINFO
   SIGQUIT: UserHandler in libjvm.so, mask=11100100010111111101111111111110, flags=SA_RESTART|SA_SIGINFO
  *** Handler was modified!
  *** Expected: javaSignalHandler in libjvm.so, mask=11100100110111111111111111111110, flags=SA_RESTART|SA_SIGINFO
   SIGTRAP: crash_handler in libjvm.so, mask=11100100010111111101111111111110, flags=SA_RESTART|SA_SIGINFO


---------------  S Y S T E M  ---------------

OS:
DISTRIB_ID=Ubuntu
DISTRIB_RELEASE=20.04
DISTRIB_CODENAME=focal
DISTRIB_DESCRIPTION="Ubuntu 20.04.2 LTS"
uname: Linux 5.15.0-1027-gcp #34~20.04.1-Ubuntu SMP Mon Jan 9 18:40:09 UTC 2023 x86_64
OS uptime: 0 days 13:22 hours
libc: glibc 2.35 NPTL 2.35 
rlimit (soft/hard): STACK 8192k/infinity , CORE infinity/infinity , NPROC infinity/infinity , NOFILE 5242/5242 , AS infinity/infinity , CPU infinity/infinity , DATA infinity/infinity , FSIZE infinity/infinity , MEMLOCK 64k/64k
load average: 16.05 13.91 13.16

/proc/meminfo:
MemTotal:       65852736 kB
MemFree:        20702600 kB
MemAvailable:   45221212 kB
Buffers:         2495580 kB
Cached:         20316304 kB
SwapCached:            0 kB
Active:         10563548 kB
Inactive:       30447448 kB
Active(anon):      20236 kB
Inactive(anon): 17627688 kB
Active(file):   10543312 kB
Inactive(file): 12819760 kB
Unevictable:       43964 kB
Mlocked:           43964 kB
SwapTotal:             0 kB
SwapFree:              0 kB
Dirty:              4364 kB
Writeback:             0 kB
AnonPages:      16843412 kB
Mapped:          1557356 kB
Shmem:             34392 kB
KReclaimable:    1882140 kB
Slab:            3143936 kB
SReclaimable:    1882140 kB
SUnreclaim:      1261796 kB
KernelStack:      399496 kB
PageTables:       186328 kB
NFS_Unstable:          0 kB
Bounce:                0 kB
WritebackTmp:          0 kB
CommitLimit:    32926368 kB
Committed_AS:   70967472 kB
VmallocTotal:   34359738367 kB
VmallocUsed:      437300 kB
VmallocChunk:          0 kB
Percpu:            62624 kB
HardwareCorrupted:     0 kB
AnonHugePages:    716800 kB
ShmemHugePages:        0 kB
ShmemPmdMapped:        0 kB
FileHugePages:         0 kB
FilePmdMapped:         0 kB
HugePages_Total:       0
HugePages_Free:        0
HugePages_Rsvd:        0
HugePages_Surp:        0
Hugepagesize:       2048 kB
Hugetlb:               0 kB
DirectMap4k:     4275008 kB
DirectMap2M:    43956224 kB
DirectMap1G:    20971520 kB

/sys/kernel/mm/transparent_hugepage/enabled: always [madvise] never
/sys/kernel/mm/transparent_hugepage/defrag (defrag/compaction efforts parameter): always defer defer+madvise [madvise] never

Process Memory:
Virtual Size: 4588632K (peak: 4675524K)
Resident Set Size: 728772K (peak: 762740K) (anon: 531688K, file: 197084K, shmem: 0K)
Swapped out: 0K
C-Heap outstanding allocations: 40326K, retained: 11425K
glibc malloc tunables: (default)

/proc/sys/kernel/threads-max (system-wide limit on the number of threads): 514406
/proc/sys/vm/max_map_count (maximum number of memory map areas a process may have): 65530
/proc/sys/kernel/pid_max (system-wide limit on number of process identifiers): 4194304

container (cgroup) information:
container_type: cgroupv1
cpu_cpuset_cpus: 2-7
cpu_memory_nodes: 0
active_processor_count: 1
cpu_quota: 50000
cpu_period: 100000
cpu_shares: 512
memory_limit_in_bytes: 1048576 k
memory_and_swap_limit_in_bytes: 1048576 k
memory_soft_limit_in_bytes: 524288 k
memory_usage_in_bytes: 561640 k
memory_max_usage_in_bytes: 594700 k
maximum number of tasks: 1000
current number of tasks: 45

KVM virtualization detected
Steal ticks since vm start: 0
Steal ticks percentage since vm start:  0.000

CPU: total 8 (initial active 1) (8 cores per cpu, 2 threads per core) family 23 model 49 stepping 0 microcode 0xffffffff, cx8, cmov, fxsr, ht, mmx, 3dnowpref, sse, sse2, sse3, ssse3, sse4a, sse4.1, sse4.2, popcnt, lzcnt, tsc, tscinvbit, avx, avx2, aes, clmul, bmi1, bmi2, adx, sha, fma, vzeroupper, clflush, clflushopt, hv
CPU Model and flags from /proc/cpuinfo:
model name	: AMD EPYC 7B12
flags		: fpu vme de pse tsc msr pae mce cx8 apic sep mtrr pge mca cmov pat pse36 clflush mmx fxsr sse sse2 ht syscall nx mmxext fxsr_opt pdpe1gb rdtscp lm constant_tsc rep_good nopl nonstop_tsc cpuid extd_apicid tsc_known_freq pni pclmulqdq ssse3 fma cx16 sse4_1 sse4_2 movbe popcnt aes xsave avx f16c rdrand hypervisor lahf_lm cmp_legacy cr8_legacy abm sse4a misalignsse 3dnowprefetch osvw topoext ssbd ibrs ibpb stibp vmmcall fsgsbase tsc_adjust bmi1 avx2 smep bmi2 rdseed adx smap clflushopt clwb sha_ni xsaveopt xsavec xgetbv1 clzero xsaveerptr arat npt nrip_save umip rdpid

Online cpus: 0-7
Offline cpus: 
BIOS frequency limitation: <Not Available>
Frequency switch latency (ns): <Not Available>
Available cpu frequencies: <Not Available>
Current governor: <Not Available>
Core performance/turbo boost: <Not Available>

Memory: 4k page, physical 1048576k(486988k free), swap 0k(0k free)
Page Sizes: 4k

vm_info: OpenJDK 64-Bit Server VM (17.0.5+8-jvmci-22.3-b08) for linux-amd64 JRE (17.0.5+8-jvmci-22.3-b08), built on Oct 19 2022 09:01:27 by "buildslave" with gcc 10.3.0

END.
