#
# A fatal error has been detected by the Java Runtime Environment:
#
#  Internal Error (jvmciRuntime.cpp:1609), pid=29, tid=43
#  fatal error: Fatal exception in JVMCI: Error calling jdk.vm.ci.services.Services.serializeSavedProperties
#
# JRE version: OpenJDK Runtime Environment GraalVM CE 22.3.0 (17.0.5+8) (build 17.0.5+8-jvmci-22.3-b08)
# Java VM: OpenJDK 64-Bit Server VM GraalVM CE 22.3.0 (17.0.5+8-jvmci-22.3-b08, mixed mode, sharing, tiered, jvmci, jvmci compiler, compressed oops, compressed class ptrs, parallel gc, linux-amd64)
# Problematic frame:
# V  [libjvm.so+0x972714]  JVMCIRuntime::fatal_exception(JVMCIEnv*, char const*)+0x74
#
# Core dump will be written. Default location: Core dumps may be processed with "/usr/share/apport/apport -p%p -s%s -c%c -d%d -P%P -u%u -g%g -- %E" (or dumping to /home/runner/StudentWalletSkillsUSA/core.29)
#
# If you would like to submit a bug report, please visit:
#   https://github.com/oracle/graal/issues
#

---------------  S U M M A R Y ------------

Command Line: -XX:ThreadPriorityPolicy=1 -XX:+UnlockExperimentalVMOptions -XX:+EnableJVMCIProduct -XX:JVMCIThreadsPerNativeLibraryRuntime=1 -XX:-UnlockExperimentalVMOptions -Declipse.application=org.eclipse.jdt.ls.core.id1 -Dosgi.bundles.defaultStartLevel=4 -Declipse.product=org.eclipse.jdt.ls.core.product -Dlog.level=ALL -Xverify:none -XX:+UseParallelGC -XX:GCTimeRatio=4 -XX:AdaptiveSizePolicyWeight=90 -Dsun.zip.disableMemoryMapping=true -Xmx512m -Xms100m /nix/store/m6gcpi1ii6rghy04cjwjddcavv7i90df-jdt-language-server-1.9.0/share/java/plugins/org.eclipse.equinox.launcher_1.6.400.v20210924-0641.jar --add-modules=ALL-SYSTEM --add-opens java.base/java.util=ALL-UNNAMED --add-opens java.base/java.lang=ALL-UNNAMED -configuration /home/runner/.cache/jdt-language-server/config -data /home/runner/.cache/jdt-language-server/data/home/runner/StudentWalletSkillsUSA

Host: AMD EPYC 7B12, 8 cores, 1G, Ubuntu 20.04.2 LTS
Time: Thu Jan 26 19:20:20 2023 UTC elapsed time: 1036.957652 seconds (0d 0h 17m 16s)

---------------  T H R E A D  ---------------

Current thread (0x00007fea200b2210):  JavaThread "JVMCI-native CompilerThread0" daemon [_thread_in_vm, id=43, stack(0x00007fea05b1a000,0x00007fea05d1a000)]


Current CompileTask:
JVMCI-native:1036958 8006       4       org.eclipse.jdt.internal.compiler.util.CharArrayMap::get (38 bytes)

Stack: [0x00007fea05b1a000,0x00007fea05d1a000],  sp=0x00007fea05d18380,  free space=2040k
Native frames: (J=compiled Java code, j=interpreted, Vv=VM code, C=native code)
V  [libjvm.so+0x972714]  JVMCIRuntime::fatal_exception(JVMCIEnv*, char const*)+0x74
V  [libjvm.so+0x93e2fe]  JVMCIEnv::copy_saved_properties()+0x14e
V  [libjvm.so+0x9732a9]  JVMCIRuntime::initialize(JVMCIEnv*)+0xb19
V  [libjvm.so+0x9738a2]  JVMCIRuntime::get_HotSpotJVMCIRuntime(JVMCIEnv*)+0x12
V  [libjvm.so+0x9749f2]  JVMCIRuntime::compile_method(JVMCIEnv*, JVMCICompiler*, methodHandle const&, int)+0xd2
V  [libjvm.so+0x5b0d20]  CompileBroker::invoke_compiler_on_method(CompileTask*)+0x1470
V  [libjvm.so+0x5b12e8]  CompileBroker::compiler_thread_loop()+0x528
V  [libjvm.so+0xd82460]  JavaThread::thread_main_inner()+0xd0
V  [libjvm.so+0xd85a40]  Thread::call_run()+0xc0
V  [libjvm.so+0xbdb1e1]  thread_native_entry(Thread*)+0xe1

Register to memory mapping:

RAX=0x00007fea258bd000 points into unknown readable memory: 0x0000000000000058 | 58 00 00 00 00 00 00 00
RBX=0x00007fea269b8398: <offset 0x0000000000ef5398> in /nix/store/gpxl5qgg8kicmcvivwmybwjlpf7wh20l-graalvm17-ce-22.3.0/lib/server/libjvm.so at 0x00007fea25ac3000
RCX=0x00007fea269701e8: <offset 0x0000000000ead1e8> in /nix/store/gpxl5qgg8kicmcvivwmybwjlpf7wh20l-graalvm17-ce-22.3.0/lib/server/libjvm.so at 0x00007fea25ac3000
RDX=0x0000000000000649 is an unknown value
RSP=0x00007fea05d18380 is pointing into the stack for thread: 0x00007fea200b2210
RBP=0x00007fea05d183a0 is pointing into the stack for thread: 0x00007fea200b2210
RSI=0x00007fea269b8c48: <offset 0x0000000000ef5c48> in /nix/store/gpxl5qgg8kicmcvivwmybwjlpf7wh20l-graalvm17-ce-22.3.0/lib/server/libjvm.so at 0x00007fea25ac3000
RDI=0x00000000e0000000 is an oop: [Ljava.security.cert.Certificate; 
{0x00000000e0000000} - klass: 'java/security/cert/Certificate'[]
 - length: 3
R8 =0x00007fea269b8398: <offset 0x0000000000ef5398> in /nix/store/gpxl5qgg8kicmcvivwmybwjlpf7wh20l-graalvm17-ce-22.3.0/lib/server/libjvm.so at 0x00007fea25ac3000
R9 =0x00007fea05d18330 is pointing into the stack for thread: 0x00007fea200b2210
R10=0x00007fea05d19948 is pointing into the stack for thread: 0x00007fea200b2210
R11=0x0000000000000293 is an unknown value
R12=0x0 is NULL
R13=0x00007fea200b2210 is a thread
R14=0x00007fea20000b80 points into unknown readable memory: 0x00007fea26be9a38 | 38 9a be 26 ea 7f 00 00
R15=0x00007fea26cf7e40: <offset 0x0000000001234e40> in /nix/store/gpxl5qgg8kicmcvivwmybwjlpf7wh20l-graalvm17-ce-22.3.0/lib/server/libjvm.so at 0x00007fea25ac3000


Registers:
RAX=0x00007fea258bd000, RBX=0x00007fea269b8398, RCX=0x00007fea269701e8, RDX=0x0000000000000649
RSP=0x00007fea05d18380, RBP=0x00007fea05d183a0, RSI=0x00007fea269b8c48, RDI=0x00000000e0000000
R8 =0x00007fea269b8398, R9 =0x00007fea05d18330, R10=0x00007fea05d19948, R11=0x0000000000000293
R12=0x0000000000000000, R13=0x00007fea200b2210, R14=0x00007fea20000b80, R15=0x00007fea26cf7e40
RIP=0x00007fea26435714, EFLAGS=0x0000000000010206, CSGSFS=0x002b000000000033, ERR=0x0000000000000006
  TRAPNO=0x000000000000000e

Top of Stack: (sp=0x00007fea05d18380)
0x00007fea05d18380:   00007fea05d18940 00007fea200b2210
0x00007fea05d18390:   00007fea2424e8c8 0000000800c417a0
0x00007fea05d183a0:   00007fea05d18500 00007fea264012fe
0x00007fea05d183b0:   00007fea05d183e0 00007fea05d18440 

Instructions: (pc=0x00007fea26435714)
0x00007fea26435614:   30 e8 f6 cf e8 ff 4c 89 e7 e8 2e 48 d1 ff 84 db
0x00007fea26435624:   75 2a 4d 85 ed 74 04 4d 8b 6d 00 48 83 c4 08 44
0x00007fea26435634:   89 f9 4c 89 f2 4c 89 ee 5b 4c 89 e7 41 5c 41 5d
0x00007fea26435644:   41 5e 41 5f 5d e9 e2 47 d1 ff 66 90 48 83 c4 08
0x00007fea26435654:   5b 41 5c 41 5d 41 5e 41 5f 5d c3 90 31 d2 be 08
0x00007fea26435664:   00 00 00 4c 89 ff e8 b1 78 a3 ff 49 89 c5 e9 37
0x00007fea26435674:   ff ff ff 66 0f 1f 84 00 00 00 00 00 48 8b 7a 08
0x00007fea26435684:   e9 6d ff ff ff 0f 1f 80 00 00 00 00 e8 5b 48 0a
0x00007fea26435694:   00 84 c0 75 89 e9 6a ff ff ff 66 90 55 48 89 e5
0x00007fea264356a4:   41 56 41 55 41 54 49 89 fc 53 48 89 f3 66 48 8d
0x00007fea264356b4:   3d 27 5e 85 00 66 66 48 e8 df 43 8d ff 4c 8b 28
0x00007fea264356c4:   8b 05 be 72 8a 00 85 c0 75 14 ba 01 00 00 00 48
0x00007fea264356d4:   8d 0d ae 72 8a 00 f0 0f b1 11 85 c0 74 4e be c8
0x00007fea264356e4:   00 00 00 4c 89 ef e8 01 0b 41 00 48 8d 05 12 ac
0x00007fea264356f4:   85 00 49 89 d8 48 8d 0d e8 aa 53 00 ba 49 06 00
0x00007fea26435704:   00 48 8d 35 3c 35 58 00 bf 00 00 00 e0 48 8b 00
0x00007fea26435714:   c6 00 58 31 c0 e8 e2 91 c6 ff 5b 41 5c 41 5d 41
0x00007fea26435724:   5e 5d e9 55 34 26 00 0f 1f 44 00 00 48 8d 05 81
0x00007fea26435734:   a3 8b 00 48 89 df 4c 8b 30 e8 9e 43 8d ff 48 89
0x00007fea26435744:   de 48 89 c2 49 8b 06 4c 89 f7 ff 50 08 4c 89 f7
0x00007fea26435754:   e8 a7 5c 27 00 4d 85 e4 74 12 be 01 00 00 00 4c
0x00007fea26435764:   89 e7 e8 35 43 fc ff eb 82 0f 1f 00 be 01 00 00
0x00007fea26435774:   00 4c 89 ef e8 d3 fd ff ff e9 6d ff ff ff 66 66
0x00007fea26435784:   2e 0f 1f 84 00 00 00 00 00 0f 1f 00 55 48 89 e5
0x00007fea26435794:   41 57 41 56 41 55 41 54 53 48 81 ec 08 02 00 00
0x00007fea264357a4:   64 48 8b 04 25 28 00 00 00 48 89 45 c8 8b 07 83
0x00007fea264357b4:   f8 02 0f 84 11 04 00 00 4c 8b 6f 18 49 89 ff 49
0x00007fea264357c4:   89 f4 4d 85 ed 74 14 4c 89 ef e8 5d 57 22 00 41
0x00007fea264357d4:   8b 07 83 f8 02 0f 84 19 04 00 00 48 8d 1d 9a 06
0x00007fea264357e4:   8a 00 4c 8d 35 0b 3c 58 00 eb 38 90 48 85 d2 7f
0x00007fea264357f4:   0d 48 8d 05 b4 c0 85 00 48 83 38 00 7e 0e 41 8b
0x00007fea26435804:   77 2c 4c 89 f7 31 c0 e8 a0 b2 f7 ff 49 8b 7f 18 


Stack slot to memory mapping:
stack at sp + 0 slots: 0x00007fea05d18940 is pointing into the stack for thread: 0x00007fea200b2210
stack at sp + 1 slots: 0x00007fea200b2210 is a thread
stack at sp + 2 slots: 0x00007fea2424e8c8 points into unknown readable memory: 0x6573001880c9ffff | ff ff c9 80 18 00 73 65
stack at sp + 3 slots: 0x0000000800c417a0 is a pointer to class: 
jdk.vm.ci.services.Services {0x0000000800c417a0}
 - instance size:     2
 - klass size:        65
 - access:            public final synchronized 
 - state:             fully_initialized
 - name:              'jdk/vm/ci/services/Services'
 - super:             'java/lang/Object'
 - sub:               
 - arrays:            NULL
 - methods:           Array<T>(0x00007fea06440a10)
 - method ordering:   Array<T>(0x0000000800928960)
 - default_methods:   Array<T>(0x0000000000000000)
 - local interfaces:  Array<T>(0x00000008005ce810)
 - trans. interfaces: Array<T>(0x00000008005ce810)
 - constants:         constant pool [427] {0x00007fea0643faf0} for 'jdk/vm/ci/services/Services' cache=0x00007fea06441ce0
 - class loader data:  loader data: 0x00007fea200283f0 of 'bootstrap'
 - source file:       'Services.java'
 - class annotations:       Array<T>(0x0000000000000000)
 - class type annotations:  Array<T>(0x0000000000000000)
 - field annotations:       Array<T>(0x0000000000000000)
 - field type annotations:  Array<T>(0x0000000000000000)
 - inner classes:     Array<T>(0x00007fea06441cb0)
 - nest members:     Array<T>(0x00007fea06441cd0)
 - permitted subclasses:     Array<T>(0x00000008005ce7a0)
 - java mirror:       a 'java/lang/Class'{0x00000000e017b740} = 'jdk/vm/ci/services/Services'
 - vtable length      5  (start addr: 0x0000000800c41970)
 - itable length      2 (start addr: 0x0000000800c41998)
 - ---- static fields (3 words):
 - public static final 'IS_BUILDING_NATIVE_IMAGE' 'Z' @128 
 - public static final 'IS_IN_NATIVE_IMAGE' 'Z' @129 
 - private static volatile 'savedProperties' 'Ljava/util/Map;' @112 
 - static final 'JVMCI_ENABLED' 'Z' @130 
 - private static final 'servicesCache' 'Ljava/util/Map;' @116 
 - private static final 'MAX_UNICODE_IN_UTF8_LENGTH' 'I' @120 
 - private static final 'MAX_UTF8_PROPERTY_STRING_LENGTH' 'I' @124 
 - ---- non-static fields (0 words):
 - non-static oop maps: 
stack at sp + 4 slots: 0x00007fea05d18500 is pointing into the stack for thread: 0x00007fea200b2210
stack at sp + 5 slots: 0x00007fea264012fe: <offset 0x000000000093e2fe> in /nix/store/gpxl5qgg8kicmcvivwmybwjlpf7wh20l-graalvm17-ce-22.3.0/lib/server/libjvm.so at 0x00007fea25ac3000
stack at sp + 6 slots: 0x00007fea05d183e0 is pointing into the stack for thread: 0x00007fea200b2210
stack at sp + 7 slots: 0x00007fea05d18440 is pointing into the stack for thread: 0x00007fea200b2210


---------------  P R O C E S S  ---------------

Threads class SMR info:
_java_thread_list=0x00007fe9900bcf80, length=31, elements={
0x00007fea20026690, 0x00007fea200a64d0, 0x00007fea200a7910, 0x00007fea200ae080,
0x00007fea200af430, 0x00007fea200b0820, 0x00007fea200b2210, 0x00007fea200b3720,
0x00007fea200b4b70, 0x00007fea200e0060, 0x00007fea20137b40, 0x00007fea2032a7e0,
0x00007fea2035e290, 0x00007fea2035fff0, 0x00007fea2038c110, 0x00007fe9b401a6d0,
0x00007fe9b42b1080, 0x00007fe9b4315050, 0x00007fe9a80010d0, 0x00007fe9b4486b00,
0x00007fe9b4626280, 0x00007fea20394a40, 0x00007fea20413000, 0x00007fe984003e20,
0x00007fe98c1825d0, 0x00007fe98c184330, 0x00007fe98c183030, 0x00007fe98c0f7af0,
0x00007fe980007180, 0x00007fe98c0f83b0, 0x00007fe98c1691f0
}

Java Threads: ( => current thread )
  0x00007fea20026690 JavaThread "main" [_thread_blocked, id=35, stack(0x00007fea258de000,0x00007fea259de000)]
  0x00007fea200a64d0 JavaThread "Reference Handler" daemon [_thread_blocked, id=38, stack(0x00007fea06cdc000,0x00007fea06ddc000)]
  0x00007fea200a7910 JavaThread "Finalizer" daemon [_thread_blocked, id=39, stack(0x00007fea06300000,0x00007fea06400000)]
  0x00007fea200ae080 JavaThread "Signal Dispatcher" daemon [_thread_blocked, id=40, stack(0x00007fea05f1a000,0x00007fea0601a000)]
  0x00007fea200af430 JavaThread "Service Thread" daemon [_thread_blocked, id=41, stack(0x00007fea05e1a000,0x00007fea05f1a000)]
  0x00007fea200b0820 JavaThread "Monitor Deflation Thread" daemon [_thread_blocked, id=42, stack(0x00007fea05d1a000,0x00007fea05e1a000)]
=>0x00007fea200b2210 JavaThread "JVMCI-native CompilerThread0" daemon [_thread_in_vm, id=43, stack(0x00007fea05b1a000,0x00007fea05d1a000)]
  0x00007fea200b3720 JavaThread "C1 CompilerThread0" daemon [_thread_blocked, id=44, stack(0x00007fea0591a000,0x00007fea05b1a000)]
  0x00007fea200b4b70 JavaThread "Sweeper thread" daemon [_thread_blocked, id=45, stack(0x00007fea0581a000,0x00007fea0591a000)]
  0x00007fea200e0060 JavaThread "Common-Cleaner" daemon [_thread_blocked, id=46, stack(0x00007fea0571a000,0x00007fea0581a000)]
  0x00007fea20137b40 JavaThread "Notification Thread" daemon [_thread_blocked, id=50, stack(0x00007fea0561a000,0x00007fea0571a000)]
  0x00007fea2032a7e0 JavaThread "Active Thread: Equinox Container: b0bad1fb-fb92-4f8b-9680-998b7d7ca4b1" [_thread_blocked, id=62, stack(0x00007fea04200000,0x00007fea04300000)]
  0x00007fea2035e290 JavaThread "Framework Event Dispatcher: Equinox Container: b0bad1fb-fb92-4f8b-9680-998b7d7ca4b1" daemon [_thread_blocked, id=63, stack(0x00007fea04000000,0x00007fea04100000)]
  0x00007fea2035fff0 JavaThread "Start Level: Equinox Container: b0bad1fb-fb92-4f8b-9680-998b7d7ca4b1" daemon [_thread_blocked, id=64, stack(0x00007fe9cdb00000,0x00007fe9cdc00000)]
  0x00007fea2038c110 JavaThread "Refresh Thread: Equinox Container: b0bad1fb-fb92-4f8b-9680-998b7d7ca4b1" daemon [_thread_blocked, id=65, stack(0x00007fe9cd900000,0x00007fe9cda00000)]
  0x00007fe9b401a6d0 JavaThread "SCR Component Actor" daemon [_thread_blocked, id=89, stack(0x00007fe9cd700000,0x00007fe9cd800000)]
  0x00007fe9b42b1080 JavaThread "Worker-JM" [_thread_blocked, id=99, stack(0x00007fe9cd300000,0x00007fe9cd400000)]
  0x00007fe9b4315050 JavaThread "Worker-0" [_thread_blocked, id=104, stack(0x00007fe9cd100000,0x00007fe9cd200000)]
  0x00007fe9a80010d0 JavaThread "Worker-1: Publish Diagnostics" [_thread_blocked, id=109, stack(0x00007fe9ccf00000,0x00007fe9cd000000)]
  0x00007fe9b4486b00 JavaThread "Java indexing" daemon [_thread_blocked, id=110, stack(0x00007fe9ccd00000,0x00007fe9cce00000)]
  0x00007fe9b4626280 JavaThread "Bundle File Closer" daemon [_thread_blocked, id=119, stack(0x00007fe9ccb00000,0x00007fe9ccc00000)]
  0x00007fea20394a40 JavaThread "pool-3-thread-1" [_thread_blocked, id=143, stack(0x00007fe9cc900000,0x00007fe9cca00000)]
  0x00007fea20413000 JavaThread "pool-2-thread-1" [_thread_blocked, id=153, stack(0x00007fe9cc700000,0x00007fe9cc800000)]
  0x00007fe984003e20 JavaThread "Worker-5: Compacting resource model" [_thread_blocked, id=209, stack(0x00007fe9cc100000,0x00007fe9cc200000)]
  0x00007fe98c1825d0 JavaThread "Thread-5" [_thread_blocked, id=313, stack(0x00007fe9cbd00000,0x00007fe9cbe00000)]
  0x00007fe98c184330 JavaThread "Thread-12" [_thread_blocked, id=416, stack(0x00007fea05000000,0x00007fea05100000)]
  0x00007fe98c183030 JavaThread "Thread-14" [_thread_blocked, id=466, stack(0x00007fe9cd500000,0x00007fe9cd600000)]
  0x00007fe98c0f7af0 JavaThread "Thread-18" [_thread_blocked, id=1030, stack(0x00007fea04f00000,0x00007fea05000000)]
  0x00007fe980007180 JavaThread "Worker-6" [_thread_blocked, id=1291, stack(0x00007fea05100000,0x00007fea05200000)]
  0x00007fe98c0f83b0 JavaThread "Thread-19" [_thread_blocked, id=2590, stack(0x00007fe9cbf00000,0x00007fe9cc000000)]
  0x00007fe98c1691f0 JavaThread "Thread-20" [_thread_blocked, id=2672, stack(0x00007fea05418000,0x00007fea05518000)]

Other Threads:
  0x00007fea200a1c10 VMThread "VM Thread" [stack: 0x00007fea06dde000,0x00007fea06ede000] [id=37] _threads_hazard_ptr=0x00007fe9900bcf80
  0x00007fea201394e0 WatcherThread [stack: 0x00007fea0551a000,0x00007fea0561a000] [id=51]
  0x00007fea2003df30 GCTaskThread "GC Thread#0" [stack: 0x00007fea254a1000,0x00007fea255a1000] [id=36]

Threads with active compile tasks:
JVMCI-native CompilerThread0  1037052 8006       4       org.eclipse.jdt.internal.compiler.util.CharArrayMap::get (38 bytes)

VM state: synchronizing (normal execution)

VM Mutex/Monitor currently owned by a thread:  ([mutex/lock_event])
[0x00007fea20023840] Threads_lock - owner thread: 0x00007fea200a1c10
[0x00007fea20023ff0] Heap_lock - owner thread: 0x00007fe98c0f7af0

OutOfMemory and StackOverflow Exception counts:
OutOfMemoryError java_heap_errors=11
LinkageErrors=50

Heap address: 0x00000000e0000000, size: 512 MB, Compressed Oops mode: 32-bit

CDS archive(s) mapped at: [0x0000000800000000-0x0000000800bc8000-0x0000000800bc8000), size 12353536, SharedBaseAddress: 0x0000000800000000, ArchiveRelocationMode: 0.
Compressed class space mapped at: 0x0000000800c00000-0x0000000840c00000, reserved size: 1073741824
Narrow klass base: 0x0000000800000000, Narrow klass shift: 0, Narrow klass range: 0x100000000

GC Precious Log:
 CPUs: 8 total, 1 available
 Memory: 1024M
 Large Page Support: Disabled
 NUMA Support: Disabled
 Compressed Oops: Enabled (32-bit)
 Alignments: Space 512K, Generation 512K, Heap 2M
 Heap Min Capacity: 100M
 Heap Initial Capacity: 100M
 Heap Max Capacity: 512M
 Pre-touch: Disabled
 Parallel Workers: 1

Heap:
 PSYoungGen      total 38400K, used 27136K [0x00000000f5580000, 0x00000000f8500000, 0x0000000100000000)
  eden space 27136K, 100% used [0x00000000f5580000,0x00000000f7000000,0x00000000f7000000)
  from space 11264K, 0% used [0x00000000f7000000,0x00000000f7000000,0x00000000f7b00000)
  to   space 8192K, 0% used [0x00000000f7d00000,0x00000000f7d00000,0x00000000f8500000)
 ParOldGen       total 349696K, used 349695K [0x00000000e0000000, 0x00000000f5580000, 0x00000000f5580000)
  object space 349696K, 99% used [0x00000000e0000000,0x00000000f557ff40,0x00000000f5580000)
 Metaspace       used 56565K, committed 57344K, reserved 1105920K
  class space    used 5608K, committed 5952K, reserved 1048576K

Card table byte_map: [0x00007fea255a1000,0x00007fea256a2000] _byte_map_base: 0x00007fea24ea1000

Marking Bits: (ParMarkBitMap*) 0x00007fea26cf14c0
 Begin Bits: [0x00007fea243f4000, 0x00007fea24bf4000)
 End Bits:   [0x00007fea24bf4000, 0x00007fea253f4000)

Polling page: 0x00007fea258bb000

Metaspace:

Usage:
  Non-class:     49.76 MB used.
      Class:      5.48 MB used.
       Both:     55.24 MB used.

Virtual space:
  Non-class space:       56.00 MB reserved,      50.19 MB ( 90%) committed,  7 nodes.
      Class space:        1.00 GB reserved,       5.81 MB ( <1%) committed,  1 nodes.
             Both:        1.05 GB reserved,      56.00 MB (  5%) committed. 

Chunk freelists:
   Non-Class:  1.54 MB
       Class:  2.26 MB
        Both:  3.80 MB

MaxMetaspaceSize: unlimited
CompressedClassSpaceSize: 1.00 GB
Initial GC threshold: 21.00 MB
Current GC threshold: 93.12 MB
CDS: on
MetaspaceReclaimPolicy: balanced
 - commit_granule_bytes: 65536.
 - commit_granule_words: 8192.
 - virtual_space_node_default_size: 1048576.
 - enlarge_chunks_in_place: 1.
 - new_chunks_are_fully_committed: 0.
 - uncommit_free_chunks: 1.
 - use_allocation_guard: 0.
 - handle_deallocations: 1.


Internal statistics:

num_allocs_failed_limit: 6.
num_arena_births: 364.
num_arena_deaths: 68.
num_vsnodes_births: 8.
num_vsnodes_deaths: 0.
num_space_committed: 895.
num_space_uncommitted: 0.
num_chunks_returned_to_freelist: 92.
num_chunks_taken_from_freelist: 2496.
num_chunk_merges: 37.
num_chunk_splits: 1644.
num_chunks_enlarged: 1061.
num_purges: 2.
num_inconsistent_stats: 0.

CodeHeap 'non-profiled nmethods': size=120036Kb used=2357Kb max_used=2357Kb free=117678Kb
 bounds [0x00007fea0ef7a000, 0x00007fea0f1ea000, 0x00007fea164b3000]
CodeHeap 'profiled nmethods': size=120032Kb used=13131Kb max_used=14285Kb free=106900Kb
 bounds [0x00007fea07a42000, 0x00007fea08842000, 0x00007fea0ef7a000]
CodeHeap 'non-nmethods': size=5692Kb used=1390Kb max_used=1392Kb free=4301Kb
 bounds [0x00007fea074b3000, 0x00007fea07723000, 0x00007fea07a42000]
 total_blobs=6713 nmethods=5987 adapters=614
 compilation: enabled
              stopped_count=0, restarted_count=0
 full_count=0

JVMCI Events (20 events):
Event: 921.570 Thread 0x00007fea200b2210 destroyed JavaVM[7]@0x00007fe9cb79e340 for JVMCI runtime 0
Event: 921.570 Thread 0x00007fea200b2210 compacted oop handles in JVMCI runtime 0 from 43 to 43
Event: 921.570 Thread 0x00007fea200b2210 releasing handles for JVMCI runtime 0: oop handles=43, metadata handles={total=192, live=173, blocks=42}
Event: 921.570 Thread 0x00007fea200b2210 detached from JVMCI runtime 0
Event: 939.046 Thread 0x00007fea200b2210 attached to JVMCI runtime 0
Event: 939.047 Thread 0x00007fea200b2210 created JavaVM[8]@0x00007fe9cb79e340 for JVMCI runtime 0
Event: 940.149 Thread 0x00007fea200b2210 initializing JVMCI runtime 0
Event: 940.149 Thread 0x00007fea200b2210 done waiting for JavaVM references initialization in JVMCI runtime 0
Event: 950.934 Thread 0x00007fea200b2210 initialized JVMCI runtime 0
Event: 955.628 Thread 0x00007fea200b2210 detaching from JVMCI runtime 0: releasing idle compiler thread (0 other threads still attached)
Event: 955.628 Thread 0x00007fea200b2210 shutting down HotSpotJVMCIRuntime for JVMCI runtime 0
Event: 955.628 Thread 0x00007fea200b2210 shut down JVMCI runtime 0
Event: 956.764 Thread 0x00007fea200b2210 destroyed JavaVM[8]@0x00007fe9cb79e340 for JVMCI runtime 0
Event: 956.764 Thread 0x00007fea200b2210 compacted oop handles in JVMCI runtime 0 from 45 to 45
Event: 956.764 Thread 0x00007fea200b2210 releasing handles for JVMCI runtime 0: oop handles=45, metadata handles={total=96, live=86, blocks=42}
Event: 956.764 Thread 0x00007fea200b2210 detached from JVMCI runtime 0
Event: 978.367 Thread 0x00007fea200b2210 attached to JVMCI runtime 0
Event: 978.368 Thread 0x00007fea200b2210 created JavaVM[9]@0x00007fe9cb79e340 for JVMCI runtime 0
Event: 979.662 Thread 0x00007fea200b2210 initializing JVMCI runtime 0
Event: 979.662 Thread 0x00007fea200b2210 done waiting for JavaVM references initialization in JVMCI runtime 0

Compilation events (20 events):
Event: 939.046 Thread 0x00007fea200b2210 8003 %     4       java.lang.StringCoding::implEncodeAsciiArray @ 3 (47 bytes)
Event: 940.149 Thread 0x00007fea200b3720 nmethod 8000 0x00007fea0847b410 code [0x00007fea0847b600, 0x00007fea0847bd50]
Event: 940.150 Thread 0x00007fea200b3720 8001       3       java.util.concurrent.locks.AbstractQueuedSynchronizer$Node::<init> (5 bytes)
Event: 941.497 Thread 0x00007fea200b3720 nmethod 8001 0x00007fea0847af90 code [0x00007fea0847b140, 0x00007fea0847b290]
Event: 952.254 Thread 0x00007fea200b2210 nmethod 8003% 0x00007fea0f1c6410 code [0x00007fea0f1c65a0, 0x00007fea0f1c68f8]
Event: 952.254 Thread 0x00007fea200b2210 8004 %     4       java.net.URI$Parser::scan @ 3 (41 bytes)
Event: 954.556 Thread 0x00007fea200b2210 nmethod 8004% 0x00007fea0f1c6b10 code [0x00007fea0f1c6ca0, 0x00007fea0f1c72c8]
Event: 973.544 Thread 0x00007fea200b3720 8005       3       org.eclipse.jdt.internal.compiler.util.HashtableOfPackage::<init> (6 bytes)
Event: 973.544 Thread 0x00007fea200b3720 nmethod 8005 0x00007fea08514e10 code [0x00007fea08514fc0, 0x00007fea08515100]
Event: 978.367 Thread 0x00007fea200b2210 8006       4       org.eclipse.jdt.internal.compiler.util.CharArrayMap::get (38 bytes)
Event: 984.658 Thread 0x00007fea200b3720 8007       3       org.eclipse.core.internal.resources.Resource::isMember (65 bytes)
Event: 985.877 Thread 0x00007fea200b3720 nmethod 8007 0x00007fea086d0010 code [0x00007fea086d01c0, 0x00007fea086d0490]
Event: 1013.375 Thread 0x00007fea200b3720 8008       3       java.util.concurrent.locks.AbstractQueuedSynchronizer$Node::clearStatus (12 bytes)
Event: 1013.376 Thread 0x00007fea200b3720 nmethod 8008 0x00007fea084a4610 code [0x00007fea084a47c0, 0x00007fea084a4920]
Event: 1013.376 Thread 0x00007fea200b3720 8009       3       jdk.internal.misc.Unsafe::putIntOpaque (9 bytes)
Event: 1013.376 Thread 0x00007fea200b3720 nmethod 8009 0x00007fea084a4290 code [0x00007fea084a4420, 0x00007fea084a4530]
Event: 1027.589 Thread 0x00007fea200b3720 8010       3       java.util.concurrent.locks.LockSupport::parkNanos (29 bytes)
Event: 1027.589 Thread 0x00007fea200b3720 nmethod 8010 0x00007fea08383090 code [0x00007fea08383260, 0x00007fea08383460]
Event: 1034.543 Thread 0x00007fea200b3720 8012   !   3       org.eclipse.jdt.ls.core.internal.CancellableProgressMonitor::isCanceled (33 bytes)
Event: 1034.544 Thread 0x00007fea200b3720 nmethod 8012 0x00007fea08425b10 code [0x00007fea08425d20, 0x00007fea08426ae0]

GC Heap History (20 events):
Event: 1025.065 GC heap before
{Heap before GC invocations=844 (full 748):
 PSYoungGen      total 38400K, used 27135K [0x00000000f5580000, 0x00000000f8500000, 0x0000000100000000)
  eden space 27136K, 99% used [0x00000000f5580000,0x00000000f6fffff8,0x00000000f7000000)
  from space 11264K, 0% used [0x00000000f7000000,0x00000000f7000000,0x00000000f7b00000)
  to   space 8192K, 0% used [0x00000000f7d00000,0x00000000f7d00000,0x00000000f8500000)
 ParOldGen       total 349696K, used 349690K [0x00000000e0000000, 0x00000000f5580000, 0x00000000f5580000)
  object space 349696K, 99% used [0x00000000e0000000,0x00000000f557e988,0x00000000f5580000)
 Metaspace       used 56563K, committed 57344K, reserved 1105920K
  class space    used 5608K, committed 5952K, reserved 1048576K
}
Event: 1026.338 GC heap after
{Heap after GC invocations=844 (full 748):
 PSYoungGen      total 35328K, used 27135K [0x00000000f5580000, 0x00000000f8500000, 0x0000000100000000)
  eden space 27136K, 99% used [0x00000000f5580000,0x00000000f6fffff8,0x00000000f7000000)
  from space 8192K, 0% used [0x00000000f7d00000,0x00000000f7d00000,0x00000000f8500000)
  to   space 11264K, 0% used [0x00000000f7000000,0x00000000f7000000,0x00000000f7b00000)
 ParOldGen       total 349696K, used 349690K [0x00000000e0000000, 0x00000000f5580000, 0x00000000f5580000)
  object space 349696K, 99% used [0x00000000e0000000,0x00000000f557e988,0x00000000f5580000)
 Metaspace       used 56563K, committed 57344K, reserved 1105920K
  class space    used 5608K, committed 5952K, reserved 1048576K
}
Event: 1026.339 GC heap before
{Heap before GC invocations=845 (full 749):
 PSYoungGen      total 35328K, used 27135K [0x00000000f5580000, 0x00000000f8500000, 0x0000000100000000)
  eden space 27136K, 99% used [0x00000000f5580000,0x00000000f6fffff8,0x00000000f7000000)
  from space 8192K, 0% used [0x00000000f7d00000,0x00000000f7d00000,0x00000000f8500000)
  to   space 11264K, 0% used [0x00000000f7000000,0x00000000f7000000,0x00000000f7b00000)
 ParOldGen       total 349696K, used 349692K [0x00000000e0000000, 0x00000000f5580000, 0x00000000f5580000)
  object space 349696K, 99% used [0x00000000e0000000,0x00000000f557f260,0x00000000f5580000)
 Metaspace       used 56563K, committed 57344K, reserved 1105920K
  class space    used 5608K, committed 5952K, reserved 1048576K
}
Event: 1027.588 GC heap after
{Heap after GC invocations=845 (full 749):
 PSYoungGen      total 38400K, used 27135K [0x00000000f5580000, 0x00000000f8500000, 0x0000000100000000)
  eden space 27136K, 99% used [0x00000000f5580000,0x00000000f6ffff18,0x00000000f7000000)
  from space 11264K, 0% used [0x00000000f7000000,0x00000000f7000000,0x00000000f7b00000)
  to   space 8192K, 0% used [0x00000000f7d00000,0x00000000f7d00000,0x00000000f8500000)
 ParOldGen       total 349696K, used 349692K [0x00000000e0000000, 0x00000000f5580000, 0x00000000f5580000)
  object space 349696K, 99% used [0x00000000e0000000,0x00000000f557f140,0x00000000f5580000)
 Metaspace       used 56563K, committed 57344K, reserved 1105920K
  class space    used 5608K, committed 5952K, reserved 1048576K
}
Event: 1027.591 GC heap before
{Heap before GC invocations=846 (full 750):
 PSYoungGen      total 38400K, used 27136K [0x00000000f5580000, 0x00000000f8500000, 0x0000000100000000)
  eden space 27136K, 100% used [0x00000000f5580000,0x00000000f7000000,0x00000000f7000000)
  from space 11264K, 0% used [0x00000000f7000000,0x00000000f7000000,0x00000000f7b00000)
  to   space 8192K, 0% used [0x00000000f7d00000,0x00000000f7d00000,0x00000000f8500000)
 ParOldGen       total 349696K, used 349692K [0x00000000e0000000, 0x00000000f5580000, 0x00000000f5580000)
  object space 349696K, 99% used [0x00000000e0000000,0x00000000f557f140,0x00000000f5580000)
 Metaspace       used 56563K, committed 57344K, reserved 1105920K
  class space    used 5608K, committed 5952K, reserved 1048576K
}
Event: 1028.848 GC heap after
{Heap after GC invocations=846 (full 750):
 PSYoungGen      total 35328K, used 27136K [0x00000000f5580000, 0x00000000f8500000, 0x0000000100000000)
  eden space 27136K, 100% used [0x00000000f5580000,0x00000000f7000000,0x00000000f7000000)
  from space 8192K, 0% used [0x00000000f7d00000,0x00000000f7d00000,0x00000000f8500000)
  to   space 11264K, 0% used [0x00000000f7000000,0x00000000f7000000,0x00000000f7b00000)
 ParOldGen       total 349696K, used 349692K [0x00000000e0000000, 0x00000000f5580000, 0x00000000f5580000)
  object space 349696K, 99% used [0x00000000e0000000,0x00000000f557f100,0x00000000f5580000)
 Metaspace       used 56563K, committed 57344K, reserved 1105920K
  class space    used 5608K, committed 5952K, reserved 1048576K
}
Event: 1028.848 GC heap before
{Heap before GC invocations=847 (full 751):
 PSYoungGen      total 35328K, used 27136K [0x00000000f5580000, 0x00000000f8500000, 0x0000000100000000)
  eden space 27136K, 100% used [0x00000000f5580000,0x00000000f7000000,0x00000000f7000000)
  from space 8192K, 0% used [0x00000000f7d00000,0x00000000f7d00000,0x00000000f8500000)
  to   space 11264K, 0% used [0x00000000f7000000,0x00000000f7000000,0x00000000f7b00000)
 ParOldGen       total 349696K, used 349694K [0x00000000e0000000, 0x00000000f5580000, 0x00000000f5580000)
  object space 349696K, 99% used [0x00000000e0000000,0x00000000f557fa10,0x00000000f5580000)
 Metaspace       used 56563K, committed 57344K, reserved 1105920K
  class space    used 5608K, committed 5952K, reserved 1048576K
}
Event: 1030.049 GC heap after
{Heap after GC invocations=847 (full 751):
 PSYoungGen      total 38400K, used 27135K [0x00000000f5580000, 0x00000000f8500000, 0x0000000100000000)
  eden space 27136K, 99% used [0x00000000f5580000,0x00000000f6fffdd8,0x00000000f7000000)
  from space 11264K, 0% used [0x00000000f7000000,0x00000000f7000000,0x00000000f7b00000)
  to   space 8192K, 0% used [0x00000000f7d00000,0x00000000f7d00000,0x00000000f8500000)
 ParOldGen       total 349696K, used 349693K [0x00000000e0000000, 0x00000000f5580000, 0x00000000f5580000)
  object space 349696K, 99% used [0x00000000e0000000,0x00000000f557f450,0x00000000f5580000)
 Metaspace       used 56563K, committed 57344K, reserved 1105920K
  class space    used 5608K, committed 5952K, reserved 1048576K
}
Event: 1030.049 GC heap before
{Heap before GC invocations=848 (full 752):
 PSYoungGen      total 38400K, used 27136K [0x00000000f5580000, 0x00000000f8500000, 0x0000000100000000)
  eden space 27136K, 100% used [0x00000000f5580000,0x00000000f7000000,0x00000000f7000000)
  from space 11264K, 0% used [0x00000000f7000000,0x00000000f7000000,0x00000000f7b00000)
  to   space 8192K, 0% used [0x00000000f7d00000,0x00000000f7d00000,0x00000000f8500000)
 ParOldGen       total 349696K, used 349693K [0x00000000e0000000, 0x00000000f5580000, 0x00000000f5580000)
  object space 349696K, 99% used [0x00000000e0000000,0x00000000f557f450,0x00000000f5580000)
 Metaspace       used 56563K, committed 57344K, reserved 1105920K
  class space    used 5608K, committed 5952K, reserved 1048576K
}
Event: 1031.163 GC heap after
{Heap after GC invocations=848 (full 752):
 PSYoungGen      total 35328K, used 27135K [0x00000000f5580000, 0x00000000f8500000, 0x0000000100000000)
  eden space 27136K, 99% used [0x00000000f5580000,0x00000000f6ffffe0,0x00000000f7000000)
  from space 8192K, 0% used [0x00000000f7d00000,0x00000000f7d00000,0x00000000f8500000)
  to   space 11264K, 0% used [0x00000000f7000000,0x00000000f7000000,0x00000000f7b00000)
 ParOldGen       total 349696K, used 349692K [0x00000000e0000000, 0x00000000f5580000, 0x00000000f5580000)
  object space 349696K, 99% used [0x00000000e0000000,0x00000000f557f360,0x00000000f5580000)
 Metaspace       used 56563K, committed 57344K, reserved 1105920K
  class space    used 5608K, committed 5952K, reserved 1048576K
}
Event: 1031.163 GC heap before
{Heap before GC invocations=849 (full 753):
 PSYoungGen      total 35328K, used 27136K [0x00000000f5580000, 0x00000000f8500000, 0x0000000100000000)
  eden space 27136K, 100% used [0x00000000f5580000,0x00000000f7000000,0x00000000f7000000)
  from space 8192K, 0% used [0x00000000f7d00000,0x00000000f7d00000,0x00000000f8500000)
  to   space 11264K, 0% used [0x00000000f7000000,0x00000000f7000000,0x00000000f7b00000)
 ParOldGen       total 349696K, used 349692K [0x00000000e0000000, 0x00000000f5580000, 0x00000000f5580000)
  object space 349696K, 99% used [0x00000000e0000000,0x00000000f557f360,0x00000000f5580000)
 Metaspace       used 56563K, committed 57344K, reserved 1105920K
  class space    used 5608K, committed 5952K, reserved 1048576K
}
Event: 1032.344 GC heap after
{Heap after GC invocations=849 (full 753):
 PSYoungGen      total 38400K, used 27136K [0x00000000f5580000, 0x00000000f8500000, 0x0000000100000000)
  eden space 27136K, 100% used [0x00000000f5580000,0x00000000f7000000,0x00000000f7000000)
  from space 11264K, 0% used [0x00000000f7000000,0x00000000f7000000,0x00000000f7b00000)
  to   space 8192K, 0% used [0x00000000f7d00000,0x00000000f7d00000,0x00000000f8500000)
 ParOldGen       total 349696K, used 349692K [0x00000000e0000000, 0x00000000f5580000, 0x00000000f5580000)
  object space 349696K, 99% used [0x00000000e0000000,0x00000000f557f360,0x00000000f5580000)
 Metaspace       used 56563K, committed 57344K, reserved 1105920K
  class space    used 5608K, committed 5952K, reserved 1048576K
}
Event: 1032.345 GC heap before
{Heap before GC invocations=850 (full 754):
 PSYoungGen      total 38400K, used 27136K [0x00000000f5580000, 0x00000000f8500000, 0x0000000100000000)
  eden space 27136K, 100% used [0x00000000f5580000,0x00000000f7000000,0x00000000f7000000)
  from space 11264K, 0% used [0x00000000f7000000,0x00000000f7000000,0x00000000f7b00000)
  to   space 8192K, 0% used [0x00000000f7d00000,0x00000000f7d00000,0x00000000f8500000)
 ParOldGen       total 349696K, used 349695K [0x00000000e0000000, 0x00000000f5580000, 0x00000000f5580000)
  object space 349696K, 99% used [0x00000000e0000000,0x00000000f557fc18,0x00000000f5580000)
 Metaspace       used 56563K, committed 57344K, reserved 1105920K
  class space    used 5608K, committed 5952K, reserved 1048576K
}
Event: 1033.372 GC heap after
{Heap after GC invocations=850 (full 754):
 PSYoungGen      total 35328K, used 27135K [0x00000000f5580000, 0x00000000f8500000, 0x0000000100000000)
  eden space 27136K, 99% used [0x00000000f5580000,0x00000000f6ffff48,0x00000000f7000000)
  from space 8192K, 0% used [0x00000000f7d00000,0x00000000f7d00000,0x00000000f8500000)
  to   space 11264K, 0% used [0x00000000f7000000,0x00000000f7000000,0x00000000f7b00000)
 ParOldGen       total 349696K, used 349693K [0x00000000e0000000, 0x00000000f5580000, 0x00000000f5580000)
  object space 349696K, 99% used [0x00000000e0000000,0x00000000f557f778,0x00000000f5580000)
 Metaspace       used 56563K, committed 57344K, reserved 1105920K
  class space    used 5608K, committed 5952K, reserved 1048576K
}
Event: 1033.372 GC heap before
{Heap before GC invocations=851 (full 755):
 PSYoungGen      total 35328K, used 27135K [0x00000000f5580000, 0x00000000f8500000, 0x0000000100000000)
  eden space 27136K, 99% used [0x00000000f5580000,0x00000000f6fffff8,0x00000000f7000000)
  from space 8192K, 0% used [0x00000000f7d00000,0x00000000f7d00000,0x00000000f8500000)
  to   space 11264K, 0% used [0x00000000f7000000,0x00000000f7000000,0x00000000f7b00000)
 ParOldGen       total 349696K, used 349693K [0x00000000e0000000, 0x00000000f5580000, 0x00000000f5580000)
  object space 349696K, 99% used [0x00000000e0000000,0x00000000f557f778,0x00000000f5580000)
 Metaspace       used 56563K, committed 57344K, reserved 1105920K
  class space    used 5608K, committed 5952K, reserved 1048576K
}
Event: 1034.539 GC heap after
{Heap after GC invocations=851 (full 755):
 PSYoungGen      total 38400K, used 27135K [0x00000000f5580000, 0x00000000f8500000, 0x0000000100000000)
  eden space 27136K, 99% used [0x00000000f5580000,0x00000000f6ffff68,0x00000000f7000000)
  from space 11264K, 0% used [0x00000000f7000000,0x00000000f7000000,0x00000000f7b00000)
  to   space 8192K, 0% used [0x00000000f7d00000,0x00000000f7d00000,0x00000000f8500000)
 ParOldGen       total 349696K, used 349693K [0x00000000e0000000, 0x00000000f5580000, 0x00000000f5580000)
  object space 349696K, 99% used [0x00000000e0000000,0x00000000f557f758,0x00000000f5580000)
 Metaspace       used 56563K, committed 57344K, reserved 1105920K
  class space    used 5608K, committed 5952K, reserved 1048576K
}
Event: 1034.544 GC heap before
{Heap before GC invocations=852 (full 756):
 PSYoungGen      total 38400K, used 27135K [0x00000000f5580000, 0x00000000f8500000, 0x0000000100000000)
  eden space 27136K, 99% used [0x00000000f5580000,0x00000000f6fffff8,0x00000000f7000000)
  from space 11264K, 0% used [0x00000000f7000000,0x00000000f7000000,0x00000000f7b00000)
  to   space 8192K, 0% used [0x00000000f7d00000,0x00000000f7d00000,0x00000000f8500000)
 ParOldGen       total 349696K, used 349693K [0x00000000e0000000, 0x00000000f5580000, 0x00000000f5580000)
  object space 349696K, 99% used [0x00000000e0000000,0x00000000f557f758,0x00000000f5580000)
 Metaspace       used 56565K, committed 57344K, reserved 1105920K
  class space    used 5608K, committed 5952K, reserved 1048576K
}
Event: 1035.738 GC heap after
{Heap after GC invocations=852 (full 756):
 PSYoungGen      total 35328K, used 27135K [0x00000000f5580000, 0x00000000f8500000, 0x0000000100000000)
  eden space 27136K, 99% used [0x00000000f5580000,0x00000000f6ffff98,0x00000000f7000000)
  from space 8192K, 0% used [0x00000000f7d00000,0x00000000f7d00000,0x00000000f8500000)
  to   space 11264K, 0% used [0x00000000f7000000,0x00000000f7000000,0x00000000f7b00000)
 ParOldGen       total 349696K, used 349693K [0x00000000e0000000, 0x00000000f5580000, 0x00000000f5580000)
  object space 349696K, 99% used [0x00000000e0000000,0x00000000f557f758,0x00000000f5580000)
 Metaspace       used 56565K, committed 57344K, reserved 1105920K
  class space    used 5608K, committed 5952K, reserved 1048576K
}
Event: 1035.738 GC heap before
{Heap before GC invocations=853 (full 757):
 PSYoungGen      total 35328K, used 27135K [0x00000000f5580000, 0x00000000f8500000, 0x0000000100000000)
  eden space 27136K, 99% used [0x00000000f5580000,0x00000000f6ffff98,0x00000000f7000000)
  from space 8192K, 0% used [0x00000000f7d00000,0x00000000f7d00000,0x00000000f8500000)
  to   space 11264K, 0% used [0x00000000f7000000,0x00000000f7000000,0x00000000f7b00000)
 ParOldGen       total 349696K, used 349693K [0x00000000e0000000, 0x00000000f5580000, 0x00000000f5580000)
  object space 349696K, 99% used [0x00000000e0000000,0x00000000f557f758,0x00000000f5580000)
 Metaspace       used 56565K, committed 57344K, reserved 1105920K
  class space    used 5608K, committed 5952K, reserved 1048576K
}
Event: 1036.951 GC heap after
{Heap after GC invocations=853 (full 757):
 PSYoungGen      total 38400K, used 27135K [0x00000000f5580000, 0x00000000f8500000, 0x0000000100000000)
  eden space 27136K, 99% used [0x00000000f5580000,0x00000000f6ffff98,0x00000000f7000000)
  from space 11264K, 0% used [0x00000000f7000000,0x00000000f7000000,0x00000000f7b00000)
  to   space 8192K, 0% used [0x00000000f7d00000,0x00000000f7d00000,0x00000000f8500000)
 ParOldGen       total 349696K, used 349693K [0x00000000e0000000, 0x00000000f5580000, 0x00000000f5580000)
  object space 349696K, 99% used [0x00000000e0000000,0x00000000f557f758,0x00000000f5580000)
 Metaspace       used 56565K, committed 57344K, reserved 1105920K
  class space    used 5608K, committed 5952K, reserved 1048576K
}

Dll operation events (9 events):
Event: 0.002 Loaded shared library /nix/store/gpxl5qgg8kicmcvivwmybwjlpf7wh20l-graalvm17-ce-22.3.0/lib/libjava.so
Event: 0.049 Loaded shared library /nix/store/gpxl5qgg8kicmcvivwmybwjlpf7wh20l-graalvm17-ce-22.3.0/lib/libjsvml.so
Event: 0.388 Loaded shared library /nix/store/gpxl5qgg8kicmcvivwmybwjlpf7wh20l-graalvm17-ce-22.3.0/lib/libnio.so
Event: 0.430 Loaded shared library /nix/store/gpxl5qgg8kicmcvivwmybwjlpf7wh20l-graalvm17-ce-22.3.0/lib/libzip.so
Event: 0.433 Loaded shared library /nix/store/gpxl5qgg8kicmcvivwmybwjlpf7wh20l-graalvm17-ce-22.3.0/lib/libjvmcicompiler.so
Event: 0.860 Loaded shared library /nix/store/gpxl5qgg8kicmcvivwmybwjlpf7wh20l-graalvm17-ce-22.3.0/lib/libjimage.so
Event: 1.353 Loaded shared library /nix/store/gpxl5qgg8kicmcvivwmybwjlpf7wh20l-graalvm17-ce-22.3.0/lib/libnet.so
Event: 4.450 Loaded shared library /home/runner/.cache/jdt-language-server/config/org.eclipse.equinox.launcher/org.eclipse.equinox.launcher.gtk.linux.x86_64_1.2.400.v20211117-0650/eclipse_11600.so
Event: 19.094 Loaded shared library /nix/store/gpxl5qgg8kicmcvivwmybwjlpf7wh20l-graalvm17-ce-22.3.0/lib/libextnet.so

Deoptimization events (20 events):
Event: 85.770 Thread 0x00007fe98c184fb0 Uncommon trap: trap_request=0xffffffed fr.pc=0x00007fea0f172a05 relative=0x00000000000006c5
Event: 85.770 Thread 0x00007fe98c184fb0 Uncommon trap: reason=null_assert_or_unreached0 action=reinterpret pc=0x00007fea0f172a05 method=org.eclipse.jdt.core.Signature.appendClassTypeSignature([CIZLjava/lang/StringBuffer;)I @ 0 jvmci
Event: 85.770 Thread 0x00007fe98c184fb0 DEOPT PACKING pc=0x00007fea0f172a05 sp=0x00007fea04ffdef0
Event: 85.770 Thread 0x00007fe98c184fb0 DEOPT UNPACKING pc=0x00007fea07505325 sp=0x00007fea04ffd378 mode 3
Event: 90.088 Thread 0x00007fea20413000 DEOPT PACKING pc=0x00007fea0836adf9 sp=0x00007fe9cc7fcb10
Event: 90.088 Thread 0x00007fea20413000 DEOPT UNPACKING pc=0x00007fea07505325 sp=0x00007fe9cc7fc090 mode 0
Event: 90.131 Thread 0x00007fe984003e20 Uncommon trap: trap_request=0xffffffed fr.pc=0x00007fea0f18647d relative=0x000000000000183d
Event: 90.131 Thread 0x00007fe984003e20 Uncommon trap: reason=null_assert_or_unreached0 action=reinterpret pc=0x00007fea0f18647d method=org.eclipse.jdt.internal.compiler.parser.Scanner.internalScanIdentifierOrKeyword(II[C)I @ 0 jvmci
Event: 90.131 Thread 0x00007fe984003e20 DEOPT PACKING pc=0x00007fea0f18647d sp=0x00007fe9cc1fdd60
Event: 90.131 Thread 0x00007fe984003e20 DEOPT UNPACKING pc=0x00007fea07505325 sp=0x00007fe9cc1fd1f0 mode 3
Event: 91.529 Thread 0x00007fe98c183030 DEOPT PACKING pc=0x00007fea084e8b91 sp=0x00007fea053fcf80
Event: 91.529 Thread 0x00007fe98c183030 DEOPT UNPACKING pc=0x00007fea07505325 sp=0x00007fea053fc668 mode 0
Event: 661.243 Thread 0x00007fe9b4486b00 Uncommon trap: trap_request=0xffffff8f fr.pc=0x00007fea0efab21f relative=0x00000000000011df
Event: 661.243 Thread 0x00007fe9b4486b00 Uncommon trap: reason=constraint action=none pc=0x00007fea0efab21f method=org.eclipse.jdt.internal.core.index.DiskIndex.copyQueryResults(Lorg/eclipse/jdt/internal/compiler/util/HashtableOfObject;I)V @ 123 jvmci
Event: 661.243 Thread 0x00007fe9b4486b00 DEOPT PACKING pc=0x00007fea0efab21f sp=0x00007fe9ccdfe530
Event: 661.243 Thread 0x00007fe9b4486b00 DEOPT UNPACKING pc=0x00007fea07505325 sp=0x00007fe9ccdfda28 mode 3
Event: 664.867 Thread 0x00007fe98c1881b0 Uncommon trap: trap_request=0xffffff8f fr.pc=0x00007fea0f1be344 relative=0x0000000000000a04
Event: 664.867 Thread 0x00007fe98c1881b0 Uncommon trap: reason=constraint action=none pc=0x00007fea0f1be344 method=java.util.Hashtable.addEntry(ILjava/lang/Object;Ljava/lang/Object;I)V @ 42 jvmci
Event: 664.867 Thread 0x00007fe98c1881b0 DEOPT PACKING pc=0x00007fea0f1be344 sp=0x00007fe9cc3fdf60
Event: 664.867 Thread 0x00007fe98c1881b0 DEOPT UNPACKING pc=0x00007fea07505325 sp=0x00007fe9cc3fd388 mode 3

Classes unloaded (20 events):
Event: 77.533 Thread 0x00007fea200a1c10 Unloading class 0x0000000800efc800 'jdk/internal/reflect/GeneratedConstructorAccessor10'
Event: 77.533 Thread 0x00007fea200a1c10 Unloading class 0x0000000800d99000 'java/lang/invoke/LambdaForm$MH+0x0000000800d99000'
Event: 77.533 Thread 0x00007fea200a1c10 Unloading class 0x0000000800d98c00 'java/lang/invoke/LambdaForm$MH+0x0000000800d98c00'
Event: 77.533 Thread 0x00007fea200a1c10 Unloading class 0x0000000800d98800 'java/lang/invoke/LambdaForm$MH+0x0000000800d98800'
Event: 77.533 Thread 0x00007fea200a1c10 Unloading class 0x0000000800d98400 'java/lang/invoke/LambdaForm$MH+0x0000000800d98400'
Event: 77.533 Thread 0x00007fea200a1c10 Unloading class 0x0000000800d98000 'jdk/internal/reflect/GeneratedConstructorAccessor3'
Event: 77.533 Thread 0x00007fea200a1c10 Unloading class 0x0000000800d06800 'java/lang/invoke/LambdaForm$MH+0x0000000800d06800'
Event: 77.533 Thread 0x00007fea200a1c10 Unloading class 0x0000000800d06000 'java/lang/invoke/LambdaForm$MH+0x0000000800d06000'
Event: 77.533 Thread 0x00007fea200a1c10 Unloading class 0x0000000800d05c00 'java/lang/invoke/LambdaForm$MH+0x0000000800d05c00'
Event: 77.533 Thread 0x00007fea200a1c10 Unloading class 0x0000000800d05800 'java/lang/invoke/LambdaForm$MH+0x0000000800d05800'
Event: 77.533 Thread 0x00007fea200a1c10 Unloading class 0x0000000800d05000 'java/lang/invoke/LambdaForm$MH+0x0000000800d05000'
Event: 77.533 Thread 0x00007fea200a1c10 Unloading class 0x0000000800d04c00 'java/lang/invoke/LambdaForm$MH+0x0000000800d04c00'
Event: 77.533 Thread 0x00007fea200a1c10 Unloading class 0x0000000800d04800 'java/lang/invoke/LambdaForm$MH+0x0000000800d04800'
Event: 77.533 Thread 0x00007fea200a1c10 Unloading class 0x0000000800d04000 'java/lang/invoke/LambdaForm$MH+0x0000000800d04000'
Event: 77.533 Thread 0x00007fea200a1c10 Unloading class 0x0000000800c1d000 'jdk/internal/reflect/GeneratedMethodAccessor5'
Event: 77.533 Thread 0x00007fea200a1c10 Unloading class 0x0000000800c1cc00 'jdk/internal/reflect/GeneratedMethodAccessor4'
Event: 77.533 Thread 0x00007fea200a1c10 Unloading class 0x0000000800c1c800 'jdk/internal/reflect/GeneratedMethodAccessor3'
Event: 77.533 Thread 0x00007fea200a1c10 Unloading class 0x0000000800c1c400 'jdk/internal/reflect/GeneratedMethodAccessor2'
Event: 77.533 Thread 0x00007fea200a1c10 Unloading class 0x0000000800c1c000 'jdk/internal/reflect/GeneratedMethodAccessor1'
Event: 77.533 Thread 0x00007fea200a1c10 Unloading class 0x0000000800c01c00 'java/lang/invoke/LambdaForm$DMH+0x0000000800c01c00'

Classes redefined (0 events):
No events

Internal exceptions (20 events):
Event: 38.804 Thread 0x00007fe9b0001560 Exception <a 'java/lang/NoSuchMethodError'{0x00000000f5f7c6c0}: 'java.lang.Object java.lang.invoke.DirectMethodHandle$Holder.invokeSpecial(java.lang.Object, java.lang.Object, java.lang.Object, java.lang.Object, long)'> (0x00000000f5f7c6c0) 
thrown [src/hotspot/share/interpreter/linkResolver.cpp, line 758]
Event: 38.805 Thread 0x00007fe9b0001560 Exception <a 'java/lang/NoSuchMethodError'{0x00000000f5f80700}: 'java.lang.Object java.lang.invoke.Invokers$Holder.linkToTargetMethod(java.lang.Object, java.lang.Object, long, java.lang.Object)'> (0x00000000f5f80700) 
thrown [src/hotspot/share/interpreter/linkResolver.cpp, line 758]
Event: 40.555 Thread 0x00007fe98c17f720 Exception <a 'java/lang/NoSuchMethodError'{0x00000000f59010f8}: 'java.lang.Object java.lang.invoke.DirectMethodHandle$Holder.invokeStatic(java.lang.Object, int, java.lang.Object, java.lang.Object, java.lang.Object, java.lang.Object)'> (0x00000000f59010f8) 
thrown [src/hotspot/share/interpreter/linkResolver.cpp, line 758]
Event: 40.928 Thread 0x00007fe98c17f720 Exception <a 'java/lang/NoSuchMethodError'{0x00000000f62a7b10}: 'void java.lang.invoke.DirectMethodHandle$Holder.invokeSpecial(java.lang.Object, java.lang.Object, int)'> (0x00000000f62a7b10) 
thrown [src/hotspot/share/interpreter/linkResolver.cpp, line 758]
Event: 41.894 Thread 0x00007fe98c17f720 Exception <a 'java/lang/NoSuchMethodError'{0x00000000f57eb180}: 'int java.lang.invoke.DirectMethodHandle$Holder.invokeSpecialIFC(java.lang.Object, java.lang.Object, java.lang.Object, java.lang.Object)'> (0x00000000f57eb180) 
thrown [src/hotspot/share/interpreter/linkResolver.cpp, line 758]
Event: 45.474 Thread 0x00007fe9b4486b00 Implicit null exception at 0x00007fea0f142682 to 0x00007fea0f14509d
Event: 78.241 Thread 0x00007fea200b2210 Implicit null exception at 0x00007fea0f151cd5 to 0x00007fea0f1522a1
Event: 652.953 Thread 0x00007fe98c187860 Exception <a 'java/lang/OutOfMemoryError'{0x00000000e000fbe8}> (0x00000000e000fbe8) 
thrown [src/hotspot/share/gc/shared/memAllocator.cpp, line 136]
Event: 661.243 Thread 0x00007fe9b4486b00 Exception <a 'java/lang/OutOfMemoryError'{0x00000000e0010188}> (0x00000000e0010188) 
thrown [src/hotspot/share/gc/shared/memAllocator.cpp, line 138]
Event: 661.243 Thread 0x00007fe9b4486b00 Implicit null exception at 0x00007fea0efaac73 to 0x00007fea0efab204
Event: 664.867 Thread 0x00007fe98c1881b0 Exception <a 'java/lang/OutOfMemoryError'{0x00000000e000feb8}> (0x00000000e000feb8) 
thrown [src/hotspot/share/gc/shared/memAllocator.cpp, line 138]
Event: 664.867 Thread 0x00007fe98c1881b0 Implicit null exception at 0x00007fea0f1bdf68 to 0x00007fea0f1be329
Event: 667.391 Thread 0x00007fe98c1881b0 Exception <a 'java/lang/OutOfMemoryError'{0x00000000e00101d8}> (0x00000000e00101d8) 
thrown [src/hotspot/share/gc/shared/memAllocator.cpp, line 136]
Event: 910.737 Thread 0x00007fe98c0f83b0 Exception <a 'java/lang/OutOfMemoryError'{0x00000000e00101d8}> (0x00000000e00101d8) 
thrown [src/hotspot/share/gc/shared/memAllocator.cpp, line 136]
Event: 913.135 Thread 0x00007fe98c187860 Exception <a 'java/lang/OutOfMemoryError'{0x00000000e00101d8}> (0x00000000e00101d8) 
thrown [src/hotspot/share/gc/shared/memAllocator.cpp, line 136]
Event: 919.057 Thread 0x00007fe98c1837d0 Exception <a 'java/lang/OutOfMemoryError'{0x00000000e00101d8}> (0x00000000e00101d8) 
thrown [src/hotspot/share/gc/shared/memAllocator.cpp, line 136]
Event: 924.947 Thread 0x00007fe98c187860 Exception <a 'java/lang/OutOfMemoryError'{0x00000000e00101d8}> (0x00000000e00101d8) 
thrown [src/hotspot/share/gc/shared/memAllocator.cpp, line 136]
Event: 984.658 Thread 0x00007fe98c1881b0 Exception <a 'java/lang/OutOfMemoryError'{0x00000000e00101d8}> (0x00000000e00101d8) 
thrown [src/hotspot/share/gc/shared/memAllocator.cpp, line 136]
Event: 1007.463 Thread 0x00007fe98c1837d0 Exception <a 'java/lang/OutOfMemoryError'{0x00000000e00101d8}> (0x00000000e00101d8) 
thrown [src/hotspot/share/gc/shared/memAllocator.cpp, line 136]
Event: 1036.951 Thread 0x00007fea200b2210 Exception <a 'java/lang/OutOfMemoryError'{0x00000000e00101d8}> (0x00000000e00101d8) 
thrown [src/hotspot/share/gc/shared/memAllocator.cpp, line 136]

VM Operations (20 events):
Event: 1023.954 Executing VM operation: ParallelGCFailedAllocation
Event: 1025.065 Executing VM operation: ParallelGCFailedAllocation done
Event: 1025.065 Executing VM operation: ParallelGCFailedAllocation
Event: 1026.338 Executing VM operation: ParallelGCFailedAllocation done
Event: 1026.339 Executing VM operation: ParallelGCFailedAllocation
Event: 1027.589 Executing VM operation: ParallelGCFailedAllocation done
Event: 1027.589 Executing VM operation: ParallelGCFailedAllocation
Event: 1028.848 Executing VM operation: ParallelGCFailedAllocation done
Event: 1028.848 Executing VM operation: ParallelGCFailedAllocation
Event: 1030.049 Executing VM operation: ParallelGCFailedAllocation done
Event: 1030.049 Executing VM operation: ParallelGCFailedAllocation
Event: 1031.163 Executing VM operation: ParallelGCFailedAllocation done
Event: 1031.163 Executing VM operation: ParallelGCFailedAllocation
Event: 1032.344 Executing VM operation: ParallelGCFailedAllocation done
Event: 1032.345 Executing VM operation: ParallelGCFailedAllocation
Event: 1033.372 Executing VM operation: ParallelGCFailedAllocation done
Event: 1033.372 Executing VM operation: ParallelGCFailedAllocation
Event: 1034.544 Executing VM operation: ParallelGCFailedAllocation done
Event: 1034.544 Executing VM operation: ParallelGCFailedAllocation
Event: 1036.951 Executing VM operation: ParallelGCFailedAllocation done

Events (20 events):
Event: 726.753 Thread 0x00007fe98c0f83b0 Thread added: 0x00007fe98c0f83b0
Event: 726.754 Protecting memory [0x00007fe9cbf00000,0x00007fe9cbf04000] with protection modes 0
Event: 733.976 loading class java/util/concurrent/CompletionException done
Event: 736.351 loading class java/util/concurrent/CancellationException
Event: 736.352 loading class java/util/concurrent/CancellationException done
Event: 756.660 Thread 0x00007fe98c1691f0 Thread added: 0x00007fe98c1691f0
Event: 756.660 Protecting memory [0x00007fea05418000,0x00007fea0541c000] with protection modes 0
Event: 797.736 loading class java/util/logging/LogRecord
Event: 797.737 loading class java/util/logging/LogRecord done
Event: 883.155 loading class java/util/logging/ConsoleHandler
Event: 883.155 loading class java/util/logging/StreamHandler
Event: 902.362 loading class java/util/logging/StreamHandler done
Event: 913.135 loading class java/util/logging/ConsoleHandler done
Event: 935.436 Thread 0x00007fe98c187860 Thread exited: 0x00007fe98c187860
Event: 969.976 loading class java/lang/Throwable$WrappedPrintWriter
Event: 969.976 loading class java/lang/Throwable$PrintStreamOrWriter
Event: 969.976 loading class java/lang/Throwable$PrintStreamOrWriter done
Event: 969.976 loading class java/lang/Throwable$WrappedPrintWriter done
Event: 984.658 Thread 0x00007fe98c1881b0 Thread exited: 0x00007fe98c1881b0
Event: 1017.052 Thread 0x00007fe98c1837d0 Thread exited: 0x00007fe98c1837d0


Dynamic libraries:
e0000000-f5580000 rw-p 00000000 00:00 0 
f5580000-f8500000 rw-p 00000000 00:00 0 
f8500000-100000000 ---p 00000000 00:00 0 
800000000-800449000 rw-p 00001000 00:fd0 9223372037562745673             /nix/store/gpxl5qgg8kicmcvivwmybwjlpf7wh20l-graalvm17-ce-22.3.0/lib/server/classes.jsa
800449000-800bc8000 r--p 0044a000 00:fd0 9223372037562745673             /nix/store/gpxl5qgg8kicmcvivwmybwjlpf7wh20l-graalvm17-ce-22.3.0/lib/server/classes.jsa
800bc8000-800c00000 ---p 00000000 00:00 0 
800c00000-800c20000 rw-p 00000000 00:00 0 
800c20000-800c40000 rw-p 00000000 00:00 0 
800c40000-800cc0000 rw-p 00000000 00:00 0 
800cc0000-800d00000 rw-p 00000000 00:00 0 
800d00000-800dc0000 rw-p 00000000 00:00 0 
800dc0000-800e00000 rw-p 00000000 00:00 0 
800e00000-800f40000 rw-p 00000000 00:00 0 
800f40000-800fc0000 rw-p 00000000 00:00 0 
800fc0000-801000000 rw-p 00000000 00:00 0 
801000000-8011d0000 rw-p 00000000 00:00 0 
8011d0000-840c00000 ---p 00000000 00:00 0 
556a91b14000-556a91b15000 r-xp 00000000 00:fd0 9223372037526805748       /nix/store/gpxl5qgg8kicmcvivwmybwjlpf7wh20l-graalvm17-ce-22.3.0/bin/.java-wrapped
556a91b16000-556a91b17000 r--p 00001000 00:fd0 9223372037526805748       /nix/store/gpxl5qgg8kicmcvivwmybwjlpf7wh20l-graalvm17-ce-22.3.0/bin/.java-wrapped
556a91b17000-556a91b18000 rw-p 00002000 00:fd0 9223372037526805748       /nix/store/gpxl5qgg8kicmcvivwmybwjlpf7wh20l-graalvm17-ce-22.3.0/bin/.java-wrapped
556a91b18000-556a91b19000 rw-p 00004000 00:fd0 9223372037526805748       /nix/store/gpxl5qgg8kicmcvivwmybwjlpf7wh20l-graalvm17-ce-22.3.0/bin/.java-wrapped
556a91b19000-556a91b1a000 rw-p 00005000 00:fd0 9223372037526805748       /nix/store/gpxl5qgg8kicmcvivwmybwjlpf7wh20l-graalvm17-ce-22.3.0/bin/.java-wrapped
556a93aea000-556a93b32000 rw-p 00000000 00:00 0                          [heap]
7fe958000000-7fe958021000 rw-p 00000000 00:00 0 
7fe958021000-7fe95c000000 ---p 00000000 00:00 0 
7fe960000000-7fe960021000 rw-p 00000000 00:00 0 
7fe960021000-7fe964000000 ---p 00000000 00:00 0 
7fe964000000-7fe964021000 rw-p 00000000 00:00 0 
7fe964021000-7fe968000000 ---p 00000000 00:00 0 
7fe968000000-7fe96808b000 rw-p 00000000 00:00 0 
7fe96808b000-7fe96c000000 ---p 00000000 00:00 0 
7fe96c000000-7fe96c021000 rw-p 00000000 00:00 0 
7fe96c021000-7fe970000000 ---p 00000000 00:00 0 
7fe970000000-7fe97018a000 rw-p 00000000 00:00 0 
7fe97018a000-7fe974000000 ---p 00000000 00:00 0 
7fe9764b3000-7fe980000000 r--s 00000000 00:fd0 9223372037562580485       /nix/store/gpxl5qgg8kicmcvivwmybwjlpf7wh20l-graalvm17-ce-22.3.0/lib/modules
7fe980000000-7fe980021000 rw-p 00000000 00:00 0 
7fe980021000-7fe984000000 ---p 00000000 00:00 0 
7fe984000000-7fe984024000 rw-p 00000000 00:00 0 
7fe984024000-7fe988000000 ---p 00000000 00:00 0 
7fe98a000000-7fe98a280000 rw-p 00000000 00:00 0 
7fe98a280000-7fe98a800000 ---p 00000000 00:00 0 
7fe98a800000-7fe98b000000 rw-p 00000000 00:00 0 
7fe98b000000-7fe98b500000 rw-p 00000000 00:00 0 
7fe98b500000-7fe98b5b0000 rw-p 00000000 00:00 0 
7fe98b5b0000-7fe98b600000 ---p 00000000 00:00 0 
7fe98b600000-7fe98b800000 rw-p 00000000 00:00 0 
7fe98b800000-7fe98b900000 rw-p 00000000 00:00 0 
7fe98b900000-7fe98bb00000 rw-p 00000000 00:00 0 
7fe98bb00000-7fe98bd00000 rw-p 00000000 00:00 0 
7fe98bd00000-7fe98be00000 rw-p 00000000 00:00 0 
7fe98be00000-7fe98bf00000 rw-p 00000000 00:00 0 
7fe98bf00000-7fe98c000000 rw-p 00000000 00:00 0 
7fe98c000000-7fe98c191000 rw-p 00000000 00:00 0 
7fe98c191000-7fe990000000 ---p 00000000 00:00 0 
7fe990000000-7fe9900de000 rw-p 00000000 00:00 0 
7fe9900de000-7fe994000000 ---p 00000000 00:00 0 
7fe994000000-7fe994021000 rw-p 00000000 00:00 0 
7fe994021000-7fe998000000 ---p 00000000 00:00 0 
7fe998000000-7fe998021000 rw-p 00000000 00:00 0 
7fe998021000-7fe99c000000 ---p 00000000 00:00 0 
7fe99c000000-7fe99c0cd000 rw-p 00000000 00:00 0 
7fe99c0cd000-7fe9a0000000 ---p 00000000 00:00 0 
7fe9a0000000-7fe9a006b000 rw-p 00000000 00:00 0 
7fe9a006b000-7fe9a4000000 ---p 00000000 00:00 0 
7fe9a4000000-7fe9a4021000 rw-p 00000000 00:00 0 
7fe9a4021000-7fe9a8000000 ---p 00000000 00:00 0 
7fe9a8000000-7fe9a830c000 rw-p 00000000 00:00 0 
7fe9a830c000-7fe9ac000000 ---p 00000000 00:00 0 
7fe9ac000000-7fe9ac021000 rw-p 00000000 00:00 0 
7fe9ac021000-7fe9b0000000 ---p 00000000 00:00 0 
7fe9b0000000-7fe9b010d000 rw-p 00000000 00:00 0 
7fe9b010d000-7fe9b4000000 ---p 00000000 00:00 0 
7fe9b4000000-7fe9b48c2000 rw-p 00000000 00:00 0 
7fe9b48c2000-7fe9b8000000 ---p 00000000 00:00 0 
7fe9b8000000-7fe9b8025000 rw-p 00000000 00:00 0 
7fe9b8025000-7fe9bc000000 ---p 00000000 00:00 0 
7fe9bc000000-7fe9bc021000 rw-p 00000000 00:00 0 
7fe9bc021000-7fe9c0000000 ---p 00000000 00:00 0 
7fe9c0000000-7fe9c0021000 rw-p 00000000 00:00 0 
7fe9c0021000-7fe9c4000000 ---p 00000000 00:00 0 
7fe9c4000000-7fe9c4021000 rw-p 00000000 00:00 0 
7fe9c4021000-7fe9c8000000 ---p 00000000 00:00 0 
7fe9c8800000-7fe9c8900000 rw-p 00000000 00:00 0 
7fe9c8900000-7fe9c8a00000 rw-p 00000000 00:00 0 
7fe9c8a00000-7fe9c9000000 rw-p 00000000 00:00 0 
7fe9c9000000-7fe9c9100000 rw-p 00000000 00:00 0 
7fe9c9100000-7fe9c9200000 rw-p 00000000 00:00 0 
7fe9c9200000-7fe9c9500000 rw-p 00000000 00:00 0 
7fe9c9500000-7fe9c9600000 rw-p 00000000 00:00 0 
7fe9c9600000-7fe9c9800000 rw-p 00000000 00:00 0 
7fe9ca400000-7fe9ca410000 r-xp 00000000 00:fc3 353                       /home/runner/.cache/jdt-language-server/config/org.eclipse.equinox.launcher/org.eclipse.equinox.launcher.gtk.linux.x86_64_1.2.400.v20211117-0650/eclipse_11600.so
7fe9ca410000-7fe9ca60f000 ---p 00010000 00:fc3 353                       /home/runner/.cache/jdt-language-server/config/org.eclipse.equinox.launcher/org.eclipse.equinox.launcher.gtk.linux.x86_64_1.2.400.v20211117-0650/eclipse_11600.so
7fe9ca60f000-7fe9ca610000 r--p 0000f000 00:fc3 353                       /home/runner/.cache/jdt-language-server/config/org.eclipse.equinox.launcher/org.eclipse.equinox.launcher.gtk.linux.x86_64_1.2.400.v20211117-0650/eclipse_11600.so
7fe9ca610000-7fe9ca611000 rw-p 00010000 00:fc3 353                       /home/runner/.cache/jdt-language-server/config/org.eclipse.equinox.launcher/org.eclipse.equinox.launcher.gtk.linux.x86_64_1.2.400.v20211117-0650/eclipse_11600.so
7fe9cab00000-7fe9cac00000 ---p 00000000 00:00 0 
7fe9cac00000-7fe9cb1af000 r--p 01122000 00:fd0 9223372037562577944       /nix/store/gpxl5qgg8kicmcvivwmybwjlpf7wh20l-graalvm17-ce-22.3.0/lib/libjvmcicompiler.so
7fe9cb1af000-7fe9cb300000 r--p 00000000 00:00 0 
7fe9cb300000-7fe9cb33d000 rw-p 00000000 00:00 0 
7fe9cb33d000-7fe9cb85d000 rw-p 0185f000 00:fd0 9223372037562577944       /nix/store/gpxl5qgg8kicmcvivwmybwjlpf7wh20l-graalvm17-ce-22.3.0/lib/libjvmcicompiler.so
7fe9cb85d000-7fe9cbc44000 r--p 01d7f000 00:fd0 9223372037562577944       /nix/store/gpxl5qgg8kicmcvivwmybwjlpf7wh20l-graalvm17-ce-22.3.0/lib/libjvmcicompiler.so
7fe9cbd00000-7fe9cbd04000 ---p 00000000 00:00 0 
7fe9cbd04000-7fe9cbe00000 rw-p 00000000 00:00 0 
7fe9cbf00000-7fe9cbf04000 ---p 00000000 00:00 0 
7fe9cbf04000-7fe9cc000000 rw-p 00000000 00:00 0 
7fe9cc100000-7fe9cc104000 ---p 00000000 00:00 0 
7fe9cc104000-7fe9cc200000 rw-p 00000000 00:00 0 
7fe9cc300000-7fe9cc304000 ---p 00000000 00:00 0 
7fe9cc304000-7fe9cc400000 rw-p 00000000 00:00 0 
7fe9cc500000-7fe9cc504000 ---p 00000000 00:00 0 
7fe9cc504000-7fe9cc600000 rw-p 00000000 00:00 0 
7fe9cc700000-7fe9cc704000 ---p 00000000 00:00 0 
7fe9cc704000-7fe9cc800000 rw-p 00000000 00:00 0 
7fe9cc900000-7fe9cc904000 ---p 00000000 00:00 0 
7fe9cc904000-7fe9cca00000 rw-p 00000000 00:00 0 
7fe9ccb00000-7fe9ccb04000 ---p 00000000 00:00 0 
7fe9ccb04000-7fe9ccc00000 rw-p 00000000 00:00 0 
7fe9ccd00000-7fe9ccd04000 ---p 00000000 00:00 0 
7fe9ccd04000-7fe9cce00000 rw-p 00000000 00:00 0 
7fe9ccf00000-7fe9ccf04000 ---p 00000000 00:00 0 
7fe9ccf04000-7fe9cd000000 rw-p 00000000 00:00 0 
7fe9cd100000-7fe9cd104000 ---p 00000000 00:00 0 
7fe9cd104000-7fe9cd200000 rw-p 00000000 00:00 0 
7fe9cd300000-7fe9cd304000 ---p 00000000 00:00 0 
7fe9cd304000-7fe9cd400000 rw-p 00000000 00:00 0 
7fe9cd500000-7fe9cd504000 ---p 00000000 00:00 0 
7fe9cd504000-7fe9cd600000 rw-p 00000000 00:00 0 
7fe9cd700000-7fe9cd704000 ---p 00000000 00:00 0 
7fe9cd704000-7fe9cd800000 rw-p 00000000 00:00 0 
7fe9cd900000-7fe9cd904000 ---p 00000000 00:00 0 
7fe9cd904000-7fe9cda00000 rw-p 00000000 00:00 0 
7fe9cdb00000-7fe9cdb04000 ---p 00000000 00:00 0 
7fe9cdb04000-7fe9cdc00000 rw-p 00000000 00:00 0 
7fe9cdc00000-7fe9cfd6a000 r-xp 00000000 00:fd0 9223372037562577944       /nix/store/gpxl5qgg8kicmcvivwmybwjlpf7wh20l-graalvm17-ce-22.3.0/lib/libjvmcicompiler.so
7fe9cfd6a000-7fe9cff69000 ---p 0216a000 00:fd0 9223372037562577944       /nix/store/gpxl5qgg8kicmcvivwmybwjlpf7wh20l-graalvm17-ce-22.3.0/lib/libjvmcicompiler.so
7fe9cff69000-7fe9cff6a000 r--p 02169000 00:fd0 9223372037562577944       /nix/store/gpxl5qgg8kicmcvivwmybwjlpf7wh20l-graalvm17-ce-22.3.0/lib/libjvmcicompiler.so
7fe9cff6a000-7fe9cff6c000 rw-p 0216a000 00:fd0 9223372037562577944       /nix/store/gpxl5qgg8kicmcvivwmybwjlpf7wh20l-graalvm17-ce-22.3.0/lib/libjvmcicompiler.so
7fe9cff6c000-7fe9cff6d000 rw-p 00000000 00:00 0 
7fe9cff6d000-7fe9cff72000 rw-p 023c3000 00:fd0 9223372037562577944       /nix/store/gpxl5qgg8kicmcvivwmybwjlpf7wh20l-graalvm17-ce-22.3.0/lib/libjvmcicompiler.so
7fe9d0000000-7fe9d0021000 rw-p 00000000 00:00 0 
7fe9d0021000-7fe9d4000000 ---p 00000000 00:00 0 
7fe9d4000000-7fe9d4021000 rw-p 00000000 00:00 0 
7fe9d4021000-7fe9d8000000 ---p 00000000 00:00 0 
7fe9d8000000-7fe9d8021000 rw-p 00000000 00:00 0 
7fe9d8021000-7fe9dc000000 ---p 00000000 00:00 0 
7fe9dc000000-7fe9dc021000 rw-p 00000000 00:00 0 
7fe9dc021000-7fe9e0000000 ---p 00000000 00:00 0 
7fe9e0000000-7fe9e00de000 rw-p 00000000 00:00 0 
7fe9e00de000-7fe9e4000000 ---p 00000000 00:00 0 
7fe9e4000000-7fe9e4b69000 rw-p 00000000 00:00 0 
7fe9e4b69000-7fe9e8000000 ---p 00000000 00:00 0 
7fe9e8000000-7fe9e8021000 rw-p 00000000 00:00 0 
7fe9e8021000-7fe9ec000000 ---p 00000000 00:00 0 
7fe9ec000000-7fe9ec021000 rw-p 00000000 00:00 0 
7fe9ec021000-7fe9f0000000 ---p 00000000 00:00 0 
7fe9f0000000-7fe9f0021000 rw-p 00000000 00:00 0 
7fe9f0021000-7fe9f4000000 ---p 00000000 00:00 0 
7fe9f4000000-7fe9f4021000 rw-p 00000000 00:00 0 
7fe9f4021000-7fe9f8000000 ---p 00000000 00:00 0 
7fe9f8000000-7fe9f8021000 rw-p 00000000 00:00 0 
7fe9f8021000-7fe9fc000000 ---p 00000000 00:00 0 
7fe9fc000000-7fe9fc021000 rw-p 00000000 00:00 0 
7fe9fc021000-7fea00000000 ---p 00000000 00:00 0 
7fea00000000-7fea00064000 rw-p 00000000 00:00 0 
7fea00064000-7fea04000000 ---p 00000000 00:00 0 
7fea04000000-7fea04004000 ---p 00000000 00:00 0 
7fea04004000-7fea04100000 rw-p 00000000 00:00 0 
7fea04200000-7fea04204000 ---p 00000000 00:00 0 
7fea04204000-7fea04300000 rw-p 00000000 00:00 0 
7fea04968000-7fea04e00000 rw-p 00000000 00:00 0 
7fea04f00000-7fea04f04000 ---p 00000000 00:00 0 
7fea04f04000-7fea05000000 rw-p 00000000 00:00 0 
7fea05000000-7fea05004000 ---p 00000000 00:00 0 
7fea05004000-7fea05100000 rw-p 00000000 00:00 0 
7fea05100000-7fea05104000 ---p 00000000 00:00 0 
7fea05104000-7fea05200000 rw-p 00000000 00:00 0 
7fea05300000-7fea05304000 ---p 00000000 00:00 0 
7fea05304000-7fea05400000 rw-p 00000000 00:00 0 
7fea05418000-7fea0541c000 ---p 00000000 00:00 0 
7fea0541c000-7fea05518000 rw-p 00000000 00:00 0 
7fea05518000-7fea05519000 ---p 00000000 00:00 0 
7fea05519000-7fea0561a000 rw-p 00000000 00:00 0 
7fea0561a000-7fea0561e000 ---p 00000000 00:00 0 
7fea0561e000-7fea0571a000 rw-p 00000000 00:00 0 
7fea0571a000-7fea0571e000 ---p 00000000 00:00 0 
7fea0571e000-7fea0581a000 rw-p 00000000 00:00 0 
7fea0581a000-7fea0581e000 ---p 00000000 00:00 0 
7fea0581e000-7fea0591a000 rw-p 00000000 00:00 0 
7fea0591a000-7fea0591e000 ---p 00000000 00:00 0 
7fea0591e000-7fea05b1a000 rw-p 00000000 00:00 0 
7fea05b1a000-7fea05b1e000 ---p 00000000 00:00 0 
7fea05b1e000-7fea05d1a000 rw-p 00000000 00:00 0 
7fea05d1a000-7fea05d1e000 ---p 00000000 00:00 0 
7fea05d1e000-7fea05e1a000 rw-p 00000000 00:00 0 
7fea05e1a000-7fea05e1e000 ---p 00000000 00:00 0 
7fea05e1e000-7fea05f1a000 rw-p 00000000 00:00 0 
7fea05f1a000-7fea05f1e000 ---p 00000000 00:00 0 
7fea05f1e000-7fea0601a000 rw-p 00000000 00:00 0 
7fea0601a000-7fea06300000 r--p 00000000 00:f9d 28444448                  /usr/lib/locale/locale-archive
7fea06300000-7fea06304000 ---p 00000000 00:00 0 
7fea06304000-7fea06800000 rw-p 00000000 00:00 0 
7fea06800000-7fea06b00000 rw-p 00000000 00:00 0 
7fea06b00000-7fea06c00000 rw-p 00000000 00:00 0 
7fea06cdc000-7fea06ce0000 ---p 00000000 00:00 0 
7fea06ce0000-7fea06ddc000 rw-p 00000000 00:00 0 
7fea06ddc000-7fea06ddd000 ---p 00000000 00:00 0 
7fea06ddd000-7fea06ede000 rw-p 00000000 00:00 0 
7fea06ede000-7fea06fac000 r-xp 00000000 00:fd0 9223372037562577940       /nix/store/gpxl5qgg8kicmcvivwmybwjlpf7wh20l-graalvm17-ce-22.3.0/lib/libjsvml.so
7fea06fac000-7fea06fad000 r--p 000cd000 00:fd0 9223372037562577940       /nix/store/gpxl5qgg8kicmcvivwmybwjlpf7wh20l-graalvm17-ce-22.3.0/lib/libjsvml.so
7fea06fad000-7fea06fae000 rw-p 000ce000 00:fd0 9223372037562577940       /nix/store/gpxl5qgg8kicmcvivwmybwjlpf7wh20l-graalvm17-ce-22.3.0/lib/libjsvml.so
7fea06fae000-7fea074b3000 rw-p 00000000 00:00 0 
7fea074b3000-7fea07723000 rwxp 00000000 00:00 0 
7fea07723000-7fea07a42000 ---p 00000000 00:00 0 
7fea07a42000-7fea08842000 rwxp 00000000 00:00 0 
7fea08842000-7fea0ef7a000 ---p 00000000 00:00 0 
7fea0ef7a000-7fea0f1ea000 rwxp 00000000 00:00 0 
7fea0f1ea000-7fea164b3000 ---p 00000000 00:00 0 
7fea164b3000-7fea20000000 r--s 00000000 00:fd0 9223372037562580485       /nix/store/gpxl5qgg8kicmcvivwmybwjlpf7wh20l-graalvm17-ce-22.3.0/lib/modules
7fea20000000-7fea20629000 rw-p 00000000 00:00 0 
7fea20629000-7fea24000000 ---p 00000000 00:00 0 
7fea24064000-7fea24066000 r-xp 00000000 00:fd0 9223372037562577921       /nix/store/gpxl5qgg8kicmcvivwmybwjlpf7wh20l-graalvm17-ce-22.3.0/lib/libextnet.so
7fea24066000-7fea24067000 r--p 00001000 00:fd0 9223372037562577921       /nix/store/gpxl5qgg8kicmcvivwmybwjlpf7wh20l-graalvm17-ce-22.3.0/lib/libextnet.so
7fea24067000-7fea24068000 rw-p 00002000 00:fd0 9223372037562577921       /nix/store/gpxl5qgg8kicmcvivwmybwjlpf7wh20l-graalvm17-ce-22.3.0/lib/libextnet.so
7fea24068000-7fea24069000 rw-p 00004000 00:fd0 9223372037562577921       /nix/store/gpxl5qgg8kicmcvivwmybwjlpf7wh20l-graalvm17-ce-22.3.0/lib/libextnet.so
7fea24069000-7fea2406d000 ---p 00000000 00:00 0 
7fea2406d000-7fea2408b000 rw-p 00000000 00:00 0 
7fea2408b000-7fea24092000 r-xp 00000000 00:fd0 9223372037562580484       /nix/store/gpxl5qgg8kicmcvivwmybwjlpf7wh20l-graalvm17-ce-22.3.0/lib/libzip.so
7fea24092000-7fea24093000 ---p 00007000 00:fd0 9223372037562580484       /nix/store/gpxl5qgg8kicmcvivwmybwjlpf7wh20l-graalvm17-ce-22.3.0/lib/libzip.so
7fea24093000-7fea24094000 r--p 00007000 00:fd0 9223372037562580484       /nix/store/gpxl5qgg8kicmcvivwmybwjlpf7wh20l-graalvm17-ce-22.3.0/lib/libzip.so
7fea24094000-7fea24095000 rw-p 00008000 00:fd0 9223372037562580484       /nix/store/gpxl5qgg8kicmcvivwmybwjlpf7wh20l-graalvm17-ce-22.3.0/lib/libzip.so
7fea24095000-7fea24097000 rw-p 0000b000 00:fd0 9223372037562580484       /nix/store/gpxl5qgg8kicmcvivwmybwjlpf7wh20l-graalvm17-ce-22.3.0/lib/libzip.so
7fea24097000-7fea240ac000 r-xp 00000000 00:fd0 9223372037562580474       /nix/store/gpxl5qgg8kicmcvivwmybwjlpf7wh20l-graalvm17-ce-22.3.0/lib/libnet.so
7fea240ac000-7fea240ad000 ---p 00015000 00:fd0 9223372037562580474       /nix/store/gpxl5qgg8kicmcvivwmybwjlpf7wh20l-graalvm17-ce-22.3.0/lib/libnet.so
7fea240ad000-7fea240ae000 r--p 00015000 00:fd0 9223372037562580474       /nix/store/gpxl5qgg8kicmcvivwmybwjlpf7wh20l-graalvm17-ce-22.3.0/lib/libnet.so
7fea240ae000-7fea240af000 rw-p 00016000 00:fd0 9223372037562580474       /nix/store/gpxl5qgg8kicmcvivwmybwjlpf7wh20l-graalvm17-ce-22.3.0/lib/libnet.so
7fea240af000-7fea240b2000 rw-p 0001b000 00:fd0 9223372037562580474       /nix/store/gpxl5qgg8kicmcvivwmybwjlpf7wh20l-graalvm17-ce-22.3.0/lib/libnet.so
7fea240b2000-7fea240c5000 r-xp 00000000 00:fd0 9223372037562580475       /nix/store/gpxl5qgg8kicmcvivwmybwjlpf7wh20l-graalvm17-ce-22.3.0/lib/libnio.so
7fea240c5000-7fea240c6000 r--p 00012000 00:fd0 9223372037562580475       /nix/store/gpxl5qgg8kicmcvivwmybwjlpf7wh20l-graalvm17-ce-22.3.0/lib/libnio.so
7fea240c6000-7fea240c7000 rw-p 00013000 00:fd0 9223372037562580475       /nix/store/gpxl5qgg8kicmcvivwmybwjlpf7wh20l-graalvm17-ce-22.3.0/lib/libnio.so
7fea240c7000-7fea240cc000 rw-p 00019000 00:fd0 9223372037562580475       /nix/store/gpxl5qgg8kicmcvivwmybwjlpf7wh20l-graalvm17-ce-22.3.0/lib/libnio.so
7fea240cc000-7fea2549f000 rw-p 00000000 00:00 0 
7fea2549f000-7fea254a0000 ---p 00000000 00:00 0 
7fea254a0000-7fea2564b000 rw-p 00000000 00:00 0 
7fea2564b000-7fea25664000 rw-p 00000000 00:00 0 
7fea25664000-7fea256a1000 ---p 00000000 00:00 0 
7fea256a1000-7fea256a7000 rw-p 00000000 00:00 0 
7fea256a7000-7fea2578d000 ---p 00000000 00:00 0 
7fea2578d000-7fea257a9000 rw-p 00000000 00:00 0 
7fea257a9000-7fea25878000 ---p 00000000 00:00 0 
7fea25878000-7fea2587d000 rw-p 00000000 00:00 0 
7fea2587d000-7fea25884000 ---p 00000000 00:00 0 
7fea25884000-7fea258a8000 r-xp 00000000 00:fd0 9223372037562577932       /nix/store/gpxl5qgg8kicmcvivwmybwjlpf7wh20l-graalvm17-ce-22.3.0/lib/libjava.so
7fea258a8000-7fea258a9000 ---p 00024000 00:fd0 9223372037562577932       /nix/store/gpxl5qgg8kicmcvivwmybwjlpf7wh20l-graalvm17-ce-22.3.0/lib/libjava.so
7fea258a9000-7fea258aa000 r--p 00024000 00:fd0 9223372037562577932       /nix/store/gpxl5qgg8kicmcvivwmybwjlpf7wh20l-graalvm17-ce-22.3.0/lib/libjava.so
7fea258aa000-7fea258ab000 rw-p 00025000 00:fd0 9223372037562577932       /nix/store/gpxl5qgg8kicmcvivwmybwjlpf7wh20l-graalvm17-ce-22.3.0/lib/libjava.so
7fea258ab000-7fea258ac000 rw-p 00000000 00:00 0 
7fea258ac000-7fea258b3000 rw-p 0002f000 00:fd0 9223372037562577932       /nix/store/gpxl5qgg8kicmcvivwmybwjlpf7wh20l-graalvm17-ce-22.3.0/lib/libjava.so
7fea258b3000-7fea258bb000 rw-s 00000000 00:1e4 350                       /tmp/hsperfdata_runner/29
7fea258bb000-7fea258bc000 ---p 00000000 00:00 0 
7fea258bc000-7fea258bd000 r--p 00000000 00:00 0 
7fea258bd000-7fea258be000 rwxp 00000000 00:00 0 
7fea258be000-7fea258d9000 r-xp 00000000 00:fd0 9223372037562577936       /nix/store/gpxl5qgg8kicmcvivwmybwjlpf7wh20l-graalvm17-ce-22.3.0/lib/libjimage.so
7fea258d9000-7fea258da000 ---p 0001b000 00:fd0 9223372037562577936       /nix/store/gpxl5qgg8kicmcvivwmybwjlpf7wh20l-graalvm17-ce-22.3.0/lib/libjimage.so
7fea258da000-7fea258dc000 r--p 0001b000 00:fd0 9223372037562577936       /nix/store/gpxl5qgg8kicmcvivwmybwjlpf7wh20l-graalvm17-ce-22.3.0/lib/libjimage.so
7fea258dc000-7fea258dd000 rw-p 0001d000 00:fd0 9223372037562577936       /nix/store/gpxl5qgg8kicmcvivwmybwjlpf7wh20l-graalvm17-ce-22.3.0/lib/libjimage.so
7fea258dd000-7fea258de000 rw-p 00024000 00:fd0 9223372037562577936       /nix/store/gpxl5qgg8kicmcvivwmybwjlpf7wh20l-graalvm17-ce-22.3.0/lib/libjimage.so
7fea258de000-7fea258e2000 ---p 00000000 00:00 0 
7fea258e2000-7fea259de000 rw-p 00000000 00:00 0 
7fea259de000-7fea259ec000 r--p 00000000 00:fd0 9223372037455367831       /nix/store/4nlgxhb09sdr51nc9hdm8az5b08vzkgx-glibc-2.35-163/lib/libm.so.6
7fea259ec000-7fea25a5f000 r-xp 0000e000 00:fd0 9223372037455367831       /nix/store/4nlgxhb09sdr51nc9hdm8az5b08vzkgx-glibc-2.35-163/lib/libm.so.6
7fea25a5f000-7fea25abc000 r--p 00081000 00:fd0 9223372037455367831       /nix/store/4nlgxhb09sdr51nc9hdm8az5b08vzkgx-glibc-2.35-163/lib/libm.so.6
7fea25abc000-7fea25abd000 r--p 000dd000 00:fd0 9223372037455367831       /nix/store/4nlgxhb09sdr51nc9hdm8az5b08vzkgx-glibc-2.35-163/lib/libm.so.6
7fea25abd000-7fea25abe000 rw-p 000de000 00:fd0 9223372037455367831       /nix/store/4nlgxhb09sdr51nc9hdm8az5b08vzkgx-glibc-2.35-163/lib/libm.so.6
7fea25abe000-7fea25abf000 r--p 00000000 00:fd0 9223372037455367850       /nix/store/4nlgxhb09sdr51nc9hdm8az5b08vzkgx-glibc-2.35-163/lib/librt.so.1
7fea25abf000-7fea25ac0000 r-xp 00001000 00:fd0 9223372037455367850       /nix/store/4nlgxhb09sdr51nc9hdm8az5b08vzkgx-glibc-2.35-163/lib/librt.so.1
7fea25ac0000-7fea25ac1000 r--p 00002000 00:fd0 9223372037455367850       /nix/store/4nlgxhb09sdr51nc9hdm8az5b08vzkgx-glibc-2.35-163/lib/librt.so.1
7fea25ac1000-7fea25ac2000 r--p 00002000 00:fd0 9223372037455367850       /nix/store/4nlgxhb09sdr51nc9hdm8az5b08vzkgx-glibc-2.35-163/lib/librt.so.1
7fea25ac2000-7fea25ac3000 rw-p 00003000 00:fd0 9223372037455367850       /nix/store/4nlgxhb09sdr51nc9hdm8az5b08vzkgx-glibc-2.35-163/lib/librt.so.1
7fea25ac3000-7fea26bd6000 r-xp 00000000 00:fd0 9223372037562748770       /nix/store/gpxl5qgg8kicmcvivwmybwjlpf7wh20l-graalvm17-ce-22.3.0/lib/server/libjvm.so
7fea26bd6000-7fea26bd7000 ---p 01113000 00:fd0 9223372037562748770       /nix/store/gpxl5qgg8kicmcvivwmybwjlpf7wh20l-graalvm17-ce-22.3.0/lib/server/libjvm.so
7fea26bd7000-7fea26c8c000 r--p 01113000 00:fd0 9223372037562748770       /nix/store/gpxl5qgg8kicmcvivwmybwjlpf7wh20l-graalvm17-ce-22.3.0/lib/server/libjvm.so
7fea26c8c000-7fea26cc0000 rw-p 011c8000 00:fd0 9223372037562748770       /nix/store/gpxl5qgg8kicmcvivwmybwjlpf7wh20l-graalvm17-ce-22.3.0/lib/server/libjvm.so
7fea26cc0000-7fea26d1c000 rw-p 00000000 00:00 0 
7fea26d1c000-7fea26d44000 r--p 00000000 00:fd0 9223372037455367822       /nix/store/4nlgxhb09sdr51nc9hdm8az5b08vzkgx-glibc-2.35-163/lib/libc.so.6
7fea26d44000-7fea26eba000 r-xp 00028000 00:fd0 9223372037455367822       /nix/store/4nlgxhb09sdr51nc9hdm8az5b08vzkgx-glibc-2.35-163/lib/libc.so.6
7fea26eba000-7fea26f12000 r--p 0019e000 00:fd0 9223372037455367822       /nix/store/4nlgxhb09sdr51nc9hdm8az5b08vzkgx-glibc-2.35-163/lib/libc.so.6
7fea26f12000-7fea26f16000 r--p 001f6000 00:fd0 9223372037455367822       /nix/store/4nlgxhb09sdr51nc9hdm8az5b08vzkgx-glibc-2.35-163/lib/libc.so.6
7fea26f16000-7fea26f18000 rw-p 001fa000 00:fd0 9223372037455367822       /nix/store/4nlgxhb09sdr51nc9hdm8az5b08vzkgx-glibc-2.35-163/lib/libc.so.6
7fea26f18000-7fea26f27000 rw-p 00000000 00:00 0 
7fea26f27000-7fea26f28000 r--p 00000000 00:fd0 9223372037455367827       /nix/store/4nlgxhb09sdr51nc9hdm8az5b08vzkgx-glibc-2.35-163/lib/libdl.so.2
7fea26f28000-7fea26f29000 r-xp 00001000 00:fd0 9223372037455367827       /nix/store/4nlgxhb09sdr51nc9hdm8az5b08vzkgx-glibc-2.35-163/lib/libdl.so.2
7fea26f29000-7fea26f2a000 r--p 00002000 00:fd0 9223372037455367827       /nix/store/4nlgxhb09sdr51nc9hdm8az5b08vzkgx-glibc-2.35-163/lib/libdl.so.2
7fea26f2a000-7fea26f2b000 r--p 00002000 00:fd0 9223372037455367827       /nix/store/4nlgxhb09sdr51nc9hdm8az5b08vzkgx-glibc-2.35-163/lib/libdl.so.2
7fea26f2b000-7fea26f2c000 rw-p 00003000 00:fd0 9223372037455367827       /nix/store/4nlgxhb09sdr51nc9hdm8az5b08vzkgx-glibc-2.35-163/lib/libdl.so.2
7fea26f2c000-7fea26f2d000 r--p 00000000 00:fd0 9223372037455367846       /nix/store/4nlgxhb09sdr51nc9hdm8az5b08vzkgx-glibc-2.35-163/lib/libpthread.so.0
7fea26f2d000-7fea26f2e000 r-xp 00001000 00:fd0 9223372037455367846       /nix/store/4nlgxhb09sdr51nc9hdm8az5b08vzkgx-glibc-2.35-163/lib/libpthread.so.0
7fea26f2e000-7fea26f2f000 r--p 00002000 00:fd0 9223372037455367846       /nix/store/4nlgxhb09sdr51nc9hdm8az5b08vzkgx-glibc-2.35-163/lib/libpthread.so.0
7fea26f2f000-7fea26f30000 r--p 00002000 00:fd0 9223372037455367846       /nix/store/4nlgxhb09sdr51nc9hdm8az5b08vzkgx-glibc-2.35-163/lib/libpthread.so.0
7fea26f30000-7fea26f31000 rw-p 00003000 00:fd0 9223372037455367846       /nix/store/4nlgxhb09sdr51nc9hdm8az5b08vzkgx-glibc-2.35-163/lib/libpthread.so.0
7fea26f31000-7fea26f3f000 r-xp 00000000 00:fd0 9223372037562577937       /nix/store/gpxl5qgg8kicmcvivwmybwjlpf7wh20l-graalvm17-ce-22.3.0/lib/libjli.so
7fea26f3f000-7fea26f40000 ---p 0000e000 00:fd0 9223372037562577937       /nix/store/gpxl5qgg8kicmcvivwmybwjlpf7wh20l-graalvm17-ce-22.3.0/lib/libjli.so
7fea26f40000-7fea26f41000 r--p 0000e000 00:fd0 9223372037562577937       /nix/store/gpxl5qgg8kicmcvivwmybwjlpf7wh20l-graalvm17-ce-22.3.0/lib/libjli.so
7fea26f41000-7fea26f42000 rw-p 0000f000 00:fd0 9223372037562577937       /nix/store/gpxl5qgg8kicmcvivwmybwjlpf7wh20l-graalvm17-ce-22.3.0/lib/libjli.so
7fea26f42000-7fea26f43000 rw-p 00012000 00:fd0 9223372037562577937       /nix/store/gpxl5qgg8kicmcvivwmybwjlpf7wh20l-graalvm17-ce-22.3.0/lib/libjli.so
7fea26f43000-7fea26f46000 r--p 00000000 00:fd0 9223372037533597975       /nix/store/026hln0aq1hyshaxsdvhg0kmcm6yf45r-zlib-1.2.13/lib/libz.so.1.2.13
7fea26f46000-7fea26f58000 r-xp 00003000 00:fd0 9223372037533597975       /nix/store/026hln0aq1hyshaxsdvhg0kmcm6yf45r-zlib-1.2.13/lib/libz.so.1.2.13
7fea26f58000-7fea26f5f000 r--p 00015000 00:fd0 9223372037533597975       /nix/store/026hln0aq1hyshaxsdvhg0kmcm6yf45r-zlib-1.2.13/lib/libz.so.1.2.13
7fea26f5f000-7fea26f60000 r--p 0001b000 00:fd0 9223372037533597975       /nix/store/026hln0aq1hyshaxsdvhg0kmcm6yf45r-zlib-1.2.13/lib/libz.so.1.2.13
7fea26f60000-7fea26f61000 rw-p 0001c000 00:fd0 9223372037533597975       /nix/store/026hln0aq1hyshaxsdvhg0kmcm6yf45r-zlib-1.2.13/lib/libz.so.1.2.13
7fea26f61000-7fea26f63000 rw-p 00000000 00:00 0 
7fea26f63000-7fea26f65000 r--p 00000000 00:fd0 9223372037455367816       /nix/store/4nlgxhb09sdr51nc9hdm8az5b08vzkgx-glibc-2.35-163/lib/ld-linux-x86-64.so.2
7fea26f65000-7fea26f8c000 r-xp 00002000 00:fd0 9223372037455367816       /nix/store/4nlgxhb09sdr51nc9hdm8az5b08vzkgx-glibc-2.35-163/lib/ld-linux-x86-64.so.2
7fea26f8c000-7fea26f98000 r--p 00029000 00:fd0 9223372037455367816       /nix/store/4nlgxhb09sdr51nc9hdm8az5b08vzkgx-glibc-2.35-163/lib/ld-linux-x86-64.so.2
7fea26f98000-7fea26f9a000 r--p 00034000 00:fd0 9223372037455367816       /nix/store/4nlgxhb09sdr51nc9hdm8az5b08vzkgx-glibc-2.35-163/lib/ld-linux-x86-64.so.2
7fea26f9a000-7fea26f9c000 rw-p 00036000 00:fd0 9223372037455367816       /nix/store/4nlgxhb09sdr51nc9hdm8az5b08vzkgx-glibc-2.35-163/lib/ld-linux-x86-64.so.2
7fff1f822000-7fff1f846000 rw-p 00000000 00:00 0                          [stack]
7fff1f902000-7fff1f906000 r--p 00000000 00:00 0                          [vvar]
7fff1f906000-7fff1f908000 r-xp 00000000 00:00 0                          [vdso]
ffffffffff600000-ffffffffff601000 --xp 00000000 00:00 0                  [vsyscall]


VM Arguments:
jvm_args: -XX:ThreadPriorityPolicy=1 -XX:+UnlockExperimentalVMOptions -XX:+EnableJVMCIProduct -XX:JVMCIThreadsPerNativeLibraryRuntime=1 -XX:-UnlockExperimentalVMOptions -Declipse.application=org.eclipse.jdt.ls.core.id1 -Dosgi.bundles.defaultStartLevel=4 -Declipse.product=org.eclipse.jdt.ls.core.product -Dlog.level=ALL -Xverify:none -XX:+UseParallelGC -XX:GCTimeRatio=4 -XX:AdaptiveSizePolicyWeight=90 -Dsun.zip.disableMemoryMapping=true -Xmx512m -Xms100m 
java_command: /nix/store/m6gcpi1ii6rghy04cjwjddcavv7i90df-jdt-language-server-1.9.0/share/java/plugins/org.eclipse.equinox.launcher_1.6.400.v20210924-0641.jar --add-modules=ALL-SYSTEM --add-opens java.base/java.util=ALL-UNNAMED --add-opens java.base/java.lang=ALL-UNNAMED -configuration /home/runner/.cache/jdt-language-server/config -data /home/runner/.cache/jdt-language-server/data/home/runner/StudentWalletSkillsUSA
java_class_path (initial): /nix/store/m6gcpi1ii6rghy04cjwjddcavv7i90df-jdt-language-server-1.9.0/share/java/plugins/org.eclipse.equinox.launcher_1.6.400.v20210924-0641.jar
Launcher Type: SUN_STANDARD

[Global flags]
    uintx AdaptiveSizePolicyWeight                 = 90                                        {product} {command line}
     intx CICompilerCount                          = 2                                         {product} {ergonomic}
     bool EnableJVMCIProduct                       = true                                {JVMCI product} {jimage}
    uintx GCTimeRatio                              = 4                                         {product} {command line}
   size_t InitialHeapSize                          = 104857600                                 {product} {command line}
     uint JVMCIThreadsPerNativeLibraryRuntime      = 1                                   {JVMCI product} {jimage}
   size_t MaxHeapSize                              = 536870912                                 {product} {command line}
   size_t MaxNewSize                               = 178782208                                 {product} {ergonomic}
   size_t MinHeapDeltaBytes                        = 524288                                    {product} {ergonomic}
   size_t MinHeapSize                              = 104857600                                 {product} {command line}
   size_t NewSize                                  = 34603008                                  {product} {ergonomic}
    uintx NonNMethodCodeHeapSize                   = 5826188                                {pd product} {ergonomic}
    uintx NonProfiledCodeHeapSize                  = 122916026                              {pd product} {ergonomic}
   size_t OldSize                                  = 70254592                                  {product} {ergonomic}
    uintx ProfiledCodeHeapSize                     = 122916026                              {pd product} {ergonomic}
    uintx ReservedCodeCacheSize                    = 251658240                              {pd product} {ergonomic}
     bool SegmentedCodeCache                       = true                                      {product} {ergonomic}
   size_t SoftMaxHeapSize                          = 536870912                              {manageable} {ergonomic}
     intx ThreadPriorityPolicy                     = 1                                         {product} {jimage}
     bool UseCompressedClassPointers               = true                           {product lp64_product} {ergonomic}
     bool UseCompressedOops                        = true                           {product lp64_product} {ergonomic}
     bool UseParallelGC                            = true                                      {product} {command line}

Logging:
Log output configuration:
 #0: stdout all=warning uptime,level,tags
 #1: stderr all=off uptime,level,tags

Environment Variables:
JAVA_HOME=/nix/store/gpxl5qgg8kicmcvivwmybwjlpf7wh20l-graalvm17-ce-22.3.0
PATH=/nix/store/1d6ian3r8kdzspw8hacjhl3xkp40g1lj-binutils-wrapper-2.39/bin:/nix/store/dq0xwmsk1g0i2ayg6pb7y87na2knzylh-gcc-wrapper-11.3.0/bin:/nix/store/bap4d0lpcrhpwmpb8ayjcgkmvfj62lnq-bash-interactive-5.1-p16/bin:/nix/store/pr5n59mb4jzmfx6kanwxly0l07p861fg-patchelf-0.15.0/bin:/nix/store/1gf2flfqnpqbr1b4p4qz2f72y42bs56r-gcc-11.3.0/bin:/nix/store/57xv61c5zi8pphjbcwxxjlgc34p61ic9-glibc-2.35-163-bin/bin:/nix/store/a7gvj343m05j2s32xcnwr35v31ynlypr-coreutils-9.1/bin:/nix/store/039g378vc3pc3dvi9dzdlrd0i4q93qwf-binutils-2.39/bin:/nix/store/gpxl5qgg8kicmcvivwmybwjlpf7wh20l-graalvm17-ce-22.3.0/bin:/nix/store/6z9ag3ihc8mq2hzsw48lhbznvzny65nz-apache-maven-3.8.6/bin:/nix/store/m6gcpi1ii6rghy04cjwjddcavv7i90df-jdt-language-server-1.9.0/bin:/nix/store/84xs5alhs01zrbr4ywm05kxbjbp5590l-java-debug/bin:/nix/store/mydc6f4k2z73xlcz7ilif3v2lcaiqvza-findutils-4.9.0/bin:/nix/store/j9p3g8472iijd50vhdprx0nmk2fqn5gv-diffutils-3.8/bin:/nix/store/89zs7rms6x00xfq4dq6m7mjnhkr8a6r4-gnused-4.8/bin:/nix/store/86bp03jkmsl6f92w0yzg4s59g5mhxwmy-gnugrep-3.7/bin:/nix/store/hwcdqw4jrjnd37wxqgsd47hd0j8bnj09-gawk-5.1.1/bin:/nix/store/cfbhw8r8ags41vwqaz47r583d0p4h4a1-gnutar-1.34/bin:/nix/store/p3m1ndl1lapwrlh698bnb5lvvxh67378-gzip-1.12/bin:/nix/store/a8mhcagrsly7c7mpjrpsnaahk4aax056-bzip2-1.0.8-bin/bin:/nix/store/mblgz65m3zv9x548a3d5m96fj2pbwr09-gnumake-4.3/bin:/nix/store/dsd5gz46hdbdk2rfdimqddhq6m8m8fqs-bash-5.1-p16/bin:/nix/store/v7ljksji50mg3w61dykaa3n3y79n6nil-patch-2.7.6/bin:/nix/store/zlcnmqq14jz5x9439jf937mvayyl63da-xz-5.2.7-bin/bin:/nix/store/y6aj732zm9m87c82fpvf103a1xb22blp-file-5.43/bin:/nix/store/sgqd0ajghcv2axfl1lad0b1alyavp0dc-prybar-elisp-0.0.0-67f7a00/bin:/nix/store/p3hsvljpgs68jqwar41lc0jqhjj734lf-prybar-lua-0.0.0-67f7a00/bin:/nix/store/qzxs2gybds3s9kb1vkaflpgm2nwr85fh-prybar-python3-0.0.0-67f7a00/bin:/nix/store/km94z9mxp8w4m8gxxp5mbfpdf3nkfvd8-prybar-sqlite-0.0.0-67f7a00/bin:/nix/store/2pnc7b76asw0z59c4l6h6qy8arwqrii1-prybar-tcl-0.0.0-67f7a00/bin:/nix/store/hpbvrlwd5viqmvcaisb3x0118i913a9n-st
LD_LIBRARY_PATH=/nix/store/a4pff549sk2idnkpzk5nsfps3mdkdnvm-cups-2.4.2-lib/lib:/nix/store/72mqxxhh3cy5yifh92wh2yb8cl2hikyy-cairo-1.16.0/lib:/nix/store/2k366jrbsra97gjfxwvrhvixjfxdach5-glib-2.74.1/lib:/nix/store/2j2znigd8ak37rlwh9khz0ry3clqlw1l-gtk+3-3.24.34/lib:/nix/store/hisqvx32cd57apbpcsnkpx6k3549wql1-libglvnd-1.4.0/lib:/nix/store/p36pgcv991mq5srvg765b78yqpxvk3qs-mesa-21.3.3-drivers/lib:/nix/store/mav4251if1ahjq5vkpwycyyvnmy459c4-pulseaudio-14.2/lib
DISPLAY=:0
LANG=en_US.UTF-8

Signal Handlers:
   SIGSEGV: crash_handler in libjvm.so, mask=11100100010111111101111111111110, flags=SA_RESTART|SA_SIGINFO
    SIGBUS: crash_handler in libjvm.so, mask=11100100010111111101111111111110, flags=SA_RESTART|SA_SIGINFO
    SIGFPE: crash_handler in libjvm.so, mask=11100100010111111101111111111110, flags=SA_RESTART|SA_SIGINFO
   SIGPIPE: IsolateEnterStub_IgnoreSIGPIPEStartupHook_noopSignalHandler_8f19bff2f35b5f630d83b364d6b2339320d4ec70_216e8361c6bc87a8f89f58cc10d3b2fd4415bf87 in libjvmcicompiler.so, mask=00000000000000000000000000000000, flags=SA_RESTART
  *** Handler was modified!
  *** Expected: javaSignalHandler in libjvm.so, mask=11100100110111111111111111111110, flags=SA_RESTART|SA_SIGINFO
   SIGXFSZ: javaSignalHandler in libjvm.so, mask=11100100010111111101111111111110, flags=SA_RESTART|SA_SIGINFO
    SIGILL: crash_handler in libjvm.so, mask=11100100010111111101111111111110, flags=SA_RESTART|SA_SIGINFO
   SIGUSR2: SR_handler in libjvm.so, mask=00000000000000000000000000000000, flags=SA_RESTART|SA_SIGINFO
    SIGHUP: UserHandler in libjvm.so, mask=11100100010111111101111111111110, flags=SA_RESTART|SA_SIGINFO
    SIGINT: UserHandler in libjvm.so, mask=11100100010111111101111111111110, flags=SA_RESTART|SA_SIGINFO
   SIGTERM: UserHandler in libjvm.so, mask=11100100010111111101111111111110, flags=SA_RESTART|SA_SIGINFO
   SIGQUIT: UserHandler in libjvm.so, mask=11100100010111111101111111111110, flags=SA_RESTART|SA_SIGINFO
  *** Handler was modified!
  *** Expected: javaSignalHandler in libjvm.so, mask=11100100110111111111111111111110, flags=SA_RESTART|SA_SIGINFO
   SIGTRAP: crash_handler in libjvm.so, mask=11100100010111111101111111111110, flags=SA_RESTART|SA_SIGINFO


---------------  S Y S T E M  ---------------

OS:
DISTRIB_ID=Ubuntu
DISTRIB_RELEASE=20.04
DISTRIB_CODENAME=focal
DISTRIB_DESCRIPTION="Ubuntu 20.04.2 LTS"
uname: Linux 5.15.0-1027-gcp #34~20.04.1-Ubuntu SMP Mon Jan 9 18:40:09 UTC 2023 x86_64
OS uptime: 0 days 7:40 hours
libc: glibc 2.35 NPTL 2.35 
rlimit (soft/hard): STACK 8192k/infinity , CORE infinity/infinity , NPROC infinity/infinity , NOFILE 5242/5242 , AS infinity/infinity , CPU infinity/infinity , DATA infinity/infinity , FSIZE infinity/infinity , MEMLOCK 64k/64k
load average: 10.37 11.26 13.61

/proc/meminfo:
MemTotal:       65852736 kB
MemFree:        30993228 kB
MemAvailable:   49671056 kB
Buffers:         2014956 kB
Cached:         15581200 kB
SwapCached:            0 kB
Active:          8102924 kB
Inactive:       22806348 kB
Active(anon):      13392 kB
Inactive(anon): 13017708 kB
Active(file):    8089532 kB
Inactive(file):  9788640 kB
Unevictable:       43780 kB
Mlocked:           43780 kB
SwapTotal:             0 kB
SwapFree:              0 kB
Dirty:             40440 kB
Writeback:             0 kB
AnonPages:      12528104 kB
Mapped:          2322656 kB
Shmem:             98780 kB
KReclaimable:    1526256 kB
Slab:            2995888 kB
SReclaimable:    1526256 kB
SUnreclaim:      1469632 kB
KernelStack:      400256 kB
PageTables:       142436 kB
NFS_Unstable:          0 kB
Bounce:                0 kB
WritebackTmp:          0 kB
CommitLimit:    32926368 kB
Committed_AS:   62809308 kB
VmallocTotal:   34359738367 kB
VmallocUsed:      441932 kB
VmallocChunk:          0 kB
Percpu:            68160 kB
HardwareCorrupted:     0 kB
AnonHugePages:    518144 kB
ShmemHugePages:        0 kB
ShmemPmdMapped:        0 kB
FileHugePages:         0 kB
FilePmdMapped:         0 kB
HugePages_Total:       0
HugePages_Free:        0
HugePages_Rsvd:        0
HugePages_Surp:        0
Hugepagesize:       2048 kB
Hugetlb:               0 kB
DirectMap4k:     4193088 kB
DirectMap2M:    40892416 kB
DirectMap1G:    24117248 kB

/sys/kernel/mm/transparent_hugepage/enabled: always [madvise] never
/sys/kernel/mm/transparent_hugepage/defrag (defrag/compaction efforts parameter): always defer defer+madvise [madvise] never

Process Memory:
Virtual Size: 4789336K (peak: 4849468K)
Resident Set Size: 735368K (peak: 771492K) (anon: 538268K, file: 197100K, shmem: 0K)
Swapped out: 0K
C-Heap outstanding allocations: 41076K, retained: 12223K
glibc malloc tunables: (default)

/proc/sys/kernel/threads-max (system-wide limit on the number of threads): 514406
/proc/sys/vm/max_map_count (maximum number of memory map areas a process may have): 65530
/proc/sys/kernel/pid_max (system-wide limit on number of process identifiers): 4194304

container (cgroup) information:
container_type: cgroupv1
cpu_cpuset_cpus: 2-7
cpu_memory_nodes: 0
active_processor_count: 1
cpu_quota: 50000
cpu_period: 100000
cpu_shares: 512
memory_limit_in_bytes: 1048576 k
memory_and_swap_limit_in_bytes: 1048576 k
memory_soft_limit_in_bytes: 524288 k
memory_usage_in_bytes: 597396 k
memory_max_usage_in_bytes: 680732 k
maximum number of tasks: 1000
current number of tasks: 67

KVM virtualization detected
Steal ticks since vm start: 0
Steal ticks percentage since vm start:  0.000

CPU: total 8 (initial active 1) (8 cores per cpu, 2 threads per core) family 23 model 49 stepping 0 microcode 0xffffffff, cx8, cmov, fxsr, ht, mmx, 3dnowpref, sse, sse2, sse3, ssse3, sse4a, sse4.1, sse4.2, popcnt, lzcnt, tsc, tscinvbit, avx, avx2, aes, clmul, bmi1, bmi2, adx, sha, fma, vzeroupper, clflush, clflushopt, hv
CPU Model and flags from /proc/cpuinfo:
model name	: AMD EPYC 7B12
flags		: fpu vme de pse tsc msr pae mce cx8 apic sep mtrr pge mca cmov pat pse36 clflush mmx fxsr sse sse2 ht syscall nx mmxext fxsr_opt pdpe1gb rdtscp lm constant_tsc rep_good nopl nonstop_tsc cpuid extd_apicid tsc_known_freq pni pclmulqdq ssse3 fma cx16 sse4_1 sse4_2 movbe popcnt aes xsave avx f16c rdrand hypervisor lahf_lm cmp_legacy cr8_legacy abm sse4a misalignsse 3dnowprefetch osvw topoext ssbd ibrs ibpb stibp vmmcall fsgsbase tsc_adjust bmi1 avx2 smep bmi2 rdseed adx smap clflushopt clwb sha_ni xsaveopt xsavec xgetbv1 clzero xsaveerptr arat npt nrip_save umip rdpid

Online cpus: 0-7
Offline cpus: 
BIOS frequency limitation: <Not Available>
Frequency switch latency (ns): <Not Available>
Available cpu frequencies: <Not Available>
Current governor: <Not Available>
Core performance/turbo boost: <Not Available>

Memory: 4k page, physical 1048576k(451172k free), swap 0k(0k free)
Page Sizes: 4k

vm_info: OpenJDK 64-Bit Server VM (17.0.5+8-jvmci-22.3-b08) for linux-amd64 JRE (17.0.5+8-jvmci-22.3-b08), built on Oct 19 2022 09:01:27 by "buildslave" with gcc 10.3.0

END.
